Current configuration:
[NAME]		[DEFLT]	[VALUE]
-accumdir		/media/abir/Workplace/Thesis/bangla-words/bwaccumdir/bangla_buff_1,
-constE		3.0	3.000000e+00
-dcountfn		
-example	no	no
-fullvar	no	no
-help		no	no
-inmeanfn		
-inmixwfn		
-invarfn		
-meanfn			/media/abir/Workplace/Thesis/bangla-words/model_parameters/bangla.ci_cont/means
-mixwfn			/media/abir/Workplace/Thesis/bangla-words/model_parameters/bangla.ci_cont/mixture_weights
-mmie		no	no
-oaccumdir		
-regmatfn		
-tiedvar	no	no
-tmatfn			/media/abir/Workplace/Thesis/bangla-words/model_parameters/bangla.ci_cont/transition_matrices
-varfn			/media/abir/Workplace/Thesis/bangla-words/model_parameters/bangla.ci_cont/variances

INFO: main.c(207): Reading and accumulating counts from /media/abir/Workplace/Thesis/bangla-words/bwaccumdir/bangla_buff_1
INFO: s3mixw_io.c(117): Read /media/abir/Workplace/Thesis/bangla-words/bwaccumdir/bangla_buff_1/mixw_counts [270x1x1 array]
INFO: s3tmat_io.c(118): Read /media/abir/Workplace/Thesis/bangla-words/bwaccumdir/bangla_buff_1/tmat_counts [90x3x4 array]
INFO: s3gau_io.c(386): Read /media/abir/Workplace/Thesis/bangla-words/bwaccumdir/bangla_buff_1/gauden_counts with means with vars (2pass) [270x1x1 vector arrays]
INFO: main.c(321): -2passvar yes
INFO: main.c(391): Normalizing mean for n_mgau= 270, n_stream= 1, n_density= 1
INFO: main.c(414): Normalizing var
INFO: s3mixw_io.c(233): Wrote /media/abir/Workplace/Thesis/bangla-words/model_parameters/bangla.ci_cont/mixture_weights [270x1x1 array]
INFO: s3tmat_io.c(176): Wrote /media/abir/Workplace/Thesis/bangla-words/model_parameters/bangla.ci_cont/transition_matrices [90x3x4 array]
INFO: s3gau_io.c(228): Wrote /media/abir/Workplace/Thesis/bangla-words/model_parameters/bangla.ci_cont/means [270x1x1 array]
INFO: s3gau_io.c(228): Wrote /media/abir/Workplace/Thesis/bangla-words/model_parameters/bangla.ci_cont/variances [270x1x1 array]
Thu Jan 21 18:26:09 2021
Current Overall Likelihood Per Frame = -152.1932528847
Convergence ratio = 1.64743533280492
