        INFO: main.c(229): Compiled on Dec 16 2020 at 14:37:19
Current configuration:
[NAME]		[DEFLT]		[VALUE]
-2passvar	no		yes
-abeam		1e-100		1.000000e-90
-accumdir			/media/abir/Workplace/Thesis/bangla-words/bwaccumdir/bangla_buff_1
-agc		none		none
-agcthresh	2.0		2.000000e+00
-bbeam		1e-100		1.000000e-10
-cb2mllrfn	.1cls.		.1cls.
-cepdir				/media/abir/Workplace/Thesis/bangla-words/feat
-cepext		mfc		mfc
-ceplen		13		13
-ckptintv			0
-cmn		live		batch
-cmninit	40,3,-1		40,3,-1
-ctlfn				/media/abir/Workplace/Thesis/bangla-words/etc/bangla_train.fileids
-diagfull	no		no
-dictfn				/media/abir/Workplace/Thesis/bangla-words/etc/bangla.dic
-example	no		no
-fdictfn			/media/abir/Workplace/Thesis/bangla-words/etc/bangla.filler
-feat		1s_c_d_dd	1s_c_d_dd
-fullvar	no		no
-help		no		no
-hmmdir				
-latdir				
-latext				
-lda				
-ldadim		0		0
-lsnfn				/media/abir/Workplace/Thesis/bangla-words/etc/bangla_train.transcription
-lw		11.5		1.150000e+01
-maxuttlen	0		0
-meanfn				/media/abir/Workplace/Thesis/bangla-words/model_parameters/bangla.ci_cont/means
-meanreest	yes		yes
-mixwfn				/media/abir/Workplace/Thesis/bangla-words/model_parameters/bangla.ci_cont/mixture_weights
-mixwreest	yes		yes
-mllrmat			
-mmie		no		no
-mmie_type	rand		rand
-moddeffn			/media/abir/Workplace/Thesis/bangla-words/model_architecture/bangla.ci.mdef
-mwfloor	0.00001		1.000000e-08
-npart				1
-nskip				0
-outphsegdir			
-outputfullpath	no		no
-part				1
-pdumpdir			
-phsegdir			
-phsegext	phseg		phseg
-runlen		-1		-1
-sentdir			
-sentext	sent		sent
-spthresh	0.0		0.000000e+00
-svspec				
-timing		yes		no
-tmatfn				/media/abir/Workplace/Thesis/bangla-words/model_parameters/bangla.ci_cont/transition_matrices
-tmatreest	yes		yes
-topn		4		1
-tpfloor	0.0001		1.000000e-04
-ts2cbfn			.cont.
-varfloor	0.00001		1.000000e-04
-varfn				/media/abir/Workplace/Thesis/bangla-words/model_parameters/bangla.ci_cont/variances
-varnorm	no		no
-varreest	yes		yes
-viterbi	no		no

INFO: feat.c(715): Initializing feature stream to type: '1s_c_d_dd', ceplen=13, CMN='batch', VARNORM='no', AGC='none'
INFO: main.c(318): Reading /media/abir/Workplace/Thesis/bangla-words/model_architecture/bangla.ci.mdef
INFO: model_def_io.c(573): Model definition info:
INFO: model_def_io.c(574): 90 total models defined (90 base, 0 tri)
INFO: model_def_io.c(575): 360 total states
INFO: model_def_io.c(576): 270 total tied states
INFO: model_def_io.c(577): 270 total tied CI states
INFO: model_def_io.c(578): 90 total tied transition matrices
INFO: model_def_io.c(579): 4 max state/model
INFO: model_def_io.c(580): 4 min state/model
INFO: s3mixw_io.c(117): Read /media/abir/Workplace/Thesis/bangla-words/model_parameters/bangla.ci_cont/mixture_weights [270x1x1 array]
INFO: s3tmat_io.c(118): Read /media/abir/Workplace/Thesis/bangla-words/model_parameters/bangla.ci_cont/transition_matrices [90x3x4 array]
INFO: mod_inv.c(301): inserting tprob floor 1.000000e-04 and renormalizing
INFO: s3gau_io.c(169): Read /media/abir/Workplace/Thesis/bangla-words/model_parameters/bangla.ci_cont/means [270x1x1 array]
INFO: s3gau_io.c(169): Read /media/abir/Workplace/Thesis/bangla-words/model_parameters/bangla.ci_cont/variances [270x1x1 array]
INFO: gauden.c(176): 270 total mgau
INFO: gauden.c(150): 1 feature streams (|0|=39 )
INFO: gauden.c(187): 1 total densities
INFO: gauden.c(90): min_var=1.000000e-04
INFO: gauden.c(165): compute 1 densities/frame
INFO: main.c(431): Will reestimate mixing weights.
INFO: main.c(433): Will reestimate means.
INFO: main.c(435): Will reestimate variances.
INFO: main.c(443): Will reestimate transition matrices
INFO: main.c(456): Reading main dictionary: /media/abir/Workplace/Thesis/bangla-words/etc/bangla.dic
INFO: lexicon.c(221): 89 entries added from /media/abir/Workplace/Thesis/bangla-words/etc/bangla.dic
INFO: main.c(466): Reading filler dictionary: /media/abir/Workplace/Thesis/bangla-words/etc/bangla.filler
INFO: lexicon.c(221): 3 entries added from /media/abir/Workplace/Thesis/bangla-words/etc/bangla.filler
INFO: corpus.c(1062): Will process all remaining utts starting at 0
INFO: main.c(665): Reestimation: Baum-Welch
INFO: cmn.c(133): CMN: 116.14 -12.75 -1.19 -2.09 -2.42 -0.02 -7.09 -2.01 -1.78 -7.22 -2.33 -4.65  5.27 
column defns
	<seq>
	<id>
	<n_frame_in>
	<n_frame_del>
	<n_state_shmm>
	<avg_states_alpha>
	<avg_states_beta>
	<avg_states_reest>
	<avg_posterior_prune>
	<frame_log_lik>
	<utt_log_lik>
	... timing info ... 
utt>     0                  abir_aam   33    0INFO: cvt2triphone.c(199): no multiphones defined, no conversion done
    12 10  3 6 1.609206e-12 -1.455061e+02 -4.801700e+03
INFO: cmn.c(133): CMN: 62.32  6.95 -10.38 -15.10  1.72 14.74 -7.79  8.03  4.78 -1.30 -1.96 -0.26 12.96 
utt>     1                abir_aam01  104    0    12 7  1 1 1.894247e-12 -1.502591e+02 -1.562694e+04
INFO: cmn.c(133): CMN: 64.82 13.15 -9.22 -14.01  4.82 11.19 -4.88 15.32  3.02 -0.56 -3.75 -7.16  7.35 
utt>     2                abir_aam02   87    0    12 7  1 3 3.411139e-12 -1.479054e+02 -1.286777e+04
INFO: cmn.c(133): CMN: 114.51 -10.48 -0.53  3.22  3.38 -0.97  1.22  1.17 -4.32 -5.17 -8.69 -14.34 -12.55 
utt>     3                tonmoy_aam   44    0    12 10  2 4 3.115767e-12 -1.452681e+02 -6.391795e+03
INFO: cmn.c(133): CMN: 116.45 -12.25 -2.29 -0.48  0.01 -2.98 -3.88  1.89 -1.32  0.45  6.93  4.07  9.54 
utt>     4                towsic_aam   29    0    12 10  2 4 7.233886e-12 -1.483420e+02 -4.301917e+03
INFO: cmn.c(133): CMN: 116.56 -15.58 -3.54 -0.52  0.39 -4.51 -1.21 -0.36 -2.85  1.61  3.54 -4.01  1.18 
utt>     5                  abir_aat   37    0    12 10  3 6 5.829055e-12 -1.481884e+02 -5.482973e+03
INFO: cmn.c(133): CMN: 63.16  2.37 -22.18 -11.83 -9.77 14.28  3.66 11.55  3.94 -16.95 -8.45 -6.08  1.00 
utt>     6                abir_aat01   95    0    12 7  1 2 2.096077e-12 -1.530816e+02 -1.454275e+04
INFO: cmn.c(133): CMN: 61.85  9.58 -9.51 -13.04 -6.41  5.19  2.87 19.31  0.28 -10.54 -2.31 -5.87 -3.18 
utt>     7                abir_aat02   76    0    12 7  1 3 1.787264e-12 -1.508500e+02 -1.146460e+04
INFO: cmn.c(133): CMN: 113.89 -13.57  2.27 -0.57  2.96  0.33 -1.54  0.79 -4.37 -2.68 -6.13 -6.23 -9.36 
utt>     8                tonmoy_aat   47    0    12 10  2 5 7.598258e-12 -1.466627e+02 -6.893146e+03
INFO: cmn.c(133): CMN: 116.78 -15.20 -0.22  3.04  6.04  2.62 -2.54  5.36 -0.11  6.70  1.70  5.46  9.23 
utt>     9                towsic_aat   24    0    12 9  4 8 7.089136e-12 -1.498878e+02 -3.597307e+03
INFO: cmn.c(133): CMN: 116.54 -11.33 -3.39 -2.45 -4.64 -4.13 -8.94 -3.33 -3.67 -5.29  1.81  5.01  2.78 
utt>    10                abir_angur   33    0    12 10  5 10 9.970965e-12 -1.490389e+02 -4.918285e+03
INFO: cmn.c(133): CMN: 65.48 19.12 -8.45 -5.74  0.61 13.02 -12.63 -6.50 -11.41 -12.79 -6.16 -5.86  5.21 
utt>    11              abir_angur01   96    0    12 7  1 2 2.679117e-12 -1.543310e+02 -1.481578e+04
INFO: cmn.c(133): CMN: 63.03 12.97  3.58 -1.36  8.89 20.01  0.16  7.51 -10.97 -9.92 -8.33 -8.40  3.08 
utt>    12              abir_angur02   91    0    12 8  1 2 1.791151e-12 -1.530119e+02 -1.392408e+04
INFO: cmn.c(133): CMN: 113.75 -9.62  1.60  2.12  4.90  0.92 -0.95 -7.44 -10.83 -10.49 -16.58 -17.42 -11.29 
utt>    13              tonmoy_angur   44    0    12 10  2 5 4.200618e-12 -1.495312e+02 -6.579373e+03
INFO: cmn.c(133): CMN: 115.34 -10.79 -0.72  0.11  0.92 -0.50 -2.02  1.65  5.03  5.17 10.48 12.96  9.70 
utt>    14              towsic_angur   36    0    12 10  2 5 8.390341e-12 -1.511824e+02 -5.442567e+03
INFO: cmn.c(133): CMN: 114.08 -12.25 -1.86 -2.05  0.51 -2.13 -0.69 -2.38 -2.04 -1.09  0.44 -1.78  0.65 
utt>    15                 abir_apel   74    0    12 10  2 4 4.678961e-12 -1.501008e+02 -1.110746e+04
INFO: cmn.c(133): CMN: 62.48  6.83 -7.50  7.96 -7.80  5.37 -0.16  2.17 -1.65 -2.50 -2.07 -1.17  9.76 
utt>    16               abir_apel01  123    0    12 8  1 2 2.573023e-12 -1.510224e+02 -1.857576e+04
INFO: cmn.c(133): CMN: 61.42  9.83  8.30  7.83 -4.23  5.02  3.17  2.42 -6.02 -9.67 -4.66 -4.34  6.82 
utt>    17               abir_apel02  100    0    12 7  1 2 1.148621e-12 -1.499728e+02 -1.499728e+04
INFO: cmn.c(133): CMN: 114.70 -9.53 -0.14  0.56  3.00  0.88  2.01  2.71 -4.56 -3.22 -8.04 -8.69 -9.31 
utt>    18               tonmoy_apel   43    0    12 10  2 4 5.593030e-12 -1.537972e+02 -6.613282e+03
INFO: cmn.c(133): CMN: 115.92 -11.96 -3.96 -4.69  1.99 -3.30 -1.23  0.45 -3.33 -0.50  4.43  3.24  3.17 
utt>    19               towsic_apel   36    0    12 10  2 5 3.515182e-12 -1.503165e+02 -5.411392e+03
INFO: cmn.c(133): CMN: 116.54 -16.07 -5.15  0.36  5.63 -2.65 -4.67  1.51 -1.57 -1.16 -3.50 -3.66  7.03 
utt>    20                 abir_asha   33    0    12 10  3 6 5.222225e-12 -1.456999e+02 -4.808095e+03
INFO: cmn.c(133): CMN: 69.93  2.02 -22.78 -21.31  0.26  3.46  1.27 18.14 -1.76 -10.91 -6.57  4.80  6.79 
utt>    21               abir_asha01   97    0    12 7  1 2 9.111218e-13 -1.534139e+02 -1.488115e+04
INFO: cmn.c(133): CMN: 62.86  4.41 -7.21 -15.50 -1.27 -2.05 12.25 17.76  2.38 -8.95 -6.09 -2.33  0.82 
utt>    22               abir_asha02  104    0    12 8  1 2 3.002296e-12 -1.506255e+02 -1.566506e+04
INFO: cmn.c(133): CMN: 114.38 -11.45  1.63  2.35  3.27 -1.61  5.06 -0.45 -5.90  1.66 -6.18 -5.12 -4.08 
utt>    23               tonmoy_asha   48    0    12 10  2 4 6.775555e-12 -1.490813e+02 -7.155901e+03
INFO: cmn.c(133): CMN: 116.51 -14.50 -4.43 -4.75  3.77 -3.90  1.53  2.69  2.36  4.26  1.01  0.21  1.98 
utt>    24               towsic_asha   36    0    12 10  2 5 4.385219e-12 -1.517966e+02 -5.464679e+03
INFO: cmn.c(133): CMN: 115.78 -11.28 -4.74 -2.34  0.03 -0.26 -6.68 -3.25 -1.27 -5.61 -1.66 -3.36 -0.59 
utt>    25                 abir_baba   32    0    12 10  2 5 4.613618e-12 -1.523259e+02 -4.874428e+03
INFO: cmn.c(133): CMN: 66.42 10.58 -20.16 -17.83 -5.87 17.71  4.54 11.45 -0.09 -5.20 -13.90 -4.91 14.65 
utt>    26               abir_baba01  111    0    12 8  1 2 8.398381e-13 -1.552855e+02 -1.723669e+04
INFO: cmn.c(133): CMN: 63.13 15.39 -5.11 -18.73  3.63  4.94  4.17  5.80  7.23 -8.19 -6.10 -8.43  3.93 
utt>    27               abir_baba02  104    0    12 7  1 2 1.758429e-12 -1.514622e+02 -1.575207e+04
INFO: cmn.c(133): CMN: 113.27 -9.76  1.89  3.13  3.34  1.77  1.74  2.38 -1.77 -4.20 -3.09 -7.66 -9.38 
utt>    28               tonmoy_baba   60    0    12 11  1 3 4.121990e-12 -1.466112e+02 -8.796675e+03
INFO: cmn.c(133): CMN: 116.33 -12.62 -3.47 -0.32  3.38 -5.63 -10.61 -4.84 -4.21 -3.57 -1.72  1.63  2.93 
utt>    29               towsic_baba   43    0    12 10  2 5 3.755778e-12 -1.502895e+02 -6.462449e+03
INFO: cmn.c(133): CMN: 115.46 -11.70 -3.16 -2.90  0.75 -1.38 -2.96 -4.27 -2.60 -2.09 -4.52 -0.32  0.85 
utt>    30             abir_barishal   44    0    12 10  2 5 4.025286e-12 -1.536494e+02 -6.760574e+03
INFO: cmn.c(133): CMN: 62.84 10.79 -3.77 -6.52 -7.13 -0.72 -1.45  6.83 -6.51 -10.68 -6.60 -5.67  6.46 
utt>    31           abir_barishal01  130    0    12 7  1 2 2.186691e-12 -1.559033e+02 -2.026743e+04
INFO: cmn.c(133): CMN: 66.23  9.60  4.41  1.33  3.58  9.21  6.42 18.64 -9.53 -4.60 -5.07 -5.36  2.29 
utt>    32           abir_barishal02  113    0    12 7  1 2 1.605780e-12 -1.552022e+02 -1.753785e+04
INFO: cmn.c(133): CMN: 114.28 -8.71  0.57  1.06  4.78  3.41  0.33 -0.90 -5.81 -5.67 -10.76 -12.81 -9.77 
utt>    33           tonmoy_barishal   57    0    12 11  2 4 4.879812e-12 -1.514045e+02 -8.630056e+03
INFO: cmn.c(133): CMN: 114.87 -11.87 -1.94 -1.38  2.33  2.29  3.14 -1.11  1.97  3.42  8.56  8.42  6.67 
utt>    34           towsic_barishal   50    0    12 10  3 6 6.054647e-12 -1.493255e+02 -7.466273e+03
INFO: cmn.c(133): CMN: 115.07 -10.58 -3.80 -2.23  0.88 -2.39 -5.74  0.82 -0.38 -2.07 -3.63  1.80  3.85 
utt>    35                 abir_bati   38    0    12 10  5 10 5.834074e-12 -1.514396e+02 -5.754705e+03
INFO: cmn.c(133): CMN: 62.28 10.17  3.91 -9.34 -0.13 23.63  0.08  5.13 -6.34 -11.89 -6.87  1.25  3.99 
utt>    36               abir_bati01  110    0    12 7  1 2 1.744786e-12 -1.542698e+02 -1.696968e+04
INFO: cmn.c(133): CMN: 63.08 13.54  5.27 -5.12  1.49 12.81  8.34  7.71  0.90 -3.14 -3.62 -0.00 -3.28 
utt>    37               abir_bati02  102    0    12 7  1 2 3.023076e-12 -1.539393e+02 -1.570181e+04
INFO: cmn.c(133): CMN: 112.75 -9.73  1.27  2.43  4.10  0.76 -0.51 -2.44 -4.32 -4.32 -6.35 -4.22 -6.15 
utt>    38               tonmoy_bati   64    0    12 10  2 4 2.311092e-12 -1.514559e+02 -9.693178e+03
INFO: cmn.c(133): CMN: 115.68 -10.62 -1.04 -0.80  2.88  3.02 -0.61  3.29  3.48  3.99  5.50  6.58  5.69 
utt>    39               towsic_bati   37    0    12 10  3 7 8.936151e-12 -1.501425e+02 -5.555272e+03
INFO: cmn.c(133): CMN: 114.62 -11.23 -3.13 -4.57 -0.87 -1.51 -3.89 -1.81 -2.64 -4.02  2.33  2.04  0.49 
utt>    40                 abir_bhai   41    0    12 10  3 7 7.705638e-12 -1.486502e+02 -6.094659e+03
INFO: cmn.c(133): CMN: 67.05  6.86 -10.75 -5.74 -8.49  8.96  5.23  8.33 -7.09 -7.93 -4.86 -2.56 -4.08 
utt>    41               abir_bhai01  110    0    12 8  1 2 1.160835e-12 -1.518973e+02 -1.670870e+04
INFO: cmn.c(133): CMN: 62.52  5.77 -3.33 -4.93 -2.24  7.99  7.10  8.12 -1.51 -6.43 -4.32 -4.00  2.39 
utt>    42               abir_bhai02  114    0    12 8  1 2 2.228922e-12 -1.481386e+02 -1.688780e+04
INFO: cmn.c(133): CMN: 113.81 -10.37 -0.90  2.31  4.88  3.29  4.24  4.00 -1.37  1.05 -1.24 -7.37 -7.27 
utt>    43               tonmoy_bhai   61    0    12 11  2 5 4.817179e-12 -1.473050e+02 -8.985608e+03
INFO: cmn.c(133): CMN: 114.43 -10.84 -3.95 -3.15  4.43 -2.40 -2.37  2.94 -0.32  1.14  2.45  6.08  2.75 
utt>    44               towsic_bhai   40    0    12 10  3 6 1.609612e-12 -1.496163e+02 -5.984653e+03
INFO: cmn.c(133): CMN: 115.35 -11.04 -3.26 -3.82 -0.54 -1.22 -4.89 -8.56 -4.33  0.31 -1.79  1.63  1.65 
utt>    45      abir_bishshobiddaloy   57    0    12 11  3 6 3.916825e-12 -1.539670e+02 -8.776118e+03
INFO: cmn.c(133): CMN: 66.35  6.56  0.68  0.26 -8.29  1.42 -13.91 -5.80 -3.67 -3.16 -1.48 -11.58  3.78 
utt>    46    abir_bishshobiddaloy01  151    0    12 7  1 1 1.563988e-12 -1.591081e+02 -2.402533e+04
INFO: cmn.c(133): CMN: 64.67  9.19  8.17  4.28  5.78  9.83  0.45  5.87 -7.87 -5.95 -6.28 -4.42  2.83 
utt>    47    abir_bishshobiddaloy02  143    0    12 8  1 2 2.208425e-12 -1.540044e+02 -2.202263e+04
INFO: cmn.c(133): CMN: 113.56 -7.63  0.55  3.14  5.20  5.73  0.35 -4.25 -4.79 -4.65 -10.14 -12.21 -11.03 
utt>    48    tonmoy_bishshobiddaloy   72    0    12 11  2 5 3.738181e-12 -1.516566e+02 -1.091928e+04
INFO: cmn.c(133): CMN: 114.85 -11.57 -1.31 -1.12  4.90  4.79  4.20  2.58  4.14  2.26  3.78  1.07 -0.48 
utt>    49    towsic_bishshobiddaloy   66    0    12 11  3 6 1.189933e-11 -1.522459e+02 -1.004823e+04
INFO: cmn.c(133): CMN: 115.65 -11.96 -2.90 -2.52  0.47 -2.61 -6.63 -2.11 -4.76 -1.73 -3.19  1.80  5.83 
utt>    50                abir_bivag   45    0    12 10  4 8 9.896296e-12 -1.497720e+02 -6.739738e+03
INFO: cmn.c(133): CMN: 67.02 12.03 -13.08 -3.44 -8.46  4.48 -5.12  5.95  4.84 -13.97 -9.08  1.58  1.12 
utt>    51              abir_bivag01  104    0    12 7  1 2 1.700173e-12 -1.537425e+02 -1.598922e+04
INFO: cmn.c(133): CMN: 63.46 12.93  0.40 -2.94  1.49 11.54 -1.96  9.65  3.13 -6.38 -3.81 -6.50 -0.76 
utt>    52              abir_bivag02  104    0    12 7  1 2 7.177554e-13 -1.542977e+02 -1.604696e+04
INFO: cmn.c(133): CMN: 113.27 -9.92  2.43  2.29  4.36  6.47  2.76  0.60 -7.15 -5.57 -3.26 -6.32 -8.74 
utt>    53              tonmoy_bivag   58    0    12 10  1 3 1.593743e-12 -1.513310e+02 -8.777201e+03
INFO: cmn.c(133): CMN: 114.57 -9.06 -1.17  1.93  8.13  7.07  7.71  6.55  4.39  7.77  8.43  7.71  5.76 
utt>    54              towsic_bivag   40    0    12 10  3 7 1.964506e-11 -1.501224e+02 -6.004898e+03
INFO: cmn.c(133): CMN: 115.22 -11.61 -5.06 -3.61 -0.82  1.47 -2.02 -3.19 -1.89 -3.05 -0.46 -1.36  1.34 
utt>    55               abir_bochor   37    0    12 10  4 8 7.743265e-12 -1.529583e+02 -5.659458e+03
INFO: cmn.c(133): CMN: 65.60 15.95 -1.79 -14.95 -2.02  4.92 -6.01 -9.09 -3.07 -1.19 -2.78 -9.16  3.13 
utt>    56             abir_bochor01  107    0    12 7  1 3 1.139460e-12 -1.569096e+02 -1.678933e+04
INFO: cmn.c(133): CMN: 64.71 13.73  3.01 -5.20 10.50 11.82  0.25  1.72 -14.76 -4.50 -1.88 -2.82  6.77 
utt>    57             abir_bochor02  103    0    12 8  1 2 2.161245e-12 -1.554850e+02 -1.601496e+04
INFO: cmn.c(133): CMN: 113.39 -9.53  3.24  2.23  1.60  0.55  3.10  0.69 -2.90 -6.30 -7.33 -7.63 -7.73 
utt>    58             tonmoy_bochor   56    0    12 11  2 3 5.712210e-12 -1.497317e+02 -8.384974e+03
INFO: cmn.c(133): CMN: 116.37 -11.25 -3.17 -2.04 -1.34  0.80 -1.80 -4.38  1.90 -1.25  3.74  2.15  2.69 
utt>    59             towsic_bochor   41    0    12 10  3 5 6.840082e-12 -1.503824e+02 -6.165680e+03
INFO: cmn.c(133): CMN: 115.21 -9.63 -3.87 -4.97 -4.98 -4.43 -1.63 -1.37 -4.54 -4.14  1.57 -3.69 -1.35 
utt>    60                  abir_boi   39    0    12 10  3 6 6.870029e-12 -1.516655e+02 -5.914954e+03
INFO: cmn.c(133): CMN: 62.97 12.01  3.95 -4.30 -2.82 13.25 -3.36 -7.06 -12.05 -9.27 -3.61 -5.86  5.30 
utt>    61                abir_boi01  106    0    12 7  1 2 1.818876e-12 -1.524935e+02 -1.616431e+04
INFO: cmn.c(133): CMN: 58.33 12.09  5.20  0.81  4.99 19.98  7.75 -0.13 -11.26 -8.42 -0.80  0.39  0.41 
utt>    62                abir_boi02  112    0    12 8  1 2 2.066288e-12 -1.520758e+02 -1.703248e+04
INFO: cmn.c(133): CMN: 113.95 -7.21  1.74  2.24  5.41  5.34  1.70  0.94 -3.69 -8.12 -8.39 -8.48 -10.09 
utt>    63                tonmoy_boi   44    0    12 10  2 3 7.915798e-14 -1.488877e+02 -6.551058e+03
INFO: cmn.c(133): CMN: 115.47 -10.34 -0.92 -1.78 -0.11 -0.06  0.40 -0.39  3.46  6.48  5.46 10.16 10.16 
utt>    64                towsic_boi   37    0    12 10  2 4 6.634005e-12 -1.484949e+02 -5.494311e+03
INFO: cmn.c(133): CMN: 114.37 -8.77 -3.79 -5.33 -5.32 -2.19 -1.92 -4.38 -7.42 -5.77  1.93 -0.52  0.34 
utt>    65                  abir_bon   37    0    12 10  2 5 6.473724e-12 -1.510209e+02 -5.587772e+03
INFO: cmn.c(133): CMN: 60.79 20.90 -4.05 -15.81 -1.53 19.28  5.68 -3.98 -8.24 -9.22 -2.61 -2.15  7.86 
utt>    66                abir_bon01  106    0    12 7  1 2 9.820210e-13 -1.531647e+02 -1.623545e+04
INFO: cmn.c(133): CMN: 59.58 20.28  3.20 -7.19  9.27 17.94  6.38  6.41 -10.89 -9.12 -3.86 -0.94  8.01 
utt>    67                abir_bon02   96    0    12 8  1 3 2.787061e-12 -1.478821e+02 -1.419668e+04
INFO: cmn.c(133): CMN: 113.78 -8.35  1.79  1.76  2.48  4.78  3.80  0.55 -3.33 -3.76 -5.48 -6.74 -5.80 
utt>    68                tonmoy_bon   52    0    12 11  2 3 1.521728e-12 -1.453861e+02 -7.560078e+03
INFO: cmn.c(133): CMN: 115.64 -9.18 -2.22 -2.68  0.18 -0.61 -2.49 -1.89 -2.36  0.85  3.04  5.73  9.77 
utt>    69                towsic_bon   41    0    12 10  3 6 6.882742e-12 -1.457452e+02 -5.975554e+03
INFO: cmn.c(133): CMN: 114.78 -9.61 -2.60 -3.35 -1.57 -2.11 -2.85  0.21  0.38 -1.60  3.44  7.93  7.06 
utt>    70               abir_bondhu   36    0    12 10  3 6 1.030824e-11 -1.542866e+02 -5.554318e+03
INFO: cmn.c(133): CMN: 59.75 18.12  9.78 -8.97  4.48 17.99  5.73 -11.44 -10.83 -12.27 -2.27 -12.87  3.85 
utt>    71             abir_bondhu01  132    0    12 8  1 2 2.020702e-12 -1.556808e+02 -2.054987e+04
INFO: cmn.c(133): CMN: 58.40 17.51 10.44 -0.01 14.07 20.60  6.36  1.32 -10.47 -6.83 -2.39 -4.49  3.55 
utt>    72             abir_bondhu02  108    0    12 8  1 2 1.038853e-12 -1.510242e+02 -1.631062e+04
INFO: cmn.c(133): CMN: 112.83 -9.29  1.20  3.71  4.06  4.72  0.68 -5.27 -6.60 -6.21 -11.42 -15.17 -13.34 
utt>    73             tonmoy_bondhu   59    0    12 8  1 3 3.477647e-12 -1.504830e+02 -8.878499e+03
INFO: cmn.c(133): CMN: 114.54 -8.57  0.15  1.43  3.59  2.56  6.10  4.36  9.03  9.77  8.57  6.24  3.24 
utt>    74             towsic_bondhu   42    0    12 10  2 5 6.180984e-13 -1.536594e+02 -6.453695e+03
INFO: cmn.c(133): CMN: 114.84 -11.30 -1.98 -2.69 -1.06  0.75 -1.13 -1.68 -1.65 -3.30  1.09 -1.12  1.39 
utt>    75        abir_brihospotibar   59    0    12 11  5 10 1.606594e-11 -1.524706e+02 -8.995763e+03
INFO: cmn.c(133): CMN: 69.09  9.71 -7.74 -6.00 -7.12  1.98 -4.92  0.22  0.66 -6.58 -12.45 -9.27 -1.92 
utt>    76      abir_brihospotibar01  143    0    12 7  1 2 1.456246e-12 -1.589784e+02 -2.273391e+04
INFO: cmn.c(133): CMN: 62.41 10.95  3.75  4.38  3.91  7.63 -1.05  6.91 -5.96 -4.10 -1.02 -3.24  3.89 
utt>    77      abir_brihospotibar02  148    0    12 8  1 2 2.148924e-12 -1.565399e+02 -2.316790e+04
INFO: cmn.c(133): CMN: 114.00 -8.73 -0.11  1.01  2.34  0.94 -1.56 -6.12 -7.86 -7.31 -10.38 -10.27 -7.24 
utt>    78      tonmoy_brihospotibar   71    0    12 10  2 3 9.418123e-13 -1.542677e+02 -1.095301e+04
INFO: cmn.c(133): CMN: 115.66 -11.11 -2.13 -1.81  3.61  1.17  4.63  4.08  5.25  5.55  5.31  3.02  2.62 
utt>    79      towsic_brihospotibar   54    0    12 11  2 3 5.995419e-12 -1.520230e+02 -8.209241e+03
INFO: cmn.c(133): CMN: 114.67 -10.89 -2.06 -2.71 -0.52 -3.72 -5.43 -1.99 -0.46 -2.09 -2.33 -3.23  0.35 
utt>    80              abir_budhbar   47    0    12 10  3 6 9.819530e-12 -1.504771e+02 -7.072424e+03
INFO: cmn.c(133): CMN: 65.17 14.06 -8.95 -11.40 -4.44  1.58 -1.39  4.30  0.13 -6.83 -11.11 -8.92  3.40 
utt>    81            abir_budhbar01  124    0    12 7  1 2 6.586886e-13 -1.564764e+02 -1.940308e+04
INFO: cmn.c(133): CMN: 61.90  5.79  4.58 -2.95  1.68  6.77 11.59  7.02 -1.55 -4.41  0.58 -2.73  0.50 
utt>    82            abir_budhbar02  117    0    12 7  1 2 1.038144e-12 -1.563787e+02 -1.829631e+04
INFO: cmn.c(133): CMN: 113.56 -9.55  1.37  2.92  4.12  5.30  2.83 -3.60 -5.76 -6.09 -4.40 -9.08 -11.30 
utt>    83            tonmoy_budhbar   55    0    12 11  3 6 3.655003e-12 -1.513060e+02 -8.321829e+03
INFO: cmn.c(133): CMN: 114.89 -9.50 -2.99 -2.53  3.13  0.92  0.81  0.87  4.48  6.76 11.30 13.42 11.08 
utt>    84            towsic_budhbar   49    0    12 10  2 4 7.771189e-12 -1.495039e+02 -7.325693e+03
INFO: cmn.c(133): CMN: 117.20 -12.84 -3.91 -1.91  7.10  0.99 -9.25 -1.57 -1.63 -2.41 -6.88  1.44  0.56 
utt>    85                 abir_caca   29    0    12 10  5 9 2.605772e-11 -1.478545e+02 -4.287781e+03
INFO: cmn.c(133): CMN: 70.17  5.31 -21.35 -13.23 -5.04 -7.46  3.69 14.95 -2.94 -12.51 -14.00  4.90 -4.45 
utt>    86               abir_caca01   99    0    12 7  1 2 7.298019e-13 -1.538276e+02 -1.522893e+04
INFO: cmn.c(133): CMN: 62.09  9.91 -5.11 -9.26 -2.78 -4.93  8.40 10.11 -0.86 -5.63  3.12 -3.51  1.43 
utt>    87               abir_caca02  101    0    12 9  1 3 2.159108e-12 -1.525690e+02 -1.540947e+04
INFO: cmn.c(133): CMN: 113.88 -11.42  0.38  2.01  3.56 -0.97 -0.83 -0.76 -1.58 -5.59 -5.74 -3.55 -8.26 
utt>    88               tonmoy_caca   51    0    12 10  2 3 3.280337e-12 -1.489023e+02 -7.594016e+03
INFO: cmn.c(133): CMN: 116.38 -11.45 -1.48 -2.86  2.29 -0.05 -3.68  1.09  2.80  3.13  2.46  0.64  4.25 
utt>    89               towsic_caca   36    0    12 10  5 10 1.407831e-12 -1.512899e+02 -5.446435e+03
INFO: cmn.c(133): CMN: 116.94 -14.99 -6.07 -3.44  4.96 -2.29 -6.32  1.83 -2.10 -2.38 -3.25 -1.34  1.77 
utt>    90                  abir_cha   28    0    12 10  4 8 3.309177e-12 -1.489416e+02 -4.170366e+03
INFO: cmn.c(133): CMN: 70.08  5.60 -25.62 -15.61 -3.33  9.72 -1.10 14.43 -5.83 -13.99 -13.89  3.08  3.97 
utt>    91                abir_cha01   90    0    12 7  1 2 1.634143e-12 -1.522101e+02 -1.369891e+04
INFO: cmn.c(133): CMN: 61.59 10.75 -9.81 -12.38 -0.07  0.32  6.32 14.57  2.44 -8.30  2.21 -3.05  2.43 
utt>    92                abir_cha02   90    0    12 8  1 2 6.922374e-13 -1.478100e+02 -1.330290e+04
INFO: cmn.c(133): CMN: 114.32 -14.20 -0.61  2.44  1.78 -0.31 -1.43 -0.40 -5.07 -4.85 -8.23 -10.82 -8.29 
utt>    93                tonmoy_cha   44    0    12 10  2 5 3.664460e-12 -1.490450e+02 -6.557981e+03
INFO: cmn.c(133): CMN: 116.41 -14.61 -2.90  2.75  2.90 -4.00  0.01  2.54 -0.91  1.40  5.70  5.80  0.45 
utt>    94                towsic_cha   28    0    12 10  4 8 9.863753e-12 -1.480539e+02 -4.145510e+03
INFO: cmn.c(133): CMN: 116.24 -14.87 -2.98 -1.80  1.51 -0.24 -6.61 -4.26 -2.97  1.02 -1.75 -1.26  0.07 
utt>    95                 abir_char   37    0    12 10  4 9 4.746993e-12 -1.511956e+02 -5.594236e+03
INFO: cmn.c(133): CMN: 69.20  7.79 -25.82 -14.36 -7.77 -1.69  1.15 16.05 -5.53 -7.89 -20.63  3.73 -0.23 
utt>    96               abir_char01   87    0    12 7  1 2 1.925264e-12 -1.545119e+02 -1.344253e+04
INFO: cmn.c(133): CMN: 62.69 10.58 -10.25 -6.50 -2.37 -8.90 12.00 13.84  4.12 -4.49  2.12 -1.92 -0.83 
utt>    97               abir_char02   93    0    12 8  1 2 1.184029e-12 -1.479772e+02 -1.376188e+04
INFO: cmn.c(133): CMN: 114.45 -11.83  1.02  1.59  1.81 -0.99 -1.22  1.90 -3.93 -5.72 -9.48 -7.94 -4.66 
utt>    98               tonmoy_char   37    0    12 10  2 4 5.050318e-12 -1.510371e+02 -5.588371e+03
INFO: cmn.c(133): CMN: 116.79 -16.42 -3.64 -1.85  4.49  2.18 -4.65  3.26  5.08  3.53  2.91  3.18  6.57 
utt>    99               towsic_char   33    0    12 10  4 7 8.244609e-12 -1.497790e+02 -4.942708e+03
INFO: cmn.c(133): CMN: 115.87 -13.29 -2.24 -4.38 -0.54  0.40 -4.54 -8.28 -3.78 -2.68 -2.86 -0.26 -2.84 
utt>   100          abir_chattrogram   42    0    12 10  4 9 1.037570e-11 -1.520123e+02 -6.384516e+03
INFO: cmn.c(133): CMN: 69.18 11.97 -21.53 -5.85 -6.25 -4.29 -4.63  2.94  1.90 -2.64 -16.24  2.87 -5.94 
utt>   101        abir_chattrogram01  116    0    12 7  1 2 1.419076e-12 -1.563321e+02 -1.813453e+04
INFO: cmn.c(133): CMN: 61.91 11.34 -0.66 -0.91  4.38  3.18  1.07  7.11 -4.63 -1.77 -5.85 -0.79  0.46 
utt>   102        abir_chattrogram02  125    0    12 8  1 2 1.480911e-12 -1.507541e+02 -1.884426e+04
INFO: cmn.c(133): CMN: 113.52 -7.51 -0.93  0.77  3.79  3.19  2.22  0.43 -5.63 -9.71 -8.11 -5.09 -2.87 
utt>   103        tonmoy_chattrogram   61    0    12 10  1 3 6.233923e-12 -1.530201e+02 -9.334225e+03
INFO: cmn.c(133): CMN: 115.88 -12.62 -2.06  1.28  2.32  2.97 -4.27 -0.18  4.18  2.79  5.04  2.54  2.73 
utt>   104        towsic_chattrogram   42    0    12 10  3 6 3.092764e-12 -1.522877e+02 -6.396084e+03
INFO: cmn.c(133): CMN: 114.87 -15.16 -5.73 -5.38 -0.27 -1.57 -4.81 -2.93  0.78  3.63  0.94  2.22  4.55 
utt>   105                 abir_choy   38    0    12 10  3 5 6.583825e-12 -1.537903e+02 -5.844033e+03
INFO: cmn.c(133): CMN: 68.42  5.92 -11.67 -11.80 -9.52  6.29 -6.39 -3.27 -2.04 -6.17 -10.10 -3.80  5.44 
utt>   106               abir_choy01   97    0    12 7  1 2 2.820198e-12 -1.525606e+02 -1.479837e+04
INFO: cmn.c(133): CMN: 64.23 11.09 -5.31 -7.13  1.41  8.92 -3.03  0.03 -1.44 -2.32 -3.52 -6.71  4.49 
utt>   107               abir_choy02   98    0    12 7  1 2 7.164388e-13 -1.516118e+02 -1.485795e+04
INFO: cmn.c(133): CMN: 113.44 -9.01  0.74  0.21  3.12  4.13  3.03  2.59  0.75 -8.68 -8.87 -9.17 -10.12 
utt>   108               tonmoy_choy   46    0    12 10  2 4 2.295868e-12 -1.484883e+02 -6.830462e+03
INFO: cmn.c(133): CMN: 116.45 -14.32 -3.55 -2.15  1.89  6.08 -0.14 -2.07  3.09  6.13  8.18  6.37  8.05 
utt>   109               towsic_choy   26    0    12 10  4 9 7.325540e-13 -1.527390e+02 -3.971214e+03
INFO: cmn.c(133): CMN: 116.01 -11.64 -3.47 -3.34 -1.59 -4.32 -0.65 -1.78 -0.01 -0.69 -1.30 -2.29  0.43 
utt>   110               abir_coffee   28    0    12 10  4 8 6.815441e-13 -1.536056e+02 -4.300955e+03
INFO: cmn.c(133): CMN: 62.23  7.13  9.30 -6.05 -13.18 24.66  1.72 -5.54 -11.33 -8.04 -3.83  0.27 -3.42 
utt>   111             abir_coffee01  104    0    12 7  1 2 1.893459e-12 -1.542808e+02 -1.604521e+04
INFO: cmn.c(133): CMN: 58.95  5.40  8.15  4.40  2.71 17.26  5.05  3.34 -4.39 -4.92  1.65 -1.65  0.37 
utt>   112             abir_coffee02   95    0    12 7  1 2 2.114498e-12 -1.537050e+02 -1.460198e+04
INFO: cmn.c(133): CMN: 113.88 -9.12  2.32 -0.36  2.61 -0.56  1.17 -4.30 -4.93 -6.73 -8.02 -7.66 -3.48 
utt>   113             tonmoy_coffee   49    0    12 10  1 3 2.440298e-12 -1.481806e+02 -7.260849e+03
INFO: cmn.c(133): CMN: 116.04 -11.43 -1.17 -1.67  0.23  0.12  3.03 -0.40  3.65  3.28  0.24  3.78  1.08 
utt>   114             towsic_coffee   37    0    12 10  5 10 2.019327e-11 -1.506530e+02 -5.574161e+03
INFO: cmn.c(133): CMN: 116.39 -16.91 -3.03 -7.47 -3.42  3.86 -6.73  3.90 -4.65  6.54 -0.51  2.44  2.56 
utt>   115              abir_collage   39    0    12 10  3 6 6.687153e-12 -1.495367e+02 -5.831930e+03
INFO: cmn.c(133): CMN: 65.02  7.85 -3.27  4.09 -20.36  0.93 -2.17 -8.14 -12.18 -4.78 -2.68 -4.06  9.39 
utt>   116            abir_collage01  101    0    12 7  1 2 9.553137e-13 -1.553627e+02 -1.569163e+04
INFO: cmn.c(133): CMN: 60.29  7.29  9.31  1.32  0.92 10.82 -3.60 -0.77 -10.97 -6.47 -1.46 -4.77  7.86 
utt>   117            abir_collage02  102    0    12 7  1 2 1.773370e-12 -1.513207e+02 -1.543471e+04
INFO: cmn.c(133): CMN: 113.05 -10.23  1.39  1.94  2.17  0.75  1.19 -4.19 -4.80 -8.23 -6.99 -10.29 -6.45 
utt>   118            tonmoy_collage   51    0    12 10  2 5 7.651688e-12 -1.472709e+02 -7.510816e+03
INFO: cmn.c(133): CMN: 116.01 -13.85 -1.51 -1.34  0.87  2.40  0.21 -1.44  2.04  6.17  3.61  3.89  5.37 
utt>   119            towsic_collage   40    0    12 10  2 5 5.170954e-12 -1.509483e+02 -6.037930e+03
INFO: cmn.c(133): CMN: 115.95 -11.44 -2.39 -6.14 -2.32 -0.85 -4.01 -8.06 -3.99 -0.02  2.69  3.29  4.33 
utt>   120             abir_computer   44    0    12 10  4 8 4.263382e-12 -1.524337e+02 -6.707082e+03
INFO: cmn.c(133): CMN: 68.87 10.71 -17.44  0.97 -19.45 -1.56  2.73 -1.63  1.13 -6.98  2.26  0.18 -2.10 
utt>   121           abir_computer01  119    0    12 7  1 2 5.012538e-13 -1.567298e+02 -1.865085e+04
INFO: cmn.c(133): CMN: 64.34 12.87 -1.83 10.47 -2.65  5.88  3.41  0.77 -3.47 -6.48 -1.07 -2.14 -0.32 
utt>   122           abir_computer02  100    0    12 7  1 2 3.118591e-12 -1.546468e+02 -1.546468e+04
INFO: cmn.c(133): CMN: 114.03 -9.66  2.11  2.08  4.46  3.24 -1.12 -7.29 -7.94 -9.13 -10.30 -11.14 -11.11 
utt>   123           tonmoy_computer   51    0    12 10  2 3 1.472206e-13 -1.545875e+02 -7.883963e+03
INFO: cmn.c(133): CMN: 116.04 -11.10 -2.95  0.59  4.40  2.94  0.77  1.85  5.58  8.00  7.44  3.23  2.12 
utt>   124           towsic_computer   48    0    12 10  4 8 1.040793e-11 -1.509391e+02 -7.245078e+03
INFO: cmn.c(133): CMN: 116.56 -10.80 -0.21 -2.68 -0.51 -2.04 -1.82 -0.50 -2.07 -4.34  0.61  3.76  4.94 
utt>   125              abir_cricket   30    0    12 10  2 5 6.777174e-13 -1.480633e+02 -4.441899e+03
INFO: cmn.c(133): CMN: 63.56 -4.63  9.79 11.76 -26.94  1.87 -3.24 -9.63 -12.73 -0.04 -1.82  8.04  4.79 
utt>   126            abir_cricket01  110    0    12 8  1 2 1.503095e-12 -1.551878e+02 -1.707066e+04
INFO: cmn.c(133): CMN: 59.78  2.63 13.29 10.72 -9.66  7.28  4.61 -0.91 -9.30 -5.71 -2.95 -3.80  2.95 
utt>   127            abir_cricket02  101    0    12 7  1 2 1.983145e-12 -1.519785e+02 -1.534983e+04
INFO: cmn.c(133): CMN: 113.75 -10.18  2.00  1.40  1.74 -0.71 -3.94 -8.01 -8.59 -11.10 -9.70 -7.87 -1.39 
utt>   128            tonmoy_cricket   51    0    12 10  2 3 3.262549e-12 -1.488491e+02 -7.591302e+03
INFO: cmn.c(133): CMN: 116.06 -11.37 -0.50 -2.71  3.69 -0.90  0.26 -0.41  4.00  3.56  3.47  6.72  4.70 
utt>   129            towsic_cricket   45    0    12 10  5 10 1.419489e-11 -1.478089e+02 -6.651401e+03
INFO: cmn.c(133): CMN: 115.83 -11.75 -4.13 -4.14  0.73 -3.04 -5.56  0.67 -0.61 -4.08 -6.26 -3.95  0.71 
utt>   130                 abir_daal   32    0    12 10  3 6 5.714206e-12 -1.516671e+02 -4.853348e+03
INFO: cmn.c(133): CMN: 66.40  9.76 -14.81 -9.63 -0.84  9.79 -9.65 12.94 -11.73 -12.43 -11.30  1.93  6.18 
utt>   131               abir_daal01  108    0    12 7  1 2 2.385883e-12 -1.548605e+02 -1.672494e+04
INFO: cmn.c(133): CMN: 63.40 14.33 -1.49 -7.17  0.37 -1.06  1.48 22.97 -3.67 -3.81 -6.11 -4.21  0.51 
utt>   132               abir_daal02   95    0    12 7  1 2 4.799194e-12 -1.490332e+02 -1.415815e+04
INFO: cmn.c(133): CMN: 113.49 -12.11 -0.89  2.69  3.32  1.46  4.61  1.92 -2.62 -3.85 -2.83 -5.71 -6.91 
utt>   133               tonmoy_daal   52    0    12 11  2 4 6.626202e-12 -1.455665e+02 -7.569457e+03
INFO: cmn.c(133): CMN: 115.96 -10.87 -3.01  1.57  6.60  0.41 -2.02 -0.45  1.11  4.53  3.32  5.61  5.45 
utt>   134               towsic_daal   34    0    12 10  3 5 4.898692e-12 -1.511252e+02 -5.138257e+03
INFO: cmn.c(133): CMN: 115.54 -11.98 -4.20 -0.86  3.75 -2.88 -4.25  0.53 -0.64  0.61 -1.18 -0.31 -2.24 
utt>   135                abir_dekha   37    0    12 10  3 7 8.616716e-12 -1.527961e+02 -5.653454e+03
INFO: cmn.c(133): CMN: 67.13  6.13 -19.52 -8.28 -11.00  5.25  3.07 13.79 -5.24 -3.76 -5.35  6.92  5.43 
utt>   136              abir_dekha01  115    0    12 7  1 2 1.589579e-12 -1.530212e+02 -1.759744e+04
INFO: cmn.c(133): CMN: 63.81  4.92 -3.15 -6.53 -4.78  2.70  4.09 24.24  0.38 -10.86  1.37  1.00  6.27 
utt>   137              abir_dekha02   95    0    12 8  1 2 2.296717e-12 -1.529242e+02 -1.452780e+04
INFO: cmn.c(133): CMN: 114.46 -10.82 -0.08  1.11  6.72  5.08  0.79 -0.33 -2.77 -5.16 -8.14 -7.20 -5.17 
utt>   138              tonmoy_dekha   50    0    12 10  2 4 4.976590e-12 -1.540372e+02 -7.701862e+03
INFO: cmn.c(133): CMN: 115.76 -12.62 -2.68 -1.04  5.69  2.44 -1.32 -0.39  1.49  7.16  9.09  5.40  7.97 
utt>   139              towsic_dekha   35    0    12 10  4 8 1.167724e-11 -1.512014e+02 -5.292049e+03
INFO: cmn.c(133): CMN: 115.52 -13.77 -2.68 -3.18 -0.62 -2.57 -4.37 -0.32 -2.26 -2.06 -1.96 -1.88  1.13 
utt>   140                abir_dhaka   62    0    12 11  3 6 6.120742e-12 -1.488158e+02 -9.226581e+03
INFO: cmn.c(133): CMN: 65.79  5.68 -5.34 -6.83 -4.05  3.68  0.67 21.82  5.54 -15.71  3.03 -0.25  1.18 
utt>   141              abir_dhaka02  104    0    12 8  1 2 3.030596e-12 -1.549248e+02 -1.611218e+04
INFO: cmn.c(133): CMN: 113.60 -10.32  1.40  0.44  5.89  3.99  4.38  1.50 -3.08 -0.85 -3.82 -3.39 -3.56 
utt>   142              tonmoy_dhaka   58    0    12 10  1 3 1.379665e-12 -1.501663e+02 -8.709646e+03
INFO: cmn.c(133): CMN: 116.51 -12.50 -0.90  0.26  5.57  1.92  0.35  6.87  7.08  7.10  3.26  1.31  2.34 
utt>   143              towsic_dhaka   40    0    12 10  2 5 9.981978e-12 -1.496942e+02 -5.987767e+03
INFO: cmn.c(133): CMN: 115.07 -10.15 -4.41 -3.28 -0.60 -0.68 -5.32 -5.10 -4.15 -2.09 -1.84  0.85  0.72 
utt>   144            abir_dhonnobad   42    0    12 10  4 9 1.420816e-11 -1.520861e+02 -6.387618e+03
INFO: cmn.c(133): CMN: 65.61 11.62 -15.52 -12.65 -4.35  5.70 -8.27 -2.19 -2.77 -1.62 -7.07  1.52  7.31 
utt>   145          abir_dhonnobad01  125    0    12 8  1 2 1.210384e-12 -1.575153e+02 -1.968941e+04
INFO: cmn.c(133): CMN: 64.22 11.36  5.47 -7.29 -0.52  7.04 -4.55  6.93  2.82 -8.76  1.14 -2.27  5.61 
utt>   146          abir_dhonnobad02  115    0    12 8  1 2 9.449574e-13 -1.536883e+02 -1.767415e+04
INFO: cmn.c(133): CMN: 113.65 -8.62 -0.60  1.52  3.45  2.71  2.10 -4.47 -7.97 -9.68 -13.78 -14.13 -11.06 
utt>   147          tonmoy_dhonnobad   63    0    12 11  1 3 2.748031e-12 -1.499459e+02 -9.446590e+03
INFO: cmn.c(133): CMN: 114.27 -11.19 -2.06 -1.90  2.97  4.08  2.27  5.84  4.61  0.97  1.45 -2.80 -4.03 
utt>   148          towsic_dhonnobad   48    0    12 10  2 5 6.084986e-12 -1.550968e+02 -7.444645e+03
INFO: cmn.c(133): CMN: 114.90 -11.13 -2.90 -4.37 -2.40 -3.82 -2.02  0.06 -1.93 -1.69  1.29  4.35  1.43 
utt>   149                  abir_din   41    0    12 10  2 5 5.424764e-12 -1.507558e+02 -6.180987e+03
INFO: cmn.c(133): CMN: 60.10  2.76 21.34 14.52 -12.88 21.74 -2.97 -4.18 -11.50 -5.71 -1.89 -2.76 -0.82 
utt>   150                abir_din01   91    0    12 7  1 3 3.033459e-12 -1.539947e+02 -1.401352e+04
INFO: cmn.c(133): CMN: 58.70  1.58 26.45  9.79 -5.26 15.46  1.08  4.45 -5.44 -7.05  1.85  3.72  1.49 
utt>   151                abir_din02  103    0    12 8  1 2 1.416827e-12 -1.521062e+02 -1.566694e+04
INFO: cmn.c(133): CMN: 113.50 -9.50 -0.52  5.04  6.82  5.79  1.28 -6.01 -5.38 -2.76 -3.46 -6.71 -3.40 
utt>   152                tonmoy_din   51    0    12 10  2 4 4.681655e-12 -1.473919e+02 -7.516985e+03
INFO: cmn.c(133): CMN: 115.64 -11.54 -1.29  0.40  3.64  4.54  2.44 -1.94  4.18  5.34  7.42  5.96  7.87 
utt>   153                towsic_din   41    0    12 10  2 5 2.749207e-12 -1.486690e+02 -6.095427e+03
INFO: cmn.c(133): CMN: 115.63 -16.69 -3.85 -5.56  0.95  2.60 -5.48 -8.42  2.69 -1.87  1.27 -1.77 -0.44 
utt>   154                 abir_dosh   38    0    12 10  2 5 2.302256e-12 -1.505379e+02 -5.720441e+03
INFO: cmn.c(133): CMN: 67.67  3.81 -7.21 -26.76  0.21  5.99 -5.96  2.96 -0.46  1.44 -14.59 -6.23  1.36 
utt>   155               abir_dosh01   94    0    12 7  1 2 1.428341e-12 -1.538273e+02 -1.445977e+04
INFO: cmn.c(133): CMN: 66.05 -0.38 11.83 -15.97 -6.33  7.33 -8.21  9.49 -2.77 -3.74  1.27  2.20  5.46 
utt>   156               abir_dosh02   94    0    12 8  1 2 1.212551e-12 -1.520195e+02 -1.428984e+04
INFO: cmn.c(133): CMN: 113.74 -9.17  1.22  2.18  4.05  3.65  2.81  1.52 -3.21 -6.02 -5.99 -9.35 -12.72 
utt>   157               tonmoy_dosh   54    0    12 11  2 4 1.132080e-12 -1.482817e+02 -8.007209e+03
INFO: cmn.c(133): CMN: 116.21 -16.30 -3.52  0.51  1.53  2.00  0.52 -2.39  3.58  6.39  5.21  7.03  7.76 
utt>   158               towsic_dosh   37    0    12 10  2 5 3.752860e-12 -1.500401e+02 -5.551484e+03
INFO: cmn.c(133): CMN: 115.38 -11.72 -4.71 -4.27 -1.30 -2.58  1.45 -1.69  2.87  1.15  1.67  0.15  0.74 
utt>   159                 abir_dudh   34    0    12 10  3 5 1.157961e-11 -1.467159e+02 -4.988339e+03
INFO: cmn.c(133): CMN: 64.78 12.65  3.15 -8.02  6.45 14.50 -2.80 -12.43 -15.22 -4.99  4.68  2.76 12.82 
utt>   160               abir_dudh01   86    0    12 8  1 2 2.141024e-12 -1.554762e+02 -1.337095e+04
INFO: cmn.c(133): CMN: 59.18 10.85 15.32 -0.71 12.35 18.82  4.08  3.66 -5.33 -14.72 -3.07 -5.95  1.90 
utt>   161               abir_dudh02   91    0    12 7  1 2 1.442567e-12 -1.546499e+02 -1.407314e+04
INFO: cmn.c(133): CMN: 112.20 -8.53  2.64  1.03  3.60  1.44 -0.40 -5.33 -6.07 -8.05 -8.28 -10.64 -10.26 
utt>   162               tonmoy_dudh   59    0    12 8  1 2 2.073110e-12 -1.478013e+02 -8.720276e+03
INFO: cmn.c(133): CMN: 115.59 -9.51 -0.93 -1.22  0.33  3.52  2.28  4.65  7.68  6.55  5.49  7.53  8.84 
utt>   163               towsic_dudh   36    0    12 10  2 3 4.364772e-12 -1.526685e+02 -5.496068e+03
INFO: cmn.c(133): CMN: 114.85 -11.02 -2.67 -2.26 -2.46 -7.42 -0.77  2.04 -1.75  3.73  1.90  2.03  1.89 
utt>   164                  abir_dui   40    0    12 10  2 5 4.161474e-12 -1.492683e+02 -5.970734e+03
INFO: cmn.c(133): CMN: 58.42  3.88  8.65  0.06 -1.46 25.51  0.19 -4.09 -3.36 -2.17  2.43  3.72  9.20 
utt>   165                abir_dui01   99    0    12 7  1 2 9.216613e-13 -1.534710e+02 -1.519363e+04
INFO: cmn.c(133): CMN: 58.63  6.84 19.40  0.77  9.11 21.17  3.55  5.73 -2.13 -14.48 -7.85 -6.18 -3.54 
utt>   166                abir_dui02   95    0    12 8  1 2 1.053582e-12 -1.540050e+02 -1.463048e+04
INFO: cmn.c(133): CMN: 113.11 -9.42  2.30  2.50  4.94  4.80 -0.42 -7.44 -8.33 -5.99 -8.35 -11.13 -8.33 
utt>   167                tonmoy_dui   44    0    12 10  2 3 3.070153e-12 -1.503239e+02 -6.614253e+03
INFO: cmn.c(133): CMN: 115.32 -9.85 -1.99 -1.04  2.63  2.39  6.67  7.71  8.09  8.17  7.57  7.66  7.15 
utt>   168                towsic_dui   37    0    12 10  3 6 6.262777e-12 -1.500071e+02 -5.550262e+03
INFO: cmn.c(133): CMN: 116.29 -16.08 -5.95 -4.01  3.78 -1.28 -3.62 -0.75  2.38  1.69 -3.57  4.84  4.66 
utt>   169                  abir_eek   32    0    12 10  2 4 4.292619e-12 -1.493250e+02 -4.778399e+03
INFO: cmn.c(133): CMN: 68.68 -1.85 -15.47 -0.28 -33.88 -3.06  4.61  5.00 -18.23  8.48 -6.69 -6.92  9.00 
utt>   170                abir_eek01   83    0    12 7  1 2 1.205326e-12 -1.539701e+02 -1.277952e+04
INFO: cmn.c(133): CMN: 63.99  1.37  1.82  3.34 -22.91 -4.19  4.41  6.29 -0.96 -2.04 -2.20  1.01  3.92 
utt>   171                abir_eek02   83    0    12 7  1 3 2.330703e-12 -1.481871e+02 -1.229953e+04
INFO: cmn.c(133): CMN: 114.43 -14.03  1.15  0.99  5.70  1.10 -0.15 -5.23 -6.36 -8.96 -7.88 -5.89 -5.02 
utt>   172                tonmoy_eek   31    0    12 10  2 4 3.606696e-12 -1.515262e+02 -4.697312e+03
INFO: cmn.c(133): CMN: 116.27 -14.59 -2.20 -4.91  2.88  3.08 -0.63 -0.55  3.39  4.87  4.36  1.05  4.41 
utt>   173                towsic_eek   30    0    12 10  3 6 7.112353e-12 -1.467026e+02 -4.401078e+03
INFO: cmn.c(133): CMN: 115.99 -11.68 -3.65 -3.75 -2.64 -0.06 -2.89 -5.31 -1.82 -1.16 -4.55 -1.36  1.62 
utt>   174             abir_football   40    0    12 10  3 6 2.844193e-12 -1.516482e+02 -6.065928e+03
INFO: cmn.c(133): CMN: 64.85 17.28 -8.31 -14.90 -8.07 14.82 -8.18 -16.58 -6.17 -3.37 -4.45 -5.59  2.95 
utt>   175           abir_football01  110    0    12 7  1 2 1.579431e-12 -1.558920e+02 -1.714812e+04
INFO: cmn.c(133): CMN: 59.35  8.79  7.80 -12.23  0.98 20.04 -2.46  5.70 -9.73 -9.66 -3.72 -0.54  0.74 
utt>   176           abir_football02  114    0    12 8  1 2 1.945316e-12 -1.507196e+02 -1.718204e+04
INFO: cmn.c(133): CMN: 113.89 -9.08 -0.33  2.18  1.50  2.03  0.34 -3.38 -6.36 -8.40 -11.74 -12.67 -8.17 
utt>   177           tonmoy_football   55    0    12 10  2 4 2.717674e-12 -1.489419e+02 -8.191805e+03
INFO: cmn.c(133): CMN: 115.16 -11.59 -3.53 -1.02  2.55  3.50  3.06  3.90  3.32  5.08  7.52  5.96  5.46 
utt>   178           towsic_football   45    0    12 10  4 8 1.436089e-11 -1.539376e+02 -6.927193e+03
INFO: cmn.c(133): CMN: 115.28 -12.40 -1.53 -2.30 -1.75 -1.24 -1.25 -2.86 -3.72  0.87  4.69  4.57  1.77 
utt>   179                 abir_fufu   35    0    12 10  4 9 7.331600e-12 -1.514904e+02 -5.302163e+03
INFO: cmn.c(133): CMN: 56.77 15.07 11.49 -6.72 -10.71 10.82  7.95  0.39 -17.61 -14.25 -7.11 -2.26 11.05 
utt>   180               abir_fufu01  104    0    12 8  1 2 1.078103e-12 -1.549526e+02 -1.611507e+04
INFO: cmn.c(133): CMN: 59.87 11.19  9.38 -6.86 -3.58 15.37  9.56  4.55 -9.57 -17.04 -4.86 -0.86  4.89 
utt>   181               abir_fufu02  103    0    12 8  1 3 2.637315e-12 -1.521338e+02 -1.566978e+04
INFO: cmn.c(133): CMN: 113.46 -10.04  2.14  2.38 -0.02 -1.60 -1.64 -4.66 -7.78 -10.07 -12.16 -12.15 -3.63 
utt>   182               tonmoy_fufu   54    0    12 10  1 3 6.790900e-12 -1.483051e+02 -8.008477e+03
INFO: cmn.c(133): CMN: 116.07 -13.00 -3.17 -0.37  0.97 -2.03  1.98  1.46 -0.04 -4.81 -5.06 -3.12 -0.52 
utt>   183               towsic_fufu   44    0    12 10  2 4 1.649242e-12 -1.530007e+02 -6.732029e+03
INFO: cmn.c(133): CMN: 115.00 -12.47 -5.31 -2.05 -2.81 -2.40 -4.21 -3.47 -1.53 -1.69 -0.24  1.10  1.29 
utt>   184              abir_ghumano   42    0    12 10  5 10 8.184453e-12 -1.520831e+02 -6.387488e+03
INFO: cmn.c(133): CMN: 62.08 15.71 -8.70 -11.55 -5.60  5.77  0.88 -7.85 -8.59 -4.48 -6.35 -6.38  3.50 
utt>   185            abir_ghumano01  118    0    12 8  1 2 1.239630e-12 -1.548588e+02 -1.827334e+04
INFO: cmn.c(133): CMN: 62.09 13.93  2.01 -7.05 -3.00  5.47  2.07  1.85 -9.27 -7.27 -2.43  9.88  6.29 
utt>   186            abir_ghumano02  114    0    12 8  1 2 2.857868e-12 -1.514131e+02 -1.726110e+04
INFO: cmn.c(133): CMN: 113.10 -8.05  1.75  2.80  3.57  4.01  1.98 -3.57 -7.04 -5.71 -9.38 -11.09 -7.78 
utt>   187            tonmoy_ghumano   66    0    12 9  2 3 2.161309e-12 -1.465950e+02 -9.675272e+03
INFO: cmn.c(133): CMN: 114.80 -10.88 -2.60 -0.07  5.92  4.41  3.01  4.07  5.40  9.31  8.08  5.26  6.25 
utt>   188            towsic_ghumano   40    0    12 10  3 5 1.166141e-12 -1.540672e+02 -6.162687e+03
INFO: cmn.c(133): CMN: 114.97 -13.40 -1.25 -2.15  2.42 -1.10 -5.06 -0.67 -0.31  3.17  0.97  2.06  3.34 
utt>   189                 abir_hata   34    0    12 10  3 6 1.303776e-11 -1.542037e+02 -5.242926e+03
INFO: cmn.c(133): CMN: 66.33  2.59 -26.87 -8.00 -8.12  3.05  4.41 17.76 -4.56 -12.86 -3.65  4.43  2.57 
utt>   190               abir_hata01  113    0    12 8  1 2 1.699806e-12 -1.514931e+02 -1.711872e+04
INFO: cmn.c(133): CMN: 64.77  5.24 -9.67 -11.55 -7.68  3.57  1.26 25.35  5.38 -14.02  3.29 -1.23  1.99 
utt>   191               abir_hata02  107    0    12 8  1 2 2.099649e-12 -1.522354e+02 -1.628919e+04
INFO: cmn.c(133): CMN: 114.43 -11.15  2.69  1.72  4.43  1.37  4.83  5.78 -3.24 -2.21 -5.65 -5.73 -8.75 
utt>   192               tonmoy_hata   50    0    12 10  2 4 8.502604e-12 -1.509392e+02 -7.546962e+03
INFO: cmn.c(133): CMN: 115.04 -13.17  0.68  0.77  4.65  4.09  3.71  8.36 10.54  6.43  3.78  4.02  9.07 
utt>   193               towsic_hata   33    0    12 10  4 8 1.642416e-11 -1.531235e+02 -5.053074e+03
INFO: cmn.c(133): CMN: 115.61 -11.56 -6.17 -6.79 -0.97 -2.73 -5.62 -6.15 -3.46  1.38  3.53  3.20  0.32 
utt>   194                abir_hello   31    0    12 10  4 8 1.028854e-11 -1.534843e+02 -4.758012e+03
INFO: cmn.c(133): CMN: 63.25 12.48 -8.56 -7.29 -6.15  1.55 -6.02 -6.64 -12.97 -5.02 -4.38  4.88  3.46 
utt>   195              abir_hello01  105    0    12 7  1 2 2.132718e-12 -1.520310e+02 -1.596326e+04
INFO: cmn.c(133): CMN: 60.62  3.10  3.39 -4.81 -0.75  0.38 -0.88 14.61 -12.60 -2.51 -5.99 -2.01  3.53 
utt>   196              abir_hello02   90    0    12 8  1 2 2.792018e-12 -1.507750e+02 -1.356975e+04
INFO: cmn.c(133): CMN: 113.99 -7.01  1.01 -0.75  3.07  3.32  4.29  1.43 -1.59 -2.39 -4.86 -8.55 -10.93 
utt>   197              tonmoy_hello   51    0    12 10  3 7 5.048711e-12 -1.472211e+02 -7.508278e+03
INFO: cmn.c(133): CMN: 116.27 -11.85 -1.83  0.37  3.91  2.73  0.15  2.52  7.54  7.65  5.29  2.19  2.93 
utt>   198              towsic_hello   35    0    12 10  6 11 1.229911e-12 -1.488996e+02 -5.211484e+03
INFO: cmn.c(133): CMN: 115.16 -10.17 -2.39 -4.36 -3.52 -3.90 -1.02 -4.19 -1.18  0.06  5.51  4.85  3.04 
utt>   199                abir_holud   35    0    12 10  3 7 5.081206e-12 -1.506561e+02 -5.272964e+03
INFO: cmn.c(133): CMN: 60.44 14.73  4.99 -12.37  9.77 12.01 -10.81 -13.11 -21.35 -9.14 -4.80 -7.00  8.56 
utt>   200              abir_holud01  106    0    12 8  1 2 4.735753e-13 -1.545833e+02 -1.638583e+04
INFO: cmn.c(133): CMN: 60.16  5.90 12.27  0.61 12.96 13.21 -2.42  9.15 -12.62 -11.34 -2.66 -5.20  1.43 
utt>   201              abir_holud02  101    0    12 8  1 2 2.638365e-12 -1.512289e+02 -1.527412e+04
INFO: cmn.c(133): CMN: 112.58 -8.61  1.86  3.13  3.12  3.68  1.73 -1.15 -5.82 -7.82 -9.05 -11.80 -8.51 
utt>   202              tonmoy_holud   68    0    12 9  1 2 3.538522e-12 -1.456796e+02 -9.906210e+03
INFO: cmn.c(133): CMN: 115.23 -9.76 -1.52 -0.70 -0.74  1.07  1.25  2.10  0.83  5.40 12.01 11.63 12.46 
utt>   203              towsic_holud   37    0    12 10  3 5 6.086422e-12 -1.520750e+02 -5.626774e+03
INFO: cmn.c(133): CMN: 115.71 -12.71 -3.20 -4.93 -2.12 -1.76 -3.47 -4.68 -0.06 -0.21  5.07  2.26  3.29 
utt>   204             abir_internet   48    0    12 10  3 6 3.792803e-12 -1.534646e+02 -7.366300e+03
INFO: cmn.c(133): CMN: 67.61  0.98  1.41  9.32 -25.52 -3.20  5.51 -3.86 -16.16  0.53 -3.44  4.49  5.91 
utt>   205           abir_internet01  117    0    12 7  1 2 1.472582e-12 -1.561384e+02 -1.826819e+04
INFO: cmn.c(133): CMN: 61.95  3.92  8.49  7.99 -7.19  7.60 12.80  7.67 -11.53 -6.74 -6.71 -0.34  3.18 
utt>   206           abir_internet02  108    0    12 8  1 2 1.114359e-12 -1.526917e+02 -1.649071e+04
INFO: cmn.c(133): CMN: 113.55 -10.38  0.94  0.98  4.79 -0.42 -3.54 -9.46 -7.10 -10.74 -13.40 -13.26 -10.11 
utt>   207           tonmoy_internet   57    0    12 10  1 3 4.111616e-12 -1.544411e+02 -8.803142e+03
INFO: cmn.c(133): CMN: 115.52 -12.23 -2.21 -0.84  1.01  1.09 -0.70 -0.65  5.21  6.93  7.35  9.04  9.10 
utt>   208           towsic_internet   56    0    12 11  2 5 5.607178e-12 -1.514045e+02 -8.478653e+03
INFO: cmn.c(133): CMN: 116.34 -12.85 -4.63 -3.01  0.24 -0.86 -7.42 -3.53 -3.88 -3.46 -4.65 -4.02  3.30 
utt>   209                 abir_jawa   37    0    12 10  2 5 4.386755e-12 -1.471955e+02 -5.446235e+03
INFO: cmn.c(133): CMN: 69.85  7.61 -23.47 -18.27 -7.20 12.45 -1.62  9.71 -2.17 -6.75 -14.05 -3.00  8.80 
utt>   210               abir_jawa01  105    0    12 7  1 2 1.265220e-12 -1.524313e+02 -1.600529e+04
INFO: cmn.c(133): CMN: 64.72 11.99 -1.05 -15.70 -4.08  7.67 -4.27 13.59  0.23 -4.77  5.79  2.39  0.22 
utt>   211               abir_jawa02  102    0    12 8  1 2 1.158586e-12 -1.502240e+02 -1.532285e+04
INFO: cmn.c(133): CMN: 113.90 -10.94 -0.70  3.58  4.92  2.60  5.45  3.51 -3.14 -6.21 -3.66 -5.52 -9.29 
utt>   212               tonmoy_jawa   56    0    12 11  4 9 1.459357e-11 -1.517564e+02 -8.498358e+03
INFO: cmn.c(133): CMN: 115.86 -12.66 -5.75 -2.60  4.49  3.71 -3.60  1.21  5.05  0.71  5.85  6.53  8.48 
utt>   213               towsic_jawa   34    0    12 10  2 5 3.410442e-12 -1.491149e+02 -5.069908e+03
INFO: cmn.c(133): CMN: 116.42 -15.34 -5.08  0.68  1.38 -3.36 -4.78  1.53 -2.73  3.56 -0.63  3.16  1.41 
utt>   214                 abir_kaaz   36    0    12 10  3 6 9.081213e-12 -1.493208e+02 -5.375548e+03
INFO: cmn.c(133): CMN: 68.84  1.75 -20.32 -12.16 -7.70 -1.36 -4.38 16.11  1.64 -23.80 -3.88  2.43 20.21 
utt>   215               abir_kaaz01   91    0    12 7  1 2 1.859377e-12 -1.524380e+02 -1.387186e+04
INFO: cmn.c(133): CMN: 61.18  2.89 -2.08 -8.57 -4.81  0.73 -3.46 14.87  2.97 -8.35  3.54  3.62  6.06 
utt>   216               abir_kaaz02  102    0    12 7  1 2 2.202325e-12 -1.501237e+02 -1.531261e+04
INFO: cmn.c(133): CMN: 111.62 -10.18  3.33  0.70  1.66 -0.30 -0.94 -0.21 -4.55 -4.18 -5.99 -3.05 -7.32 
utt>   217               tonmoy_kaaz   65    0    12 11  1 3 5.169173e-12 -1.433670e+02 -9.318855e+03
INFO: cmn.c(133): CMN: 116.12 -12.39 -4.31 -3.13  3.49 -2.78 -3.15  1.34  6.11  1.47 -0.34  5.28  5.75 
utt>   218               towsic_kaaz   30    0    12 10  4 7 1.445383e-11 -1.495682e+02 -4.487045e+03
INFO: cmn.c(133): CMN: 115.53 -14.66 -3.36 -1.11 -0.52 -2.65 -4.77 -4.42  0.84 -0.96 -2.27 -0.07  1.24 
utt>   219                 abir_kalo   33    0    12 10  3 6 5.734693e-12 -1.553044e+02 -5.125046e+03
INFO: cmn.c(133): CMN: 63.62 17.61 -11.60 -15.94 -0.73  9.18 -13.39 -8.86 -10.55 -14.33 -4.14  6.73  4.30 
utt>   220               abir_kalo01   98    0    12 8  1 2 1.094027e-12 -1.585558e+02 -1.553846e+04
INFO: cmn.c(133): CMN: 60.18  9.30  6.08 -5.95  1.30  7.18 -11.09 12.05 -0.55 -4.95  0.83 -1.07  6.07 
utt>   221               abir_kalo02   88    0    12 10  1 3 2.001363e-12 -1.552522e+02 -1.366220e+04
INFO: cmn.c(133): CMN: 106.38 -10.13  2.36  1.31  1.12 -0.13 -0.66 -2.08 -2.86 -3.97 -4.74 -5.23 -4.48 
utt>   222               tonmoy_kalo 3838    0    12 2  1 1 1.058433e-13 -1.499446e+02 -5.754872e+05
INFO: cmn.c(133): CMN: 115.82 -12.54 -2.56 -2.12  0.27 -0.99  1.49 -0.70 -1.05  9.69  5.14  5.29  4.19 
utt>   223               towsic_kalo   38    0    12 10  2 4 1.382922e-11 -1.514612e+02 -5.755527e+03
INFO: cmn.c(133): CMN: 115.98 -11.43 -2.08 -2.38  4.32  0.20 -6.96 -4.13  1.88 -1.62 -5.38 -5.16  0.14 
utt>   224               abir_kathal   35    0    12 10  2 5 7.162483e-12 -1.507300e+02 -5.275549e+03
INFO: cmn.c(133): CMN: 71.79 12.64 -25.47 -7.84 -6.59  4.25 -10.12 11.71 -1.74 -18.77 -12.04  5.99  4.01 
utt>   225             abir_kathal01   86    0    12 7  1 2 3.454639e-12 -1.564871e+02 -1.345789e+04
INFO: cmn.c(133): CMN: 63.98  9.49 -5.79 -2.54 -7.40 -1.40 -5.73 16.87  6.09 -11.73  2.34  4.73  0.32 
utt>   226             abir_kathal02   95    0    12 8  1 2 1.936180e-12 -1.518258e+02 -1.442345e+04
INFO: cmn.c(133): CMN: 113.73 -10.09  0.18  1.60  2.93 -0.07 -0.48  1.03 -4.41 -6.86 -6.83 -6.38 -4.16 
utt>   227             tonmoy_kathal   58    0    12 11  2 4 6.751608e-12 -1.473112e+02 -8.544050e+03
INFO: cmn.c(133): CMN: 115.94 -14.00 -2.58 -5.11  4.52 -2.19 -5.79  0.49  0.84  4.00  0.76  2.76  2.88 
utt>   228             towsic_kathal   40    0    12 10  3 6 4.205565e-12 -1.507663e+02 -6.030651e+03
INFO: cmn.c(133): CMN: 116.15 -15.09 -5.65 -5.19  3.39 -0.95 -10.48  0.30 -1.97 -4.62 -3.84  0.07  0.93 
utt>   229                abir_khala   29    0    12 10  2 5 4.572757e-12 -1.539565e+02 -4.464738e+03
INFO: cmn.c(133): CMN: 66.80  9.26 -27.29 -15.93 -3.61  6.87 -4.30 17.14 -3.29 -16.61 -10.40  2.20  7.14 
utt>   230              abir_khala01   98    0    12 7  1 2 1.525175e-12 -1.513630e+02 -1.483358e+04
INFO: cmn.c(133): CMN: 62.47  6.95 -5.97 -12.33 -1.69  6.38 -7.80 20.11  0.44 -19.42 -3.10 -1.74  7.08 
utt>   231              abir_khala02   92    0    12 8  1 2 2.659353e-12 -1.507694e+02 -1.387078e+04
INFO: cmn.c(133): CMN: 114.48 -12.51  0.94  1.14  3.50 -0.41  1.35 -0.26 -2.66 -3.31 -6.32 -8.33 -10.76 
utt>   232              tonmoy_khala   41    0    12 10  2 4 4.291375e-12 -1.493677e+02 -6.124076e+03
INFO: cmn.c(133): CMN: 116.00 -14.41 -1.99  0.25  3.61 -1.51 -8.09 -3.29 -4.72 -0.94  2.85  2.17  7.37 
utt>   233              towsic_khala   34    0    12 10  3 7 8.327496e-12 -1.524926e+02 -5.184749e+03
INFO: cmn.c(133): CMN: 115.44 -13.02 -5.25 -4.18  0.66 -1.69 -4.61 -0.92 -4.20 -1.24  2.90  5.21  6.82 
utt>   234               abir_khulna   36    0    12 10  4 8 6.320861e-12 -1.536747e+02 -5.532291e+03
INFO: cmn.c(133): CMN: 67.66 12.62 -13.22 -9.68 -4.78 -2.73 -9.90  9.41 -6.84 -12.14 -10.38  2.38  3.24 
utt>   235             abir_khulna01   92    0    12 7  1 2 1.004251e-12 -1.570679e+02 -1.445025e+04
INFO: cmn.c(133): CMN: 61.39 11.18  1.53 -9.19 -0.94  5.15 -5.40 12.78 -4.65 -10.55 -3.04  8.28  3.84 
utt>   236             abir_khulna02  110    0    12 7  1 2 1.133061e-12 -1.514178e+02 -1.665596e+04
INFO: cmn.c(133): CMN: 112.21 -10.35  3.00  1.63  1.12  1.26 -2.14 -5.56 -8.18 -7.55 -14.11 -11.49 -4.84 
utt>   237             tonmoy_khulna   54    0    12 10  1 3 3.487749e-12 -1.480222e+02 -7.993201e+03
INFO: cmn.c(133): CMN: 116.45 -11.28 -1.82 -0.39  2.07  1.63 -0.76  5.13  6.33  5.26  5.22  6.17  8.59 
utt>   238             towsic_khulna   34    0    12 10  2 5 7.653046e-12 -1.483510e+02 -5.043934e+03
INFO: cmn.c(133): CMN: 115.41 -13.99 -4.95 -3.97  0.30  5.29 -1.49 -4.02 -3.19 -1.18  1.41 -0.88  0.84 
utt>   239                 abir_kola   32    0    12 10  3 6 5.195144e-12 -1.525947e+02 -4.883031e+03
INFO: cmn.c(133): CMN: 65.48 12.19 -22.16 -17.21 -7.80  8.13 -3.99  6.23  9.29 -23.64 -2.90 -2.18 10.94 
utt>   240               abir_kola01  101    0    12 7  1 2 4.416908e-13 -1.517161e+02 -1.532333e+04
INFO: cmn.c(133): CMN: 64.68 12.28 -2.79 -14.71 -5.77  3.62 -10.45 12.62  5.53 -12.52 -0.19 -5.12  3.60 
utt>   241               abir_kola02   89    0    12 7  1 2 2.976555e-12 -1.531750e+02 -1.363258e+04
INFO: cmn.c(133): CMN: 114.71 -11.99 -0.98  3.13  1.75 -2.21  0.93  1.82 -4.67 -11.37 -8.72 -11.09 -9.37 
utt>   242               tonmoy_kola   45    0    12 10  2 4 4.587046e-12 -1.495600e+02 -6.730201e+03
INFO: cmn.c(133): CMN: 116.56 -13.44 -4.31  0.05  1.14 -2.72 -2.29 -0.05  2.66  4.85  4.10  4.05  2.63 
utt>   243               towsic_kola   30    0    12 10  2 5 6.425634e-12 -1.510269e+02 -4.530806e+03
INFO: cmn.c(133): CMN: 114.47 -11.29 -4.31 -4.19 -2.68  3.57 -1.12 -4.73 -1.20 -1.83  3.15  0.44  4.42 
utt>   244                abir_kolom   37    0    12 10  3 6 2.217283e-12 -1.521422e+02 -5.629262e+03
INFO: cmn.c(133): CMN: 63.03 17.50 -4.55 -15.34 -7.52 13.62 -2.09 -13.26 -0.87 -4.26  2.78 -2.66 -0.88 
utt>   245              abir_kolom01  105    0    12 7  1 2 1.309310e-12 -1.529552e+02 -1.606030e+04
INFO: cmn.c(133): CMN: 64.25 15.09  7.96 -12.10 -2.35 15.79 -8.29 -1.96 -1.05 -10.68  0.74 -0.87  3.24 
utt>   246              abir_kolom02   89    0    12 8  1 2 2.230745e-12 -1.524792e+02 -1.357065e+04
INFO: cmn.c(133): CMN: 113.31 -9.67  0.88  3.72  4.35  2.10  5.25  2.01 -0.98 -10.40 -8.44 -7.66 -11.37 
utt>   247              tonmoy_kolom   51    0    12 10  1 3 3.200198e-12 -1.490372e+02 -7.600897e+03
INFO: cmn.c(133): CMN: 116.34 -11.72 -2.30 -1.56  1.30  4.62 -2.19 -0.97  5.71  5.24  6.51  1.84  7.87 
utt>   248              towsic_kolom   33    0    12 10  2 5 1.668921e-12 -1.496162e+02 -4.937333e+03
INFO: cmn.c(133): CMN: 116.29 -14.11 -1.51 -5.36 -1.15  2.65 -8.67 -8.31 -2.00 -4.17 -3.21 -3.77 -0.23 
utt>   249               abir_komola   36    0    12 10  4 8 4.812632e-12 -1.517762e+02 -5.463944e+03
INFO: cmn.c(133): CMN: 66.14 16.41 -21.13 -14.13 -11.85  4.25 -5.86 -2.99  3.67 -15.33 -8.00 -1.67 11.21 
utt>   250             abir_komola01  105    0    12 7  1 2 2.580346e-12 -1.532022e+02 -1.608623e+04
INFO: cmn.c(133): CMN: 68.28 11.59  2.14 -8.55 -6.36  8.43 -6.27 14.83 -3.75 -9.29 -1.18 -1.56  4.56 
utt>   251             abir_komola02   88    0    12 8  1 2 2.225596e-12 -1.535540e+02 -1.351275e+04
INFO: cmn.c(133): CMN: 114.01 -11.20  0.20  1.92  1.74 -0.32 -2.79 -5.11 -5.42 -8.15 -13.96 -12.94 -12.07 
utt>   252             tonmoy_komola   47    0    12 10  1 3 5.132356e-12 -1.499190e+02 -7.046195e+03
INFO: cmn.c(133): CMN: 116.92 -11.98 -2.21  1.40  6.98  0.71 -1.27  5.16  2.82  4.56  8.98  6.36  0.80 
utt>   253             towsic_komola   31    0    12 10  2 4 5.047231e-12 -1.497599e+02 -4.642557e+03
INFO: cmn.c(133): CMN: 115.61 -13.55 -4.53 -3.97 -1.53 -0.73 -3.46 -2.99 -2.13 -0.22  1.83  2.86  3.69 
utt>   254                 abir_laal   44    0    12 10  3 6 8.234924e-12 -1.507524e+02 -6.633104e+03
INFO: cmn.c(133): CMN: 66.65 11.36 -11.79 -7.40  3.60  7.20 -14.67 14.43 -5.80 -20.43 -9.29  6.11 12.91 
utt>   255               abir_laal01  106    0    12 7  1 2 3.035970e-12 -1.555557e+02 -1.648891e+04
INFO: cmn.c(133): CMN: 66.24  7.95 -0.42 -13.63  1.71  1.00 -11.20 27.55 -4.52 -12.48 -11.59 -1.15  1.09 
utt>   256               abir_laal02   94    0    12 8  1 2 1.237516e-12 -1.489546e+02 -1.400173e+04
INFO: cmn.c(133): CMN: 113.75 -9.47 -0.20  2.97  4.01  4.08  3.76  4.60 -3.43 -0.25 -3.97 -5.35 -5.43 
utt>   257               tonmoy_laal   58    0    12 11  1 3 4.118579e-12 -1.468067e+02 -8.514786e+03
INFO: cmn.c(133): CMN: 115.65 -12.81 -4.16 -2.73  1.74 -2.31 -7.33  0.54 -2.86 -0.97 -0.16  4.88  4.25 
utt>   258               towsic_laal   36    0    12 10  3 5 1.120794e-11 -1.500970e+02 -5.403493e+03
INFO: cmn.c(133): CMN: 115.67 -13.43 -4.20 -2.81 -1.18 -4.27 -9.29 -3.99 -2.48 -5.03 -2.30 -3.97 -0.61 
utt>   259                   abir_ma   32    0    12 10  3 6 6.670672e-13 -1.491926e+02 -4.774164e+03
INFO: cmn.c(133): CMN: 65.88  8.34 -20.87 -12.48 -2.25 11.76 -7.16  5.25 10.91 -8.28 -5.25 -7.65 10.14 
utt>   260                 abir_ma01  101    0    12 7  1 2 1.549860e-12 -1.532775e+02 -1.548103e+04
INFO: cmn.c(133): CMN: 61.76  9.86 -8.70 -15.14  4.82  9.30  0.57 14.87  5.37 -4.47 -5.21 -3.20  6.88 
utt>   261                 abir_ma02   87    0    12 7  1 2 2.861891e-12 -1.470914e+02 -1.279695e+04
INFO: cmn.c(133): CMN: 113.75 -10.94 -0.92  2.88  1.27  2.45  3.76  0.34 -2.03 -2.05 -5.41 -10.57 -11.95 
utt>   262                 tonmoy_ma   59    0    12 11  2 4 4.882720e-12 -1.442139e+02 -8.508622e+03
INFO: cmn.c(133): CMN: 115.35 -12.71 -4.47  0.37 -1.77 -6.51 -6.18 -0.82 -9.50 -1.43  5.77  1.61 11.07 
utt>   263                 towsic_ma   38    0    12 10  4 9 1.246149e-11 -1.512582e+02 -5.747811e+03
INFO: cmn.c(133): CMN: 116.78 -11.27 -4.12 -1.96  6.54  0.41 -8.60 -2.89 -2.84 -4.53  0.47 -4.87 -0.51 
utt>   264                abir_maach   38    0    12 10  3 6 5.283931e-12 -1.501883e+02 -5.707155e+03
INFO: cmn.c(133): CMN: 65.97  5.32 -19.36 -15.57 -0.47  7.54 -1.80 -0.81  7.26 -14.61  2.56 -7.42 10.40 
utt>   265              abir_maach01   97    0    12 7  1 2 2.782998e-12 -1.548131e+02 -1.501688e+04
INFO: cmn.c(133): CMN: 59.92  2.83 -0.52 -13.78 -1.64  2.73  0.79 15.08  2.13 -7.71  3.40 -2.91  7.20 
utt>   266              abir_maach02   95    0    12 8  1 2 3.051307e-12 -1.509103e+02 -1.433648e+04
INFO: cmn.c(133): CMN: 112.92 -10.43  1.43  1.82  3.20  0.23 -1.04 -4.92 -6.58 -5.97 -9.61 -12.68 -9.45 
utt>   267              tonmoy_maach   60    0    12 11  2 3 5.585934e-12 -1.460020e+02 -8.760123e+03
INFO: cmn.c(133): CMN: 116.58 -14.55 -4.60 -4.77  0.87 -4.19 -3.97  3.98 -1.31 -1.83  6.07  7.22  6.58 
utt>   268              towsic_maach   40    0    12 10  4 8 4.828542e-12 -1.487802e+02 -5.951208e+03
INFO: cmn.c(133): CMN: 115.25 -11.28 -3.83 -3.92 -1.36 -0.52 -3.54 -4.78 -8.22 -7.74 -3.02 -2.01 -3.41 
utt>   269              abir_mangsho   36    0    12 10  2 5 2.853383e-12 -1.542084e+02 -5.551501e+03
INFO: cmn.c(133): CMN: 65.78 12.06 -5.64 -7.22 -3.35  8.22 -13.06 -13.25 -2.95 -8.92  0.28  2.74  7.19 
utt>   270            abir_mangsho01  114    0    12 7  1 2 1.958428e-12 -1.554324e+02 -1.771930e+04
INFO: cmn.c(133): CMN: 61.47  5.45  4.72 -4.60  5.42  7.77 -4.17  5.75 -5.10 -6.51 -2.88 -0.15  2.78 
utt>   271            abir_mangsho02  110    0    12 7  1 2 4.203552e-13 -1.534376e+02 -1.687814e+04
INFO: cmn.c(133): CMN: 113.65 -8.60  0.73  0.77  3.38  2.61  1.92 -0.47 -4.54 -3.17 -5.52 -12.94 -11.79 
utt>   272            tonmoy_mangsho   59    0    12 10  1 2 7.072116e-13 -1.516025e+02 -8.944547e+03
INFO: cmn.c(133): CMN: 115.50 -12.13 -2.92 -0.39  1.13  0.81  1.30  5.11  5.42  5.15  9.90  6.59  7.13 
utt>   273            towsic_mangsho   39    0    12 10  3 7 3.367774e-12 -1.533691e+02 -5.981394e+03
INFO: cmn.c(133): CMN: 115.98 -16.14 -5.06 -5.06 -2.35 -0.75 -7.63 -9.93  0.36 -4.84 -2.71  1.15  0.49 
utt>   274                 abir_mash   36    0    12 10  3 5 2.676795e-12 -1.509258e+02 -5.433330e+03
INFO: cmn.c(133): CMN: 67.13 -1.20 -12.94 -19.09  2.87  4.84 -6.81  2.62  4.08 -7.54  0.39 -6.12  9.08 
utt>   275               abir_mash01  102    0    12 7  1 2 9.127236e-13 -1.543566e+02 -1.574437e+04
INFO: cmn.c(133): CMN: 66.59 -2.90  0.32 -12.68  1.07  1.08 -0.43 14.21 -3.15 -2.26 -3.29 -9.00 -0.28 
utt>   276               abir_mash02  104    0    12 7  1 2 1.675275e-12 -1.521126e+02 -1.581971e+04
INFO: cmn.c(133): CMN: 113.69 -12.48  1.32  1.98  1.56  1.84 -1.20 -4.39 -4.12 -8.09 -7.35 -11.44 -12.78 
utt>   277               tonmoy_mash   53    0    12 11  1 3 2.400433e-12 -1.478741e+02 -7.837327e+03
INFO: cmn.c(133): CMN: 116.30 -16.49 -5.44  0.03  3.48  1.78 -0.04  0.98  2.94  1.86  8.22  5.96  6.48 
utt>   278               towsic_mash   37    0    12 10  2 4 7.828488e-12 -1.531330e+02 -5.665923e+03
INFO: cmn.c(133): CMN: 114.78 -10.64 -4.42 -4.15 -0.66 -1.77 -5.17 -2.34  1.29  1.32  2.23  2.12  5.84 
utt>   279          abir_maymansingh   45    0    12 10  3 6 1.041821e-11 -1.532972e+02 -6.898372e+03
INFO: cmn.c(133): CMN: 66.57  9.43  3.34  2.25 -10.26 13.84  1.43 -14.52 -2.49 -10.81 -2.05  2.31  5.46 
utt>   280        abir_maymansingh01  118    0    12 7  1 2 5.758419e-13 -1.578080e+02 -1.862134e+04
INFO: cmn.c(133): CMN: 63.75  8.47 11.47 -5.38  6.18 15.19  0.98  3.03 -1.81 -14.06 -2.72 -7.73  0.99 
utt>   281        abir_maymansingh02  113    0    12 7  1 2 3.255486e-12 -1.538300e+02 -1.738279e+04
INFO: cmn.c(133): CMN: 113.25 -9.57  0.67  3.00  3.18  1.34 -1.84 -6.68 -7.12 -9.78 -12.62 -13.72 -10.82 
utt>   282        tonmoy_maymansingh   69    0    12 10  1 2 4.056582e-12 -1.496356e+02 -1.032486e+04
INFO: cmn.c(133): CMN: 115.15 -9.73 -1.71 -1.26  5.01  4.60  2.50  1.24  3.15  8.60  9.20  7.71  9.58 
utt>   283        towsic_maymansingh   48    0    12 10  2 4 5.130194e-12 -1.492454e+02 -7.163780e+03
INFO: cmn.c(133): CMN: 115.45 -11.19 -4.61 -1.85  0.58 -1.90 -1.19  1.19 -6.26 -2.06 -2.89 -0.44  0.60 
utt>   284               abir_mishti   34    0    12 10  5 10 5.967672e-12 -1.549693e+02 -5.268958e+03
INFO: cmn.c(133): CMN: 61.85  0.48 27.45 14.64 -5.20 18.49 -0.80 -4.33 -8.95 -10.08 -4.51  1.79 -5.25 
utt>   285             abir_mishti01  101    0    12 8  1 2 1.056224e-12 -1.546386e+02 -1.561849e+04
INFO: cmn.c(133): CMN: 57.55 -3.21 22.77  3.26  5.58 13.62  3.46  9.65 -7.42 -16.03 -3.63 -3.21 -6.49 
utt>   286             abir_mishti02  112    0    12 7  1 2 1.308075e-12 -1.524563e+02 -1.707510e+04
INFO: cmn.c(133): CMN: 114.31 -9.61 -0.31  0.44  3.47  0.57 -3.47 -7.11 -8.12 -5.63 -12.82 -11.29 -7.39 
utt>   287             tonmoy_mishti   51    0    12 10  1 3 6.749023e-12 -1.541162e+02 -7.859924e+03
INFO: cmn.c(133): CMN: 115.28 -10.39 -0.82 -1.39  3.61  4.53  3.06  3.39  5.48  5.79  3.81  4.31  5.67 
utt>   288             towsic_mishti   38    0    12 10  3 6 6.568558e-12 -1.520334e+02 -5.777270e+03
INFO: cmn.c(133): CMN: 114.54 -8.33 -4.28 -6.47 -3.32 -1.33 -6.96 -8.41 -8.40 -8.34 -2.92 -2.99 -0.12 
utt>   289               abir_mobile   37    0    12 10  4 8 1.191075e-11 -1.523679e+02 -5.637611e+03
INFO: cmn.c(133): CMN: 66.48  7.20 -3.09  4.49 -14.94  6.50  5.32 -2.56 -5.60 -9.17 -4.21 -2.22 -3.56 
utt>   290             abir_mobile01  115    0    12 7  1 2 1.953907e-12 -1.526805e+02 -1.755826e+04
INFO: cmn.c(133): CMN: 59.82  8.29 10.61  0.98 -3.52 10.45  5.50  8.13 -6.34 -5.54  1.07  0.17  2.81 
utt>   291             abir_mobile02  108    0    12 7  1 2 9.646154e-13 -1.499363e+02 -1.619312e+04
INFO: cmn.c(133): CMN: 112.73 -9.50  3.36  2.49  1.31  3.37  2.65 -0.59 -2.55 -7.33 -9.25 -9.34 -15.54 
utt>   292             tonmoy_mobile   63    0    12 10  1 2 2.936622e-12 -1.503525e+02 -9.472210e+03
INFO: cmn.c(133): CMN: 115.25 -11.59 -3.64 -1.48  1.64  0.21 -3.15 -1.88  1.40  5.00  5.87  5.46  5.54 
utt>   293             towsic_mobile   40    0    12 10  2 5 5.110303e-12 -1.525777e+02 -6.103110e+03
INFO: cmn.c(133): CMN: 115.07 -11.28 -3.30 -5.06 -3.83 -1.77 -3.26 -2.72 -8.72 -7.47  0.26  1.86  1.54 
utt>   294            abir_mongolbar   47    0    12 10  5 9 1.409399e-11 -1.536173e+02 -7.220011e+03
INFO: cmn.c(133): CMN: 68.09 15.27 -15.21 -10.94 -11.80  6.57 -5.25 -1.66 -0.74 -12.59 -6.48  0.66  7.15 
utt>   295          abir_mongolbar01  118    0    12 7  1 2 1.528225e-12 -1.550065e+02 -1.829077e+04
INFO: cmn.c(133): CMN: 64.58  9.20  5.81 -3.11 -0.76 13.00 -0.05 13.01 -2.93 -7.79 -5.83 -0.18 -1.37 
utt>   296          abir_mongolbar02  122    0    12 7  1 2 1.165590e-12 -1.530377e+02 -1.867060e+04
INFO: cmn.c(133): CMN: 113.80 -8.62  0.65  1.26  1.67  1.86  0.15 -5.05 -7.38 -11.22 -15.02 -18.30 -17.39 
utt>   297          tonmoy_mongolbar   62    0    12 11  1 3 1.882461e-12 -1.479913e+02 -9.175461e+03
INFO: cmn.c(133): CMN: 114.54 -9.47 -2.02 -1.71  0.85  0.62 -1.26 -2.82  1.89  2.75 11.93  9.89 10.75 
utt>   298          towsic_mongolbar   51    0    12 10  3 6 6.686148e-12 -1.524552e+02 -7.775213e+03
INFO: cmn.c(133): CMN: 115.76 -9.69 -2.51 -4.52 -5.08 -3.24 -3.80 -4.05 -10.24 -4.04  0.26  1.42  1.24 
utt>   299                abir_murgi   36    0    12 10  3 6 9.688354e-12 -1.473697e+02 -5.305310e+03
INFO: cmn.c(133): CMN: 60.06  4.66 15.71  8.38 -5.70 17.94 -4.99 -3.29 -8.88 -4.77  3.32  2.40 -0.20 
utt>   300              abir_murgi01  113    0    12 7  1 2 1.074382e-12 -1.532715e+02 -1.731969e+04
INFO: cmn.c(133): CMN: 57.81  0.89 18.49  6.06  3.22 20.50  4.37  5.42 -4.79 -9.68 -7.07 -5.40 -5.20 
utt>   301              abir_murgi02  103    0    12 8  1 2 1.480098e-12 -1.532764e+02 -1.578747e+04
INFO: cmn.c(133): CMN: 113.08 -9.68  2.55  1.43  4.70  1.68 -3.74 -8.44 -7.62 -7.22 -12.78 -15.43 -11.40 
utt>   302              tonmoy_murgi   60    0    12 11  1 3 4.523024e-12 -1.438276e+02 -8.629655e+03
INFO: cmn.c(133): CMN: 115.24 -9.21  1.90 -0.17  2.14  1.75 -1.35  5.22  9.98  7.89  4.59  2.57  0.38 
utt>   303              towsic_murgi   34    0    12 10  3 5 2.536555e-12 -1.516238e+02 -5.155208e+03
INFO: cmn.c(133): CMN: 115.25 -10.33 -2.40 -3.85 -2.46 -4.48 -5.50 -2.15 -0.79  3.63  4.05  5.16  4.70 
utt>   304                 abir_neel   38    0    12 10  2 4 4.674928e-12 -1.491630e+02 -5.668193e+03
INFO: cmn.c(133): CMN: 64.92  1.16 16.40  5.72 -12.11 26.25 -0.27 -0.95 -15.89 -4.91  8.98  6.11 -1.67 
utt>   305               abir_neel01   95    0    12 7  1 2 2.063333e-12 -1.538018e+02 -1.461117e+04
INFO: cmn.c(133): CMN: 56.70  1.73 23.02  7.03  0.14 17.47  5.48 10.06 -6.44 -2.03 -1.33 -2.80 -6.44 
utt>   306               abir_neel02  104    0    12 7  1 2 1.315569e-12 -1.486687e+02 -1.546155e+04
INFO: cmn.c(133): CMN: 112.91 -9.71  2.25  3.34  3.66  3.49 -0.71 -7.02 -8.77 -7.69 -14.43 -16.71 -9.10 
utt>   307               tonmoy_neel   56    0    12 11  2 4 4.029575e-12 -1.452573e+02 -8.134407e+03
INFO: cmn.c(133): CMN: 115.93 -10.01 -1.20 -1.87 -2.70 -4.56 -2.15 -1.42  4.86  0.96  2.30  8.68 11.30 
utt>   308               towsic_neel   36    0    12 10  2 5 2.430373e-12 -1.478963e+02 -5.324268e+03
INFO: cmn.c(133): CMN: 115.52 -12.14 -3.87 -5.16 -0.13  0.45 -2.86 -5.26 -0.70  0.90 -2.98 -2.72 -0.29 
utt>   309                  abir_noy   41    0    12 10  3 5 1.276718e-12 -1.482747e+02 -6.079263e+03
INFO: cmn.c(133): CMN: 67.75 10.21 -9.94 -2.04 -5.42  3.81 -3.72 -1.34  6.43  1.17 -0.12 -1.90  0.75 
utt>   310                abir_noy01  106    0    12 8  1 2 1.420271e-12 -1.530849e+02 -1.622700e+04
INFO: cmn.c(133): CMN: 61.06  5.14  3.45 -4.74 -0.91  9.47 -0.80  6.42 -3.78 -1.75 -4.58  0.55  0.29 
utt>   311                abir_noy02  113    0    12 8  1 2 2.461659e-12 -1.509554e+02 -1.705796e+04
INFO: cmn.c(133): CMN: 113.07 -8.85  1.03  2.03  4.35  1.92  2.02  2.03 -2.27 -5.28 -5.80 -8.39 -8.51 
utt>   312                tonmoy_noy   63    0    12 11  1 3 1.985967e-12 -1.459563e+02 -9.195250e+03
INFO: cmn.c(133): CMN: 115.27 -11.54 -1.54  1.42  4.05  1.55 -1.42 -0.99  5.87 13.29 13.14 11.78 10.68 
utt>   313                towsic_noy   40    0    12 10  4 7 8.283926e-12 -1.518057e+02 -6.072227e+03
INFO: cmn.c(133): CMN: 116.06 -13.23 -3.99 -1.40  2.04 -1.63 -3.73 -4.45 -1.23 -2.17 -0.13  1.89  3.49 
utt>   314               abir_office   40    0    12 10  4 8 5.181489e-12 -1.484399e+02 -5.937595e+03
INFO: cmn.c(133): CMN: 62.16  3.95 12.93  1.23 -18.19 16.69  0.55 -3.76 -5.15 -0.64 -1.40  0.57 -1.12 
utt>   315             abir_office01  108    0    12 7  1 2 7.604014e-13 -1.551505e+02 -1.675625e+04
INFO: cmn.c(133): CMN: 57.69  0.81 17.69  5.40 -6.06 11.10 -1.78  2.37 -3.38 -10.78  0.78 -4.06  1.25 
utt>   316             abir_office02  101    0    12 7  1 2 1.818278e-12 -1.521244e+02 -1.536457e+04
INFO: cmn.c(133): CMN: 112.63 -9.98  3.54  1.26  1.39 -0.17 -1.65 -4.48 -4.22 -7.02 -7.78 -7.90 -4.63 
utt>   317             tonmoy_office   58    0    12 10  1 3 5.267956e-12 -1.499287e+02 -8.695866e+03
INFO: cmn.c(133): CMN: 115.59 -13.09 -0.28  0.32  2.99  0.51 -0.51 -0.93  0.34  4.17  5.82  2.60  4.73 
utt>   318             towsic_office   40    0    12 10  3 7 1.218635e-11 -1.494372e+02 -5.977489e+03
INFO: cmn.c(133): CMN: 115.25 -10.20 -2.02 -2.73 -0.70 -5.04 -7.42 -7.80 -1.28 -2.84 -0.12 -1.61 -0.12 
utt>   319                abir_paani   29    0    12 10  4 8 1.663719e-11 -1.500619e+02 -4.351796e+03
INFO: cmn.c(133): CMN: 61.39  8.56 -2.43 -2.15  2.50  6.75 -9.36  8.88 -8.99 -10.42 -4.34  2.93  5.38 
utt>   320              abir_paani01  109    0    12 7  1 2 2.716551e-12 -1.506549e+02 -1.642139e+04
INFO: cmn.c(133): CMN: 64.65  6.06  5.17 -2.01 -5.82 11.99 -7.20  8.18 -2.77 -8.44 -4.83 -7.63 -5.02 
utt>   321              abir_paani02   85    0    12 8  1 2 2.833746e-12 -1.509139e+02 -1.282769e+04
INFO: cmn.c(133): CMN: 113.39 -9.94  2.87  1.75  2.34  2.07  0.93  2.02 -6.19 -8.04 -8.58 -7.75 -9.76 
utt>   322              tonmoy_paani   48    0    12 10  1 3 3.445944e-12 -1.460905e+02 -7.012345e+03
INFO: cmn.c(133): CMN: 114.88 -11.88  0.83  0.26  2.09 -1.36 -0.31  3.01  2.01  6.25  6.48  5.11  5.36 
utt>   323              towsic_paani   37    0    12 10  5 10 8.867573e-12 -1.534422e+02 -5.677360e+03
INFO: cmn.c(133): CMN: 116.19 -17.78 -5.41  1.32  3.57 -3.75 -3.24 -1.56  2.23  0.82  2.20  4.59  2.76 
utt>   324                 abir_pach   33    0    12 10  2 5 5.632105e-12 -1.532157e+02 -5.056118e+03
INFO: cmn.c(133): CMN: 62.77  3.35 -18.34 -18.16 -2.82  0.72 -5.07  2.85  4.49 -7.58 -3.98 -10.96 13.10 
utt>   325               abir_pach01  103    0    12 7  1 2 2.133188e-12 -1.544716e+02 -1.591057e+04
INFO: cmn.c(133): CMN: 63.02  5.59 -7.44 -14.25 -5.44  3.15 -2.69  8.68  5.72 -3.71  0.93 -5.69  1.65 
utt>   326               abir_pach02   90    0    12 7  1 2 2.141781e-12 -1.496026e+02 -1.346423e+04
INFO: cmn.c(133): CMN: 113.75 -11.06  3.04  1.92  1.66 -1.21  2.64  3.13 -4.68 -3.49 -5.57 -5.13 -3.10 
utt>   327               tonmoy_pach   39    0    12 10  2 4 1.955396e-12 -1.474919e+02 -5.752182e+03
INFO: cmn.c(133): CMN: 117.78 -17.44 -5.30  0.48  2.96 -1.42 -5.81  5.07  6.07  5.45  2.35  0.48  6.08 
utt>   328               towsic_pach   27    0    12 10  4 7 1.691579e-11 -1.475159e+02 -3.982929e+03
INFO: cmn.c(133): CMN: 115.78 -14.44 -1.49 -1.19  0.03 -0.26 -6.71  0.92  2.47  0.51  2.57 -1.57  5.28 
utt>   329                abir_pakha   32    0    12 10  3 6 4.290369e-12 -1.499333e+02 -4.797866e+03
INFO: cmn.c(133): CMN: 65.12 10.61 -27.81 -14.37 -8.49  4.56 -2.78 10.21  2.76 -16.39 -9.55  3.67  8.32 
utt>   330              abir_pakha01  111    0    12 7  1 2 1.631778e-12 -1.533232e+02 -1.701887e+04
INFO: cmn.c(133): CMN: 63.76  9.69 -11.61 -12.13 -7.03  6.84 -6.10 19.17 14.75 -11.63  1.53 -3.17  0.84 
utt>   331              abir_pakha02   86    0    12 8  1 2 3.418550e-12 -1.517272e+02 -1.304854e+04
INFO: cmn.c(133): CMN: 115.10 -12.32  1.39  2.22  2.71  0.51 -1.42 -0.94 -8.28 -9.57 -10.15 -6.85 -5.10 
utt>   332              tonmoy_pakha   46    0    12 10  2 4 4.622075e-12 -1.516466e+02 -6.975744e+03
INFO: cmn.c(133): CMN: 116.61 -14.94 -1.19  2.08  2.35 -0.33 -1.17  5.46  2.25  5.04  2.91  3.50  5.97 
utt>   333              towsic_pakha   41    0    12 10  3 6 3.727598e-12 -1.481658e+02 -6.074798e+03
INFO: cmn.c(133): CMN: 115.86 -9.91 -3.02 -7.17 -2.83  0.42  2.96 -5.36 -5.61 -0.91  6.29  5.69  8.09 
utt>   334                 abir_pepe   24    0    12 9  5 9 2.761595e-12 -1.505426e+02 -3.613023e+03
INFO: cmn.c(133): CMN: 64.24  4.62  8.80 15.58 -32.95 -0.74 -4.38 -14.30 -12.27 -6.62 -3.11  7.14  6.90 
utt>   335               abir_pepe01   99    0    12 7  1 2 1.958703e-12 -1.509914e+02 -1.494815e+04
INFO: cmn.c(133): CMN: 58.51  0.10 20.10 11.04 -10.24  8.48 -1.91 -1.46 -10.52 -12.62 -9.42 -1.03  2.68 
utt>   336               abir_pepe02   99    0    12 8  1 2 2.058152e-12 -1.498096e+02 -1.483115e+04
INFO: cmn.c(133): CMN: 114.42 -9.59  1.75 -0.47  0.92 -0.10 -0.96 -7.92 -7.43 -11.34 -9.19 -6.21 -2.60 
utt>   337               tonmoy_pepe   42    0    12 10  2 4 4.287606e-12 -1.497102e+02 -6.287827e+03
INFO: cmn.c(133): CMN: 116.53 -11.38  0.56 -4.70 -0.98 -2.00  1.19 -0.30  3.07  3.36  4.53  6.69 -0.13 
utt>   338               towsic_pepe   32    0    12 10  2 5 2.787731e-12 -1.508928e+02 -4.828570e+03
INFO: cmn.c(133): CMN: 115.65 -12.99 -3.17 -4.35  1.01 -2.13 -5.22 -9.02 -4.80  0.71  0.44  2.85  5.34 
utt>   339              abir_poribar   32    0    12 10  2 5 3.867380e-12 -1.565713e+02 -5.010280e+03
INFO: cmn.c(133): CMN: 68.14 11.23 -18.59 -6.17 -16.10  0.04 -6.74  6.54  2.37 -15.75 -8.63  7.69  5.41 
utt>   340            abir_poribar01  106    0    12 7  1 2 3.887896e-12 -1.555812e+02 -1.649161e+04
INFO: cmn.c(133): CMN: 62.45  5.21  7.13 -1.83 -4.40  6.75 -6.11 11.94 -7.01 -12.04 -1.36 -4.60  0.22 
utt>   341            abir_poribar02  108    0    12 7  1 2 6.966968e-13 -1.543779e+02 -1.667282e+04
INFO: cmn.c(133): CMN: 114.05 -9.15 -0.43  2.55  3.16 -0.96 -5.33 -7.30 -8.44 -9.13 -9.36 -11.13 -5.11 
utt>   342            tonmoy_poribar   50    0    12 10  1 3 2.597599e-12 -1.492355e+02 -7.461775e+03
INFO: cmn.c(133): CMN: 115.95 -10.15 -3.59 -2.68  0.02 -2.23 -0.04 -4.63  0.16  7.61  3.83  7.03 10.27 
utt>   343            towsic_poribar   38    0    12 10  2 5 4.863430e-12 -1.518623e+02 -5.770768e+03
INFO: cmn.c(133): CMN: 115.56 -11.77 -4.07 -5.26  2.61  1.01 -4.78 -3.42 -1.14 -0.38 -3.80 -0.97  0.98 
utt>   344             abir_rajshahi   41    0    12 10  2 5 2.215339e-12 -1.486197e+02 -6.093407e+03
INFO: cmn.c(133): CMN: 70.40  8.08  2.36 -1.18 -13.33  0.08  2.23  8.99 -9.19 -9.73 -7.35  5.15 -5.67 
utt>   345           abir_rajshahi01  111    0    12 7  1 2 1.326951e-12 -1.547860e+02 -1.718124e+04
INFO: cmn.c(133): CMN: 65.65  1.47 12.52  1.81 -8.83  0.83 -0.48 19.23 -5.12 -9.09 -4.87 -3.80 -1.80 
utt>   346           abir_rajshahi02  100    0    12 8  1 2 1.017258e-12 -1.515218e+02 -1.515218e+04
INFO: cmn.c(133): CMN: 113.91 -9.26  0.28  0.82  2.42  1.48 -0.55 -2.98 -3.09 -4.51 -8.75 -7.77 -9.54 
utt>   347           tonmoy_rajshahi   65    0    12 11  1 3 3.258657e-12 -1.483995e+02 -9.645969e+03
INFO: cmn.c(133): CMN: 113.63 -10.53 -1.52 -2.78  0.60  1.22  1.22  0.31  0.17  3.90  2.16  2.74  2.90 
utt>   348           towsic_rajshahi   49    0    12 10  2 5 2.545055e-12 -1.561114e+02 -7.649458e+03
INFO: cmn.c(133): CMN: 115.12 -12.41 -2.40 -4.09  0.35  0.42 -0.61 -0.04  0.95  0.61  2.61  0.79  0.90 
utt>   349              abir_rangpur   45    0    12 10  4 8 1.246231e-11 -1.519128e+02 -6.836078e+03
INFO: cmn.c(133): CMN: 61.06 21.79 -0.32 -8.71 -5.51  7.80 -1.60 -10.72 -13.42 -5.31 -4.61  5.02  5.83 
utt>   350            abir_rangpur01  115    0    12 7  1 2 7.652891e-13 -1.561898e+02 -1.796183e+04
INFO: cmn.c(133): CMN: 62.83 12.71  5.36 -4.04  2.19 10.51 -1.28 15.43 -8.53 -16.50 -1.69 -4.73 -1.57 
utt>   351            abir_rangpur02   97    0    12 7  1 2 2.342562e-12 -1.572715e+02 -1.525533e+04
INFO: cmn.c(133): CMN: 113.51 -9.75  1.83  0.42  0.82  0.02 -3.76 -4.62 -10.91 -9.04 -11.77 -13.32 -10.32 
utt>   352            tonmoy_rangpur   60    0    12 11  2 4 7.230359e-12 -1.506169e+02 -9.037014e+03
INFO: cmn.c(133): CMN: 115.10 -12.24 -0.61 -0.29  1.47  5.15  1.19 -0.14  2.58  8.07 11.35  9.62  4.91 
utt>   353            towsic_rangpur   43    0    12 10  5 10 1.677122e-11 -1.515011e+02 -6.514545e+03
INFO: cmn.c(133): CMN: 115.71 -13.24 -2.13 -4.70 -3.11 -1.38 -3.30 -3.56 -7.58 -2.24  3.16  1.82  3.51 
utt>   354              abir_robibar   47    0    12 10  5 9 8.143678e-12 -1.527990e+02 -7.181553e+03
INFO: cmn.c(133): CMN: 67.53 12.39 -9.86 -4.35 -10.14 -0.63 -6.08 -0.53  1.47 -11.12 -7.82  3.60  5.11 
utt>   355            abir_robibar01  118    0    12 7  1 2 1.489119e-12 -1.547271e+02 -1.825780e+04
INFO: cmn.c(133): CMN: 62.35  9.57  3.39 -0.41  0.90  5.16 -1.92  9.31 -3.89 -11.34 -3.02 -1.56 -3.99 
utt>   356            abir_robibar02  114    0    12 7  1 2 3.729826e-12 -1.549305e+02 -1.766207e+04
INFO: cmn.c(133): CMN: 114.11 -7.83  1.36 -0.05  4.06  3.66 -2.19 -5.52 -6.89 -7.04 -9.25 -12.91 -13.21 
utt>   357            tonmoy_robibar   52    0    12 11  1 3 1.970072e-12 -1.498518e+02 -7.792292e+03
INFO: cmn.c(133): CMN: 115.85 -9.23 -2.68 -1.43  4.00 -1.40  0.30 -2.61 -0.86  5.90  8.53 10.06 10.67 
utt>   358            towsic_robibar   45    0    12 10  3 5 1.128234e-11 -1.498997e+02 -6.745489e+03
INFO: cmn.c(133): CMN: 116.13 -9.33 -1.18 -1.22 -3.50 -3.16 -3.10 -2.48 -1.31 -5.77  0.29  0.67 -0.79 
utt>   359                 abir_ruti   33    0    12 10  5 10 1.388730e-11 -1.500244e+02 -4.950804e+03
INFO: cmn.c(133): CMN: 57.64  4.60 23.07 15.25 -7.84 15.80 -0.25 -3.36 -5.87 -0.92 -4.68  3.96 -6.11 
utt>   360               abir_ruti01  111    0    12 7  1 2 1.450026e-12 -1.562070e+02 -1.733898e+04
INFO: cmn.c(133): CMN: 56.79  3.88 15.66  5.98  3.95 15.73 -1.06  3.65 -4.03 -9.83 -4.20  1.23 -3.33 
utt>   361               abir_ruti02  109    0    12 7  1 2 2.224276e-12 -1.548866e+02 -1.688264e+04
INFO: cmn.c(133): CMN: 113.61 -9.96  0.47  2.72  2.60  1.40 -2.28 -6.58 -8.66 -9.95 -8.49 -8.30 -5.74 
utt>   362               tonmoy_ruti   56    0    12 10  1 3 1.544476e-12 -1.513323e+02 -8.474610e+03
INFO: cmn.c(133): CMN: 115.31 -7.57 -0.90  1.42  2.39  1.46  5.74  3.89  3.98  4.13  3.32  3.82  8.39 
utt>   363               towsic_ruti   36    0    12 10  5 9 3.107771e-12 -1.489943e+02 -5.363796e+03
INFO: cmn.c(133): CMN: 115.22 -9.00 -2.07 -0.95 -3.95 -3.59 -2.56 -2.79 -2.38  2.25  3.67  4.67  3.03 
utt>   364               abir_school   37    0    12 10  2 5 3.649744e-12 -1.510989e+02 -5.590658e+03
INFO: cmn.c(133): CMN: 55.08 13.27  8.82 -8.59  2.30 10.11 -0.94 -0.05 -9.28 -9.77 -0.99  4.04  6.12 
utt>   365             abir_school01  115    0    12 7  1 2 1.786614e-12 -1.529799e+02 -1.759268e+04
INFO: cmn.c(133): CMN: 57.51 10.19 11.47 -4.85  1.50 13.85  2.18  8.63 -8.66 -11.07  2.14 -2.81 -3.14 
utt>   366             abir_school02   99    0    12 7  1 2 2.447857e-12 -1.537697e+02 -1.522320e+04
INFO: cmn.c(133): CMN: 112.57 -9.02  4.54  1.30 -0.15 -1.52 -2.60 -4.58 -3.09 -6.60 -8.01 -4.83 -2.59 
utt>   367             tonmoy_school   57    0    12 11  1 3 1.407731e-12 -1.489641e+02 -8.490954e+03
INFO: cmn.c(133): CMN: 115.83 -9.21 -1.87 -1.92  0.56 -0.88  0.15  0.61  1.53  2.91  1.16  0.06  1.38 
utt>   368             towsic_school   36    0    12 10  3 7 6.698638e-12 -1.537213e+02 -5.533968e+03
INFO: cmn.c(133): CMN: 115.98 -15.29 -6.06 -4.08  2.56 -1.63 -6.58 -5.40 -0.80  1.34 -0.67  0.91  2.89 
utt>   369                abir_shada   43    0    12 10  2 5 9.398432e-12 -1.523448e+02 -6.550828e+03
INFO: cmn.c(133): CMN: 67.15  3.79 -21.64 -15.75 -5.63  1.79 -1.66 20.70 -6.15 -10.60 -7.91  8.92  7.11 
utt>   370              abir_shada01  106    0    12 8  1 2 1.662941e-12 -1.531708e+02 -1.623611e+04
INFO: cmn.c(133): CMN: 62.25  4.19 -7.67 -8.32 -5.74 -5.58 -1.88 27.27  1.05 -11.14  2.19 -0.96  2.36 
utt>   371              abir_shada02  105    0    12 8  1 2 1.231176e-12 -1.520189e+02 -1.596199e+04
INFO: cmn.c(133): CMN: 112.66 -10.48  1.95  1.69  3.74  0.96  1.18  0.64 -4.37 -2.75 -3.94 -3.76 -6.08 
utt>   372              tonmoy_shada   71    0    12 11  2 3 4.278835e-12 -1.462011e+02 -1.038028e+04
INFO: cmn.c(133): CMN: 117.56 -12.87 -3.05 -1.46  4.96 -0.23 -1.36  4.54 -1.73  3.42  0.47  3.70  2.41 
utt>   373              towsic_shada   38    0    12 10  3 5 5.900689e-12 -1.498654e+02 -5.694886e+03
INFO: cmn.c(133): CMN: 115.51 -13.10 -4.38 -3.89  3.26 -3.97 -3.68 -5.72 -5.09 -2.37  1.17  0.55 -1.81 
utt>   374                abir_shami   39    0    12 10  2 5 8.523775e-12 -1.514776e+02 -5.907626e+03
INFO: cmn.c(133): CMN: 64.63  3.59 -1.58 -3.15 -1.53 10.97 -5.28 -5.88 -5.90 -13.85 -2.87  3.81  2.34 
utt>   375              abir_shami01   99    0    12 7  1 2 1.656502e-12 -1.545490e+02 -1.530035e+04
INFO: cmn.c(133): CMN: 62.24  1.51  1.96 -1.61 -3.76 -0.09 -0.27  9.08  0.12 -6.29  0.92 -1.95  1.36 
utt>   376              abir_shami02  108    0    12 7  1 2 1.891527e-12 -1.529628e+02 -1.651998e+04
INFO: cmn.c(133): CMN: 113.03 -10.09  0.65  0.86  2.61  1.22 -0.61 -4.02 -4.23 -6.18 -10.23 -12.77 -9.46 
utt>   377              tonmoy_shami   53    0    12 11  2 3 6.007340e-12 -1.449832e+02 -7.684107e+03
INFO: cmn.c(133): CMN: 115.56 -12.40 -0.71 -0.49  1.83 -1.28 -1.56  1.91  2.17  5.83  4.39  2.39  3.25 
utt>   378              towsic_shami   36    0    12 10  3 5 3.614619e-12 -1.514161e+02 -5.450980e+03
INFO: cmn.c(133): CMN: 116.78 -17.39 -5.55  2.79  4.88 -3.82 -2.68 -2.31 -7.71  0.57 -4.69  1.17  4.69 
utt>   379                 abir_shat   38    0    12 10  3 7 8.866162e-12 -1.512030e+02 -5.745713e+03
INFO: cmn.c(133): CMN: 64.63  2.43 -22.35 -16.30 -5.54  4.93 -8.22 12.79 -5.06 -13.64 -2.33  0.67  9.99 
utt>   380               abir_shat01   98    0    12 7  1 2 2.457262e-12 -1.511022e+02 -1.480802e+04
INFO: cmn.c(133): CMN: 64.77  4.56 -9.68 -12.65 -5.58 -1.79 -4.68 17.49  5.16 -10.57  0.83 -5.89  6.74 
utt>   381               abir_shat02   99    0    12 7  1 2 2.145978e-12 -1.485113e+02 -1.470262e+04
INFO: cmn.c(133): CMN: 113.54 -13.80  1.29  0.05  2.01 -1.89 -1.66 -1.01 -7.31 -2.19 -8.23 -4.91 -5.06 
utt>   382               tonmoy_shat   45    0    12 10  2 5 2.962301e-12 -1.510608e+02 -6.797737e+03
INFO: cmn.c(133): CMN: 116.61 -16.30 -3.61 -5.31  3.84  1.57 -0.01  5.88  3.07  7.07  2.85  0.50  1.71 
utt>   383               towsic_shat   29    0    12 10  5 10 7.132185e-12 -1.505402e+02 -4.365665e+03
INFO: cmn.c(133): CMN: 115.33 -11.48 -1.88 -4.91 -3.52 -3.71 -2.70 -3.61 -6.94 -2.95 -4.51 -4.99 -1.78 
utt>   384               abir_shobji   37    0    12 10  3 6 9.722149e-13 -1.492795e+02 -5.523342e+03
INFO: cmn.c(133): CMN: 64.98  3.27 11.90  2.11 -10.17 16.72 -4.83 -6.39 -8.70 -7.64 -7.54 -0.13 -1.82 
utt>   385             abir_shobji01   97    0    12 7  1 2 1.234951e-12 -1.561260e+02 -1.514422e+04
INFO: cmn.c(133): CMN: 56.13  0.34 17.90  3.51  3.66 15.05 -1.72  6.93 -7.33 -13.69 -4.11 -1.80  0.06 
utt>   386             abir_shobji02  108    0    12 7  1 2 2.875476e-12 -1.537994e+02 -1.661034e+04
INFO: cmn.c(133): CMN: 112.77 -8.80  2.27  1.91  2.80 -0.54  0.27 -2.13 -4.35 -6.23 -8.77 -9.19 -6.22 
utt>   387             tonmoy_shobji   59    0    12 11  1 3 2.483663e-12 -1.455690e+02 -8.588569e+03
INFO: cmn.c(133): CMN: 114.56 -9.73 -1.16 -1.92  0.01 -0.77  3.76  1.65  4.70  4.09  7.40  5.40  6.71 
utt>   388             towsic_shobji   40    0    12 10  2 5 3.522842e-12 -1.537139e+02 -6.148555e+03
INFO: cmn.c(133): CMN: 116.22 -12.64 -4.27 -3.26 -2.83 -5.41  0.54 -1.61 -5.86 -0.05  2.70  5.16  5.14 
utt>   389               abir_shobuj   38    0    12 10  5 10 1.101978e-11 -1.514808e+02 -5.756271e+03
INFO: cmn.c(133): CMN: 59.23 11.61  5.37 -11.56  2.95  5.35 -1.22 -13.95 -15.12 -19.56 -4.21 -6.89  6.91 
utt>   390             abir_shobuj01  112    0    12 7  1 2 7.745310e-13 -1.551467e+02 -1.737643e+04
INFO: cmn.c(133): CMN: 59.27  8.27 15.91 -8.67  2.18  7.50 -3.89 -0.99 -11.65 -20.15 -1.81 -4.53  1.24 
utt>   391             abir_shobuj02  108    0    12 7  1 2 2.658959e-12 -1.549592e+02 -1.673559e+04
INFO: cmn.c(133): CMN: 112.93 -9.12 -0.27  2.06  4.15  4.00  1.38 -3.82 -8.04 -9.21 -9.82 -8.40 -5.39 
utt>   392             tonmoy_shobuj   58    0    12 10  2 3 1.783473e-12 -1.496789e+02 -8.681375e+03
INFO: cmn.c(133): CMN: 116.01 -13.08 -4.83 -0.02  0.55 -1.04  2.53  2.14  4.71 10.04  5.89  5.99  3.13 
utt>   393             towsic_shobuj   42    0    12 10  3 7 1.102919e-11 -1.508314e+02 -6.334919e+03
INFO: cmn.c(133): CMN: 115.98 -15.19 -4.10 -4.64  1.13 -0.20 -6.23 -10.54 -0.71 -1.23 -2.06  2.62 -0.19 
utt>   394              abir_shombar   43    0    12 10  3 6 3.585543e-12 -1.529205e+02 -6.575580e+03
INFO: cmn.c(133): CMN: 64.92  8.86 -20.08 -9.73 -8.77  3.10 -1.90  5.66  1.87 -13.94 -7.50 -3.57  0.17 
utt>   395            abir_shombar01  121    0    12 7  1 2 1.339166e-12 -1.562851e+02 -1.891050e+04
INFO: cmn.c(133): CMN: 63.18  7.18 -4.43 -6.86 -5.51  1.26 -0.82 12.50  0.01 -6.46 -0.70 -1.46 -0.58 
utt>   396            abir_shombar02  120    0    12 8  1 2 1.751489e-12 -1.522957e+02 -1.827548e+04
INFO: cmn.c(133): CMN: 113.74 -11.81  2.52  2.88  3.64  2.76 -1.66 -4.55 -6.30 -6.95 -12.29 -16.44 -15.15 
utt>   397            tonmoy_shombar   49    0    12 10  2 5 4.246828e-12 -1.510284e+02 -7.400393e+03
INFO: cmn.c(133): CMN: 115.00 -12.71 -2.81  0.01  1.67 -0.39  0.53 -2.47  3.99  4.14  4.59  4.37  3.61 
utt>   398            towsic_shombar   45    0    12 10  3 7 4.826641e-12 -1.527645e+02 -6.874404e+03
INFO: cmn.c(133): CMN: 115.73 -12.08 -2.79 -3.42 -0.96  2.54 -6.28 -4.13 -4.58 -0.10 -1.11  4.47  7.90 
utt>   399             abir_shonibar   39    0    12 10  3 6 5.778627e-12 -1.541437e+02 -6.011604e+03
INFO: cmn.c(133): CMN: 68.68  7.82 -16.19 -8.21 -10.94 -3.21 -5.63  9.61  5.26 -10.27 -6.95  5.67  1.75 
utt>   400           abir_shonibar01  113    0    12 7  1 2 2.799361e-12 -1.559265e+02 -1.761969e+04
INFO: cmn.c(133): CMN: 62.08  5.73  1.54 -2.13 -3.46 -0.49 -1.65 10.81 -0.27 -11.41  0.14 -1.20 -1.68 
utt>   401           abir_shonibar02  116    0    12 8  1 2 2.056206e-12 -1.545496e+02 -1.792776e+04
INFO: cmn.c(133): CMN: 113.24 -9.38  0.54  1.19  3.17  1.33 -3.22 -6.85 -6.38 -9.34 -12.76 -15.96 -13.64 
utt>   402           tonmoy_shonibar   57    0    12 11  1 3 6.087629e-12 -1.458288e+02 -8.312241e+03
INFO: cmn.c(133): CMN: 115.44 -13.15 -1.74 -0.96  5.94  2.49 -0.05 -0.90  4.20  5.68  7.10  6.74  4.18 
utt>   403           towsic_shonibar   52    0    12 11  2 4 2.943395e-12 -1.510945e+02 -7.856915e+03
INFO: cmn.c(133): CMN: 115.89 -15.01 -4.91 -2.18 -0.53  4.87 -0.44 -1.77  1.14  1.72  1.61  0.50  3.79 
utt>   404             abir_shoptaho   45    0    12 10  3 6 1.584013e-11 -1.519503e+02 -6.837764e+03
INFO: cmn.c(133): CMN: 68.50  7.95 -10.87 -19.96 -2.41 -0.28 -8.20 -0.31 -8.94 -6.35  2.40  2.55  3.20 
utt>   405           abir_shoptaho01  121    0    12 7  1 2 1.620194e-13 -1.567389e+02 -1.896541e+04
INFO: cmn.c(133): CMN: 64.64  9.33 -1.87 -13.25 -1.02  2.56 -7.70  6.23 -0.76 -6.96  4.38 -4.66 -3.90 
utt>   406           abir_shoptaho02  115    0    12 8  1 2 7.546941e-13 -1.522327e+02 -1.750677e+04
INFO: cmn.c(133): CMN: 114.05 -11.03 -0.15  1.20  1.45  0.05  1.01 -2.17 -2.65 -9.21 -9.09 -10.27 -8.15 
utt>   407           tonmoy_shoptaho   57    0    12 10  1 3 7.054087e-13 -1.518161e+02 -8.653515e+03
INFO: cmn.c(133): CMN: 115.61 -12.96 -1.54 -1.89  2.94  0.72 -2.78 -0.83  5.54  5.47  5.86  2.95  2.98 
utt>   408           towsic_shoptaho   51    0    12 10  2 4 3.239212e-12 -1.501787e+02 -7.659113e+03
INFO: cmn.c(133): CMN: 115.94 -15.16 -3.07 -2.30 -2.42  0.97 -3.91 -6.32 -0.49 -2.79 -1.88 -1.93 -1.29 
utt>   409            abir_shukrobar   48    0    12 10  3 6 5.793473e-12 -1.534096e+02 -7.363663e+03
INFO: cmn.c(133): CMN: 67.52  8.66 -18.34 -8.80 -2.19  0.16 -8.47  6.97  3.86 -5.52 -11.37  5.41 11.58 
utt>   410          abir_shukrobar01  117    0    12 7  1 2 1.935837e-12 -1.563416e+02 -1.829196e+04
INFO: cmn.c(133): CMN: 61.73  7.97 -0.15 -3.94  4.59  6.50 -7.88  9.52 -5.09 -9.24 -5.66 -0.01 -1.02 
utt>   411          abir_shukrobar02  124    0    12 8  1 2 1.086577e-12 -1.541010e+02 -1.910852e+04
INFO: cmn.c(133): CMN: 114.68 -8.95 -0.36 -0.00  1.44 -2.12 -1.64 -5.00 -6.94 -9.37 -9.88 -9.91 -5.38 
utt>   412          tonmoy_shukrobar   51    0    12 10  3 5 4.450298e-12 -1.509799e+02 -7.699975e+03
INFO: cmn.c(133): CMN: 115.96 -13.58 -1.47  0.26  3.56  3.38  1.84  0.99  1.69  2.07  2.06  0.48  0.06 
utt>   413          towsic_shukrobar   50    0    12 10  3 6 3.700973e-12 -1.513112e+02 -7.565560e+03
INFO: cmn.c(133): CMN: 115.39 -13.93 -3.87 -3.02 -0.52 -3.09 -4.71 -2.90 -2.32 -0.93  5.92  6.56  9.09 
utt>   414               abir_shunno   40    0    12 10  2 5 2.443674e-12 -1.519286e+02 -6.077143e+03
INFO: cmn.c(133): CMN: 63.71  9.64 -7.43 -2.54 -0.27  4.60 -4.82 -6.26 -7.10  0.85  3.64  6.20  8.26 
utt>   415             abir_shunno01  123    0    12 7  1 2 3.506021e-13 -1.562942e+02 -1.922419e+04
INFO: cmn.c(133): CMN: 59.05  6.60  2.77  0.27  7.95  6.37 -5.52  4.76 -4.59 -9.81 -1.69 -2.31 -1.28 
utt>   416             abir_shunno02  110    0    12 7  1 2 1.608648e-12 -1.509968e+02 -1.660965e+04
INFO: cmn.c(133): CMN: 113.21 -10.54 -0.61  0.16 -0.21 -2.78 -7.33 -12.18 -12.38 -14.99 -14.53 -7.27  2.83 
utt>   417             tonmoy_shunno   41    0    12 10  2 5 2.263615e-12 -1.553306e+02 -6.368555e+03
INFO: cmn.c(133): CMN: 116.20 -13.90 -0.55  0.33  3.16  2.75  2.88  2.65 -0.29  2.03 -3.90 -5.63 -4.18 
utt>   418             towsic_shunno   40    0    12 10  4 9 9.264070e-12 -1.512699e+02 -6.050794e+03
INFO: cmn.c(133): CMN: 116.52 -9.71  0.52 -0.41  1.06 -1.56 -2.94 -2.36 -6.53 -3.79 -0.54 -4.17 -0.62 
utt>   419                 abir_stri   34    0    12 10  5 10 1.252192e-11 -1.485922e+02 -5.052134e+03
INFO: cmn.c(133): CMN: 59.50 -3.17 20.06 14.08 -9.56 12.32 -1.69  1.46 -4.90 -3.03 -1.00 -0.46  4.32 
utt>   420               abir_stri01  104    0    12 8  1 2 9.760673e-13 -1.533893e+02 -1.595249e+04
INFO: cmn.c(133): CMN: 55.06 -3.33 19.61  7.26  1.59  8.17  8.10  7.63 -12.15 -5.59 -2.24 -6.36 -0.61 
utt>   421               abir_stri02   94    0    12 8  2 3 3.078789e-12 -1.524048e+02 -1.432605e+04
INFO: cmn.c(133): CMN: 113.03 -8.27  3.72  0.41  1.85 -0.52 -2.00 -2.04 -3.59 -3.57 -5.78 -5.37 -2.98 
utt>   422               tonmoy_stri   54    0    12 11  3 5 5.856736e-12 -1.449134e+02 -7.825325e+03
INFO: cmn.c(133): CMN: 116.99 -11.22 -0.37 -3.16 -0.26 -0.93  7.20  5.45  4.27  6.85  4.36  6.01  9.88 
utt>   423               towsic_stri   33    0    12 10  3 7 1.014713e-11 -1.476573e+02 -4.872691e+03
INFO: cmn.c(133): CMN: 116.26 -13.59 -3.28 -3.23  0.64 -1.13 -1.60 -2.03 -1.85 -2.55  4.62  0.95  3.27 
utt>   424               abir_syllet   40    0    12 10  4 8 9.951218e-12 -1.500499e+02 -6.001997e+03
INFO: cmn.c(133): CMN: 63.33 -4.20  1.88 12.59 -24.92 -2.49  5.52 -10.05 -18.22  6.70 -4.05  0.96 11.37 
utt>   425             abir_syllet01  110    0    12 8  1 2 3.177941e-12 -1.537221e+02 -1.690944e+04
INFO: cmn.c(133): CMN: 59.32 -2.40 12.49  5.36 -6.27 -1.25  7.91  6.43 -15.44 -1.41 -7.19 -7.76  6.48 
utt>   426             abir_syllet02   95    0    12 8  1 2 3.022427e-12 -1.531656e+02 -1.455073e+04
INFO: cmn.c(133): CMN: 112.69 -9.90  3.63  1.09  2.11  0.28 -3.17 -7.18 -5.30 -5.19 -9.89 -13.35 -8.08 
utt>   427             tonmoy_syllet   53    0    12 11  2 4 4.853509e-12 -1.458085e+02 -7.727851e+03
INFO: cmn.c(133): CMN: 115.70 -13.15 -1.83 -5.08  0.53  0.35  2.50  1.69  4.98  2.95  9.37  7.82  8.39 
utt>   428             towsic_syllet   37    0    12 10  6 11 8.687412e-12 -1.504934e+02 -5.568255e+03
INFO: cmn.c(133): CMN: 115.24 -11.22 -1.10 -4.75 -2.87 -0.90 -1.48 -1.80 -2.85 -0.89  3.38  9.76  4.57 
utt>   429           abir_television   40    0    12 10  6 11 3.641183e-12 -1.499706e+02 -5.998824e+03
INFO: cmn.c(133): CMN: 69.13  4.78  4.67 12.25 -13.59 -1.06 -4.01 -4.77 -12.69 -5.88  0.35 -0.40  6.73 
utt>   430         abir_television01  108    0    12 7  1 2 2.862737e-12 -1.574082e+02 -1.700009e+04
INFO: cmn.c(133): CMN: 60.93  0.42 14.78  1.87  2.77  4.25  0.91  8.34 -1.94 -9.08 -2.71 -6.29  2.05 
utt>   431         abir_television02  126    0    12 8  1 2 1.842642e-12 -1.497770e+02 -1.887190e+04
INFO: cmn.c(133): CMN: 113.66 -8.55  1.52  4.47  5.18  3.77  0.44 -6.12 -5.93 -10.42 -13.62 -13.82 -9.07 
utt>   432         tonmoy_television   56    0    12 10  2 3 9.701925e-13 -1.539628e+02 -8.621917e+03
INFO: cmn.c(133): CMN: 114.68 -10.24 -0.40  0.19  4.35  1.24  5.26  5.58  3.79  5.53  8.99  9.07  9.93 
utt>   433         towsic_television   48    0    12 10  3 6 9.119838e-12 -1.508557e+02 -7.241075e+03
INFO: cmn.c(133): CMN: 115.55 -11.69 -1.00 -2.44 -2.18 -3.52 -2.57 -3.02 -4.39 -2.98  3.33  3.27  1.51 
utt>   434                  abir_tin   38    0    12 10  3 5 3.387272e-12 -1.490496e+02 -5.663886e+03
INFO: cmn.c(133): CMN: 62.83 -3.49 14.24 11.11 -10.76 26.84 -6.38  3.43 -10.37 -0.12  5.18  6.33  8.87 
utt>   435                abir_tin01   82    0    12 7  1 2 2.800379e-12 -1.536688e+02 -1.260084e+04
INFO: cmn.c(133): CMN: 58.53  2.32 28.17  9.46 -1.71 16.71  0.49  1.19 -10.55 -8.35 -5.84 -7.54 -5.50 
utt>   436                abir_tin02   92    0    12 7  1 2 5.308314e-12 -1.523504e+02 -1.401624e+04
INFO: cmn.c(133): CMN: 113.61 -9.62  0.76  5.30  4.14  0.67 -5.18 -7.13 -5.05 -10.38 -12.20 -0.41  0.26 
utt>   437                tonmoy_tin   33    0    12 9  1 3 6.218784e-12 -1.523107e+02 -5.026252e+03
INFO: cmn.c(133): CMN: 114.51 -11.70 -0.42 -1.43  5.72  2.62  5.89  1.65  6.22  4.62  2.69  2.28 -1.75 
utt>   438                towsic_tin   34    0    12 10  2 4 5.102856e-12 -1.503303e+02 -5.111230e+03
INFO: cmn.c(133): CMN: 114.57 -11.72 -5.25 -4.87  1.26 -5.49 -2.64 -1.27 -3.52 -2.92 -0.15  2.98  5.80 
utt>   439                 abir_vaat   32    0    12 10  3 7 9.168528e-12 -1.538324e+02 -4.922636e+03
INFO: cmn.c(133): CMN: 63.92  9.03 -23.12 -15.44 -0.34 12.69 -0.46  8.81 -2.33 -9.44 -6.92 -0.86  4.57 
utt>   440               abir_vaat01   99    0    12 7  1 2 1.423045e-12 -1.539587e+02 -1.524191e+04
INFO: cmn.c(133): CMN: 60.49  9.07 -4.66 -12.72 -2.69  5.34 -3.65 14.90  0.50 -6.18  2.16 -8.21  0.55 
utt>   441               abir_vaat02  100    0    12 7  1 2 1.638871e-12 -1.532322e+02 -1.532322e+04
INFO: cmn.c(133): CMN: 113.92 -11.64 -0.70  3.85  6.97  0.80  1.88  1.79 -2.41 -4.20 -9.48 -11.01 -8.12 
utt>   442               tonmoy_vaat   43    0    12 10  3 7 5.019791e-12 -1.533574e+02 -6.594367e+03
INFO: cmn.c(133): CMN: 116.30 -12.07 -3.10  1.62  1.71 -2.45 -0.45  5.75  5.98  2.79  4.77  7.93  3.08 
utt>   443               towsic_vaat   37    0    12 10  3 7 4.398228e-12 -1.466945e+02 -5.427698e+03
overall> stats 34059 (-0) -1.519165e+02 -5.174125e+06

INFO: s3mixw_io.c(233): Wrote /media/abir/Workplace/Thesis/bangla-words/bwaccumdir/bangla_buff_1/mixw_counts [270x1x1 array]
INFO: s3tmat_io.c(176): Wrote /media/abir/Workplace/Thesis/bangla-words/bwaccumdir/bangla_buff_1/tmat_counts [90x3x4 array]
INFO: s3gau_io.c(485): Wrote /media/abir/Workplace/Thesis/bangla-words/bwaccumdir/bangla_buff_1/gauden_counts with means with vars (2pass) [270x1x1 vector arrays]
INFO: main.c(999): Counts saved to /media/abir/Workplace/Thesis/bangla-words/bwaccumdir/bangla_buff_1
Thu Jan 21 18:26:10 2021
