Current configuration:
[NAME]		[DEFLT]	[VALUE]
-example	no	no
-help		no	no
-mixwfn			/media/abir/Workplace/Thesis/bangla-words/model_parameters/bangla.ci_cont_flatinitial/mixture_weights
-moddeffn		/media/abir/Workplace/Thesis/bangla-words/model_architecture/bangla.ci.mdef
-ndensity	256	1
-nstream	4	1
-tmatfn			/media/abir/Workplace/Thesis/bangla-words/model_parameters/bangla.ci_cont_flatinitial/transition_matrices
-topo			/media/abir/Workplace/Thesis/bangla-words/model_architecture/bangla.topology

INFO: model_def_io.c(573): Model definition info:
INFO: model_def_io.c(574): 90 total models defined (90 base, 0 tri)
INFO: model_def_io.c(575): 360 total states
INFO: model_def_io.c(576): 270 total tied states
INFO: model_def_io.c(577): 270 total tied CI states
INFO: model_def_io.c(578): 90 total tied transition matrices
INFO: model_def_io.c(579): 4 max state/model
INFO: model_def_io.c(580): 4 min state/model
INFO: s3tmat_io.c(176): Wrote /media/abir/Workplace/Thesis/bangla-words/model_parameters/bangla.ci_cont_flatinitial/transition_matrices [90x3x4 array]
INFO: s3mixw_io.c(233): Wrote /media/abir/Workplace/Thesis/bangla-words/model_parameters/bangla.ci_cont_flatinitial/mixture_weights [270x1x1 array]
main.c(83): Reading model definition file /media/abir/Workplace/Thesis/bangla-words/model_architecture/bangla.ci.mdef
main.c(90): 90 models defined
Thu Jan 21 18:26:08 2021
