Current configuration:
[NAME]		[DEFLT]		[VALUE]
-accumdir			/media/abir/Workplace/Thesis/bangla-words/bwaccumdir/bangla_buff_1
-agc		none		none
-agcthresh	2.0		2.000000e+00
-cepdir				/media/abir/Workplace/Thesis/bangla-words/feat
-cepext		mfc		mfc
-ceplen		13		13
-cmn		live		batch
-cmninit	40,3,-1		40,3,-1
-ctlfn				/media/abir/Workplace/Thesis/bangla-words/etc/bangla_train.fileids
-dictfn				
-example	no		no
-fdictfn			
-feat		1s_c_d_dd	1s_c_d_dd
-fullvar	no		no
-help		no		no
-lda				
-ldadim		0		0
-lsnfn				
-meanfn				/media/abir/Workplace/Thesis/bangla-words/model_parameters/bangla.ci_cont_flatinitial/globalmean
-moddeffn			
-npart				1
-nskip				0
-part				1
-runlen				0
-scaleseg	no		no
-segdir				
-segext		v8_seg		v8_seg
-svspec				
-ts2cbfn			
-varnorm	no		no

INFO: feat.c(715): Initializing feature stream to type: '1s_c_d_dd', ceplen=13, CMN='batch', VARNORM='no', AGC='none'
INFO: corpus.c(1062): Will process all remaining utts starting at 0
INFO: init_gau.c(145): Computing 1x1x1 variance estimates
INFO: s3gau_io.c(169): Read /media/abir/Workplace/Thesis/bangla-words/model_parameters/bangla.ci_cont_flatinitial/globalmean [1x1x1 array]
INFO: cmn.c(133): CMN: 116.14 -12.75 -1.19 -2.09 -2.42 -0.02 -7.09 -2.01 -1.78 -7.22 -2.33 -4.65  5.27 
INFO: cmn.c(133): CMN: 62.32  6.95 -10.38 -15.10  1.72 14.74 -7.79  8.03  4.78 -1.30 -1.96 -0.26 12.96 
INFO: cmn.c(133): CMN: 64.82 13.15 -9.22 -14.01  4.82 11.19 -4.88 15.32  3.02 -0.56 -3.75 -7.16  7.35 
INFO: cmn.c(133): CMN: 114.51 -10.48 -0.53  3.22  3.38 -0.97  1.22  1.17 -4.32 -5.17 -8.69 -14.34 -12.55 
INFO: cmn.c(133): CMN: 116.45 -12.25 -2.29 -0.48  0.01 -2.98 -3.88  1.89 -1.32  0.45  6.93  4.07  9.54 
INFO: cmn.c(133): CMN: 116.56 -15.58 -3.54 -0.52  0.39 -4.51 -1.21 -0.36 -2.85  1.61  3.54 -4.01  1.18 
INFO: cmn.c(133): CMN: 63.16  2.37 -22.18 -11.83 -9.77 14.28  3.66 11.55  3.94 -16.95 -8.45 -6.08  1.00 
INFO: cmn.c(133): CMN: 61.85  9.58 -9.51 -13.04 -6.41  5.19  2.87 19.31  0.28 -10.54 -2.31 -5.87 -3.18 
INFO: cmn.c(133): CMN: 113.89 -13.57  2.27 -0.57  2.96  0.33 -1.54  0.79 -4.37 -2.68 -6.13 -6.23 -9.36 
INFO: cmn.c(133): CMN: 116.78 -15.20 -0.22  3.04  6.04  2.62 -2.54  5.36 -0.11  6.70  1.70  5.46  9.23 
INFO: cmn.c(133): CMN: 116.54 -11.33 -3.39 -2.45 -4.64 -4.13 -8.94 -3.33 -3.67 -5.29  1.81  5.01  2.78 
INFO: cmn.c(133): CMN: 65.48 19.12 -8.45 -5.74  0.61 13.02 -12.63 -6.50 -11.41 -12.79 -6.16 -5.86  5.21 
INFO: cmn.c(133): CMN: 63.03 12.97  3.58 -1.36  8.89 20.01  0.16  7.51 -10.97 -9.92 -8.33 -8.40  3.08 
INFO: cmn.c(133): CMN: 113.75 -9.62  1.60  2.12  4.90  0.92 -0.95 -7.44 -10.83 -10.49 -16.58 -17.42 -11.29 
INFO: cmn.c(133): CMN: 115.34 -10.79 -0.72  0.11  0.92 -0.50 -2.02  1.65  5.03  5.17 10.48 12.96  9.70 
INFO: cmn.c(133): CMN: 114.08 -12.25 -1.86 -2.05  0.51 -2.13 -0.69 -2.38 -2.04 -1.09  0.44 -1.78  0.65 
INFO: cmn.c(133): CMN: 62.48  6.83 -7.50  7.96 -7.80  5.37 -0.16  2.17 -1.65 -2.50 -2.07 -1.17  9.76 
INFO: cmn.c(133): CMN: 61.42  9.83  8.30  7.83 -4.23  5.02  3.17  2.42 -6.02 -9.67 -4.66 -4.34  6.82 
INFO: cmn.c(133): CMN: 114.70 -9.53 -0.14  0.56  3.00  0.88  2.01  2.71 -4.56 -3.22 -8.04 -8.69 -9.31 
INFO: cmn.c(133): CMN: 115.92 -11.96 -3.96 -4.69  1.99 -3.30 -1.23  0.45 -3.33 -0.50  4.43  3.24  3.17 
INFO: cmn.c(133): CMN: 116.54 -16.07 -5.15  0.36  5.63 -2.65 -4.67  1.51 -1.57 -1.16 -3.50 -3.66  7.03 
INFO: cmn.c(133): CMN: 69.93  2.02 -22.78 -21.31  0.26  3.46  1.27 18.14 -1.76 -10.91 -6.57  4.80  6.79 
INFO: cmn.c(133): CMN: 62.86  4.41 -7.21 -15.50 -1.27 -2.05 12.25 17.76  2.38 -8.95 -6.09 -2.33  0.82 
INFO: cmn.c(133): CMN: 114.38 -11.45  1.63  2.35  3.27 -1.61  5.06 -0.45 -5.90  1.66 -6.18 -5.12 -4.08 
INFO: cmn.c(133): CMN: 116.51 -14.50 -4.43 -4.75  3.77 -3.90  1.53  2.69  2.36  4.26  1.01  0.21  1.98 
INFO: cmn.c(133): CMN: 115.78 -11.28 -4.74 -2.34  0.03 -0.26 -6.68 -3.25 -1.27 -5.61 -1.66 -3.36 -0.59 
INFO: cmn.c(133): CMN: 66.42 10.58 -20.16 -17.83 -5.87 17.71  4.54 11.45 -0.09 -5.20 -13.90 -4.91 14.65 
INFO: cmn.c(133): CMN: 63.13 15.39 -5.11 -18.73  3.63  4.94  4.17  5.80  7.23 -8.19 -6.10 -8.43  3.93 
INFO: cmn.c(133): CMN: 113.27 -9.76  1.89  3.13  3.34  1.77  1.74  2.38 -1.77 -4.20 -3.09 -7.66 -9.38 
INFO: cmn.c(133): CMN: 116.33 -12.62 -3.47 -0.32  3.38 -5.63 -10.61 -4.84 -4.21 -3.57 -1.72  1.63  2.93 
INFO: cmn.c(133): CMN: 115.46 -11.70 -3.16 -2.90  0.75 -1.38 -2.96 -4.27 -2.60 -2.09 -4.52 -0.32  0.85 
INFO: cmn.c(133): CMN: 62.84 10.79 -3.77 -6.52 -7.13 -0.72 -1.45  6.83 -6.51 -10.68 -6.60 -5.67  6.46 
INFO: cmn.c(133): CMN: 66.23  9.60  4.41  1.33  3.58  9.21  6.42 18.64 -9.53 -4.60 -5.07 -5.36  2.29 
INFO: cmn.c(133): CMN: 114.28 -8.71  0.57  1.06  4.78  3.41  0.33 -0.90 -5.81 -5.67 -10.76 -12.81 -9.77 
INFO: cmn.c(133): CMN: 114.87 -11.87 -1.94 -1.38  2.33  2.29  3.14 -1.11  1.97  3.42  8.56  8.42  6.67 
INFO: cmn.c(133): CMN: 115.07 -10.58 -3.80 -2.23  0.88 -2.39 -5.74  0.82 -0.38 -2.07 -3.63  1.80  3.85 
INFO: cmn.c(133): CMN: 62.28 10.17  3.91 -9.34 -0.13 23.63  0.08  5.13 -6.34 -11.89 -6.87  1.25  3.99 
INFO: cmn.c(133): CMN: 63.08 13.54  5.27 -5.12  1.49 12.81  8.34  7.71  0.90 -3.14 -3.62 -0.00 -3.28 
INFO: cmn.c(133): CMN: 112.75 -9.73  1.27  2.43  4.10  0.76 -0.51 -2.44 -4.32 -4.32 -6.35 -4.22 -6.15 
INFO: cmn.c(133): CMN: 115.68 -10.62 -1.04 -0.80  2.88  3.02 -0.61  3.29  3.48  3.99  5.50  6.58  5.69 
INFO: cmn.c(133): CMN: 114.62 -11.23 -3.13 -4.57 -0.87 -1.51 -3.89 -1.81 -2.64 -4.02  2.33  2.04  0.49 
INFO: cmn.c(133): CMN: 67.05  6.86 -10.75 -5.74 -8.49  8.96  5.23  8.33 -7.09 -7.93 -4.86 -2.56 -4.08 
INFO: cmn.c(133): CMN: 62.52  5.77 -3.33 -4.93 -2.24  7.99  7.10  8.12 -1.51 -6.43 -4.32 -4.00  2.39 
INFO: cmn.c(133): CMN: 113.81 -10.37 -0.90  2.31  4.88  3.29  4.24  4.00 -1.37  1.05 -1.24 -7.37 -7.27 
INFO: cmn.c(133): CMN: 114.43 -10.84 -3.95 -3.15  4.43 -2.40 -2.37  2.94 -0.32  1.14  2.45  6.08  2.75 
INFO: cmn.c(133): CMN: 115.35 -11.04 -3.26 -3.82 -0.54 -1.22 -4.89 -8.56 -4.33  0.31 -1.79  1.63  1.65 
INFO: cmn.c(133): CMN: 66.35  6.56  0.68  0.26 -8.29  1.42 -13.91 -5.80 -3.67 -3.16 -1.48 -11.58  3.78 
INFO: cmn.c(133): CMN: 64.67  9.19  8.17  4.28  5.78  9.83  0.45  5.87 -7.87 -5.95 -6.28 -4.42  2.83 
INFO: cmn.c(133): CMN: 113.56 -7.63  0.55  3.14  5.20  5.73  0.35 -4.25 -4.79 -4.65 -10.14 -12.21 -11.03 
INFO: cmn.c(133): CMN: 114.85 -11.57 -1.31 -1.12  4.90  4.79  4.20  2.58  4.14  2.26  3.78  1.07 -0.48 
INFO: cmn.c(133): CMN: 115.65 -11.96 -2.90 -2.52  0.47 -2.61 -6.63 -2.11 -4.76 -1.73 -3.19  1.80  5.83 
INFO: cmn.c(133): CMN: 67.02 12.03 -13.08 -3.44 -8.46  4.48 -5.12  5.95  4.84 -13.97 -9.08  1.58  1.12 
INFO: cmn.c(133): CMN: 63.46 12.93  0.40 -2.94  1.49 11.54 -1.96  9.65  3.13 -6.38 -3.81 -6.50 -0.76 
INFO: cmn.c(133): CMN: 113.27 -9.92  2.43  2.29  4.36  6.47  2.76  0.60 -7.15 -5.57 -3.26 -6.32 -8.74 
INFO: cmn.c(133): CMN: 114.57 -9.06 -1.17  1.93  8.13  7.07  7.71  6.55  4.39  7.77  8.43  7.71  5.76 
INFO: cmn.c(133): CMN: 115.22 -11.61 -5.06 -3.61 -0.82  1.47 -2.02 -3.19 -1.89 -3.05 -0.46 -1.36  1.34 
INFO: cmn.c(133): CMN: 65.60 15.95 -1.79 -14.95 -2.02  4.92 -6.01 -9.09 -3.07 -1.19 -2.78 -9.16  3.13 
INFO: cmn.c(133): CMN: 64.71 13.73  3.01 -5.20 10.50 11.82  0.25  1.72 -14.76 -4.50 -1.88 -2.82  6.77 
INFO: cmn.c(133): CMN: 113.39 -9.53  3.24  2.23  1.60  0.55  3.10  0.69 -2.90 -6.30 -7.33 -7.63 -7.73 
INFO: cmn.c(133): CMN: 116.37 -11.25 -3.17 -2.04 -1.34  0.80 -1.80 -4.38  1.90 -1.25  3.74  2.15  2.69 
INFO: cmn.c(133): CMN: 115.21 -9.63 -3.87 -4.97 -4.98 -4.43 -1.63 -1.37 -4.54 -4.14  1.57 -3.69 -1.35 
INFO: cmn.c(133): CMN: 62.97 12.01  3.95 -4.30 -2.82 13.25 -3.36 -7.06 -12.05 -9.27 -3.61 -5.86  5.30 
INFO: cmn.c(133): CMN: 58.33 12.09  5.20  0.81  4.99 19.98  7.75 -0.13 -11.26 -8.42 -0.80  0.39  0.41 
INFO: cmn.c(133): CMN: 113.95 -7.21  1.74  2.24  5.41  5.34  1.70  0.94 -3.69 -8.12 -8.39 -8.48 -10.09 
INFO: cmn.c(133): CMN: 115.47 -10.34 -0.92 -1.78 -0.11 -0.06  0.40 -0.39  3.46  6.48  5.46 10.16 10.16 
INFO: cmn.c(133): CMN: 114.37 -8.77 -3.79 -5.33 -5.32 -2.19 -1.92 -4.38 -7.42 -5.77  1.93 -0.52  0.34 
INFO: cmn.c(133): CMN: 60.79 20.90 -4.05 -15.81 -1.53 19.28  5.68 -3.98 -8.24 -9.22 -2.61 -2.15  7.86 
INFO: cmn.c(133): CMN: 59.58 20.28  3.20 -7.19  9.27 17.94  6.38  6.41 -10.89 -9.12 -3.86 -0.94  8.01 
INFO: cmn.c(133): CMN: 113.78 -8.35  1.79  1.76  2.48  4.78  3.80  0.55 -3.33 -3.76 -5.48 -6.74 -5.80 
INFO: cmn.c(133): CMN: 115.64 -9.18 -2.22 -2.68  0.18 -0.61 -2.49 -1.89 -2.36  0.85  3.04  5.73  9.77 
INFO: cmn.c(133): CMN: 114.78 -9.61 -2.60 -3.35 -1.57 -2.11 -2.85  0.21  0.38 -1.60  3.44  7.93  7.06 
INFO: cmn.c(133): CMN: 59.75 18.12  9.78 -8.97  4.48 17.99  5.73 -11.44 -10.83 -12.27 -2.27 -12.87  3.85 
INFO: cmn.c(133): CMN: 58.40 17.51 10.44 -0.01 14.07 20.60  6.36  1.32 -10.47 -6.83 -2.39 -4.49  3.55 
INFO: cmn.c(133): CMN: 112.83 -9.29  1.20  3.71  4.06  4.72  0.68 -5.27 -6.60 -6.21 -11.42 -15.17 -13.34 
INFO: cmn.c(133): CMN: 114.54 -8.57  0.15  1.43  3.59  2.56  6.10  4.36  9.03  9.77  8.57  6.24  3.24 
INFO: cmn.c(133): CMN: 114.84 -11.30 -1.98 -2.69 -1.06  0.75 -1.13 -1.68 -1.65 -3.30  1.09 -1.12  1.39 
INFO: cmn.c(133): CMN: 69.09  9.71 -7.74 -6.00 -7.12  1.98 -4.92  0.22  0.66 -6.58 -12.45 -9.27 -1.92 
INFO: cmn.c(133): CMN: 62.41 10.95  3.75  4.38  3.91  7.63 -1.05  6.91 -5.96 -4.10 -1.02 -3.24  3.89 
INFO: cmn.c(133): CMN: 114.00 -8.73 -0.11  1.01  2.34  0.94 -1.56 -6.12 -7.86 -7.31 -10.38 -10.27 -7.24 
INFO: cmn.c(133): CMN: 115.66 -11.11 -2.13 -1.81  3.61  1.17  4.63  4.08  5.25  5.55  5.31  3.02  2.62 
INFO: cmn.c(133): CMN: 114.67 -10.89 -2.06 -2.71 -0.52 -3.72 -5.43 -1.99 -0.46 -2.09 -2.33 -3.23  0.35 
INFO: cmn.c(133): CMN: 65.17 14.06 -8.95 -11.40 -4.44  1.58 -1.39  4.30  0.13 -6.83 -11.11 -8.92  3.40 
INFO: cmn.c(133): CMN: 61.90  5.79  4.58 -2.95  1.68  6.77 11.59  7.02 -1.55 -4.41  0.58 -2.73  0.50 
INFO: cmn.c(133): CMN: 113.56 -9.55  1.37  2.92  4.12  5.30  2.83 -3.60 -5.76 -6.09 -4.40 -9.08 -11.30 
INFO: cmn.c(133): CMN: 114.89 -9.50 -2.99 -2.53  3.13  0.92  0.81  0.87  4.48  6.76 11.30 13.42 11.08 
INFO: cmn.c(133): CMN: 117.20 -12.84 -3.91 -1.91  7.10  0.99 -9.25 -1.57 -1.63 -2.41 -6.88  1.44  0.56 
INFO: cmn.c(133): CMN: 70.17  5.31 -21.35 -13.23 -5.04 -7.46  3.69 14.95 -2.94 -12.51 -14.00  4.90 -4.45 
INFO: cmn.c(133): CMN: 62.09  9.91 -5.11 -9.26 -2.78 -4.93  8.40 10.11 -0.86 -5.63  3.12 -3.51  1.43 
INFO: cmn.c(133): CMN: 113.88 -11.42  0.38  2.01  3.56 -0.97 -0.83 -0.76 -1.58 -5.59 -5.74 -3.55 -8.26 
INFO: cmn.c(133): CMN: 116.38 -11.45 -1.48 -2.86  2.29 -0.05 -3.68  1.09  2.80  3.13  2.46  0.64  4.25 
INFO: cmn.c(133): CMN: 116.94 -14.99 -6.07 -3.44  4.96 -2.29 -6.32  1.83 -2.10 -2.38 -3.25 -1.34  1.77 
INFO: cmn.c(133): CMN: 70.08  5.60 -25.62 -15.61 -3.33  9.72 -1.10 14.43 -5.83 -13.99 -13.89  3.08  3.97 
INFO: cmn.c(133): CMN: 61.59 10.75 -9.81 -12.38 -0.07  0.32  6.32 14.57  2.44 -8.30  2.21 -3.05  2.43 
INFO: cmn.c(133): CMN: 114.32 -14.20 -0.61  2.44  1.78 -0.31 -1.43 -0.40 -5.07 -4.85 -8.23 -10.82 -8.29 
INFO: cmn.c(133): CMN: 116.41 -14.61 -2.90  2.75  2.90 -4.00  0.01  2.54 -0.91  1.40  5.70  5.80  0.45 
INFO: cmn.c(133): CMN: 116.24 -14.87 -2.98 -1.80  1.51 -0.24 -6.61 -4.26 -2.97  1.02 -1.75 -1.26  0.07 
INFO: cmn.c(133): CMN: 69.20  7.79 -25.82 -14.36 -7.77 -1.69  1.15 16.05 -5.53 -7.89 -20.63  3.73 -0.23 
INFO: cmn.c(133): CMN: 62.69 10.58 -10.25 -6.50 -2.37 -8.90 12.00 13.84  4.12 -4.49  2.12 -1.92 -0.83 
INFO: cmn.c(133): CMN: 114.45 -11.83  1.02  1.59  1.81 -0.99 -1.22  1.90 -3.93 -5.72 -9.48 -7.94 -4.66 
[100] INFO: cmn.c(133): CMN: 116.79 -16.42 -3.64 -1.85  4.49  2.18 -4.65  3.26  5.08  3.53  2.91  3.18  6.57 
INFO: cmn.c(133): CMN: 115.87 -13.29 -2.24 -4.38 -0.54  0.40 -4.54 -8.28 -3.78 -2.68 -2.86 -0.26 -2.84 
INFO: cmn.c(133): CMN: 69.18 11.97 -21.53 -5.85 -6.25 -4.29 -4.63  2.94  1.90 -2.64 -16.24  2.87 -5.94 
INFO: cmn.c(133): CMN: 61.91 11.34 -0.66 -0.91  4.38  3.18  1.07  7.11 -4.63 -1.77 -5.85 -0.79  0.46 
INFO: cmn.c(133): CMN: 113.52 -7.51 -0.93  0.77  3.79  3.19  2.22  0.43 -5.63 -9.71 -8.11 -5.09 -2.87 
INFO: cmn.c(133): CMN: 115.88 -12.62 -2.06  1.28  2.32  2.97 -4.27 -0.18  4.18  2.79  5.04  2.54  2.73 
INFO: cmn.c(133): CMN: 114.87 -15.16 -5.73 -5.38 -0.27 -1.57 -4.81 -2.93  0.78  3.63  0.94  2.22  4.55 
INFO: cmn.c(133): CMN: 68.42  5.92 -11.67 -11.80 -9.52  6.29 -6.39 -3.27 -2.04 -6.17 -10.10 -3.80  5.44 
INFO: cmn.c(133): CMN: 64.23 11.09 -5.31 -7.13  1.41  8.92 -3.03  0.03 -1.44 -2.32 -3.52 -6.71  4.49 
INFO: cmn.c(133): CMN: 113.44 -9.01  0.74  0.21  3.12  4.13  3.03  2.59  0.75 -8.68 -8.87 -9.17 -10.12 
INFO: cmn.c(133): CMN: 116.45 -14.32 -3.55 -2.15  1.89  6.08 -0.14 -2.07  3.09  6.13  8.18  6.37  8.05 
INFO: cmn.c(133): CMN: 116.01 -11.64 -3.47 -3.34 -1.59 -4.32 -0.65 -1.78 -0.01 -0.69 -1.30 -2.29  0.43 
INFO: cmn.c(133): CMN: 62.23  7.13  9.30 -6.05 -13.18 24.66  1.72 -5.54 -11.33 -8.04 -3.83  0.27 -3.42 
INFO: cmn.c(133): CMN: 58.95  5.40  8.15  4.40  2.71 17.26  5.05  3.34 -4.39 -4.92  1.65 -1.65  0.37 
INFO: cmn.c(133): CMN: 113.88 -9.12  2.32 -0.36  2.61 -0.56  1.17 -4.30 -4.93 -6.73 -8.02 -7.66 -3.48 
INFO: cmn.c(133): CMN: 116.04 -11.43 -1.17 -1.67  0.23  0.12  3.03 -0.40  3.65  3.28  0.24  3.78  1.08 
INFO: cmn.c(133): CMN: 116.39 -16.91 -3.03 -7.47 -3.42  3.86 -6.73  3.90 -4.65  6.54 -0.51  2.44  2.56 
INFO: cmn.c(133): CMN: 65.02  7.85 -3.27  4.09 -20.36  0.93 -2.17 -8.14 -12.18 -4.78 -2.68 -4.06  9.39 
INFO: cmn.c(133): CMN: 60.29  7.29  9.31  1.32  0.92 10.82 -3.60 -0.77 -10.97 -6.47 -1.46 -4.77  7.86 
INFO: cmn.c(133): CMN: 113.05 -10.23  1.39  1.94  2.17  0.75  1.19 -4.19 -4.80 -8.23 -6.99 -10.29 -6.45 
INFO: cmn.c(133): CMN: 116.01 -13.85 -1.51 -1.34  0.87  2.40  0.21 -1.44  2.04  6.17  3.61  3.89  5.37 
INFO: cmn.c(133): CMN: 115.95 -11.44 -2.39 -6.14 -2.32 -0.85 -4.01 -8.06 -3.99 -0.02  2.69  3.29  4.33 
INFO: cmn.c(133): CMN: 68.87 10.71 -17.44  0.97 -19.45 -1.56  2.73 -1.63  1.13 -6.98  2.26  0.18 -2.10 
INFO: cmn.c(133): CMN: 64.34 12.87 -1.83 10.47 -2.65  5.88  3.41  0.77 -3.47 -6.48 -1.07 -2.14 -0.32 
INFO: cmn.c(133): CMN: 114.03 -9.66  2.11  2.08  4.46  3.24 -1.12 -7.29 -7.94 -9.13 -10.30 -11.14 -11.11 
INFO: cmn.c(133): CMN: 116.04 -11.10 -2.95  0.59  4.40  2.94  0.77  1.85  5.58  8.00  7.44  3.23  2.12 
INFO: cmn.c(133): CMN: 116.56 -10.80 -0.21 -2.68 -0.51 -2.04 -1.82 -0.50 -2.07 -4.34  0.61  3.76  4.94 
INFO: cmn.c(133): CMN: 63.56 -4.63  9.79 11.76 -26.94  1.87 -3.24 -9.63 -12.73 -0.04 -1.82  8.04  4.79 
INFO: cmn.c(133): CMN: 59.78  2.63 13.29 10.72 -9.66  7.28  4.61 -0.91 -9.30 -5.71 -2.95 -3.80  2.95 
INFO: cmn.c(133): CMN: 113.75 -10.18  2.00  1.40  1.74 -0.71 -3.94 -8.01 -8.59 -11.10 -9.70 -7.87 -1.39 
INFO: cmn.c(133): CMN: 116.06 -11.37 -0.50 -2.71  3.69 -0.90  0.26 -0.41  4.00  3.56  3.47  6.72  4.70 
INFO: cmn.c(133): CMN: 115.83 -11.75 -4.13 -4.14  0.73 -3.04 -5.56  0.67 -0.61 -4.08 -6.26 -3.95  0.71 
INFO: cmn.c(133): CMN: 66.40  9.76 -14.81 -9.63 -0.84  9.79 -9.65 12.94 -11.73 -12.43 -11.30  1.93  6.18 
INFO: cmn.c(133): CMN: 63.40 14.33 -1.49 -7.17  0.37 -1.06  1.48 22.97 -3.67 -3.81 -6.11 -4.21  0.51 
INFO: cmn.c(133): CMN: 113.49 -12.11 -0.89  2.69  3.32  1.46  4.61  1.92 -2.62 -3.85 -2.83 -5.71 -6.91 
INFO: cmn.c(133): CMN: 115.96 -10.87 -3.01  1.57  6.60  0.41 -2.02 -0.45  1.11  4.53  3.32  5.61  5.45 
INFO: cmn.c(133): CMN: 115.54 -11.98 -4.20 -0.86  3.75 -2.88 -4.25  0.53 -0.64  0.61 -1.18 -0.31 -2.24 
INFO: cmn.c(133): CMN: 67.13  6.13 -19.52 -8.28 -11.00  5.25  3.07 13.79 -5.24 -3.76 -5.35  6.92  5.43 
INFO: cmn.c(133): CMN: 63.81  4.92 -3.15 -6.53 -4.78  2.70  4.09 24.24  0.38 -10.86  1.37  1.00  6.27 
INFO: cmn.c(133): CMN: 114.46 -10.82 -0.08  1.11  6.72  5.08  0.79 -0.33 -2.77 -5.16 -8.14 -7.20 -5.17 
INFO: cmn.c(133): CMN: 115.76 -12.62 -2.68 -1.04  5.69  2.44 -1.32 -0.39  1.49  7.16  9.09  5.40  7.97 
INFO: cmn.c(133): CMN: 115.52 -13.77 -2.68 -3.18 -0.62 -2.57 -4.37 -0.32 -2.26 -2.06 -1.96 -1.88  1.13 
INFO: cmn.c(133): CMN: 65.79  5.68 -5.34 -6.83 -4.05  3.68  0.67 21.82  5.54 -15.71  3.03 -0.25  1.18 
INFO: cmn.c(133): CMN: 113.60 -10.32  1.40  0.44  5.89  3.99  4.38  1.50 -3.08 -0.85 -3.82 -3.39 -3.56 
INFO: cmn.c(133): CMN: 116.51 -12.50 -0.90  0.26  5.57  1.92  0.35  6.87  7.08  7.10  3.26  1.31  2.34 
INFO: cmn.c(133): CMN: 115.07 -10.15 -4.41 -3.28 -0.60 -0.68 -5.32 -5.10 -4.15 -2.09 -1.84  0.85  0.72 
INFO: cmn.c(133): CMN: 65.61 11.62 -15.52 -12.65 -4.35  5.70 -8.27 -2.19 -2.77 -1.62 -7.07  1.52  7.31 
INFO: cmn.c(133): CMN: 64.22 11.36  5.47 -7.29 -0.52  7.04 -4.55  6.93  2.82 -8.76  1.14 -2.27  5.61 
INFO: cmn.c(133): CMN: 113.65 -8.62 -0.60  1.52  3.45  2.71  2.10 -4.47 -7.97 -9.68 -13.78 -14.13 -11.06 
INFO: cmn.c(133): CMN: 114.27 -11.19 -2.06 -1.90  2.97  4.08  2.27  5.84  4.61  0.97  1.45 -2.80 -4.03 
INFO: cmn.c(133): CMN: 114.90 -11.13 -2.90 -4.37 -2.40 -3.82 -2.02  0.06 -1.93 -1.69  1.29  4.35  1.43 
INFO: cmn.c(133): CMN: 60.10  2.76 21.34 14.52 -12.88 21.74 -2.97 -4.18 -11.50 -5.71 -1.89 -2.76 -0.82 
INFO: cmn.c(133): CMN: 58.70  1.58 26.45  9.79 -5.26 15.46  1.08  4.45 -5.44 -7.05  1.85  3.72  1.49 
INFO: cmn.c(133): CMN: 113.50 -9.50 -0.52  5.04  6.82  5.79  1.28 -6.01 -5.38 -2.76 -3.46 -6.71 -3.40 
INFO: cmn.c(133): CMN: 115.64 -11.54 -1.29  0.40  3.64  4.54  2.44 -1.94  4.18  5.34  7.42  5.96  7.87 
INFO: cmn.c(133): CMN: 115.63 -16.69 -3.85 -5.56  0.95  2.60 -5.48 -8.42  2.69 -1.87  1.27 -1.77 -0.44 
INFO: cmn.c(133): CMN: 67.67  3.81 -7.21 -26.76  0.21  5.99 -5.96  2.96 -0.46  1.44 -14.59 -6.23  1.36 
INFO: cmn.c(133): CMN: 66.05 -0.38 11.83 -15.97 -6.33  7.33 -8.21  9.49 -2.77 -3.74  1.27  2.20  5.46 
INFO: cmn.c(133): CMN: 113.74 -9.17  1.22  2.18  4.05  3.65  2.81  1.52 -3.21 -6.02 -5.99 -9.35 -12.72 
INFO: cmn.c(133): CMN: 116.21 -16.30 -3.52  0.51  1.53  2.00  0.52 -2.39  3.58  6.39  5.21  7.03  7.76 
INFO: cmn.c(133): CMN: 115.38 -11.72 -4.71 -4.27 -1.30 -2.58  1.45 -1.69  2.87  1.15  1.67  0.15  0.74 
INFO: cmn.c(133): CMN: 64.78 12.65  3.15 -8.02  6.45 14.50 -2.80 -12.43 -15.22 -4.99  4.68  2.76 12.82 
INFO: cmn.c(133): CMN: 59.18 10.85 15.32 -0.71 12.35 18.82  4.08  3.66 -5.33 -14.72 -3.07 -5.95  1.90 
INFO: cmn.c(133): CMN: 112.20 -8.53  2.64  1.03  3.60  1.44 -0.40 -5.33 -6.07 -8.05 -8.28 -10.64 -10.26 
INFO: cmn.c(133): CMN: 115.59 -9.51 -0.93 -1.22  0.33  3.52  2.28  4.65  7.68  6.55  5.49  7.53  8.84 
INFO: cmn.c(133): CMN: 114.85 -11.02 -2.67 -2.26 -2.46 -7.42 -0.77  2.04 -1.75  3.73  1.90  2.03  1.89 
INFO: cmn.c(133): CMN: 58.42  3.88  8.65  0.06 -1.46 25.51  0.19 -4.09 -3.36 -2.17  2.43  3.72  9.20 
INFO: cmn.c(133): CMN: 58.63  6.84 19.40  0.77  9.11 21.17  3.55  5.73 -2.13 -14.48 -7.85 -6.18 -3.54 
INFO: cmn.c(133): CMN: 113.11 -9.42  2.30  2.50  4.94  4.80 -0.42 -7.44 -8.33 -5.99 -8.35 -11.13 -8.33 
INFO: cmn.c(133): CMN: 115.32 -9.85 -1.99 -1.04  2.63  2.39  6.67  7.71  8.09  8.17  7.57  7.66  7.15 
INFO: cmn.c(133): CMN: 116.29 -16.08 -5.95 -4.01  3.78 -1.28 -3.62 -0.75  2.38  1.69 -3.57  4.84  4.66 
INFO: cmn.c(133): CMN: 68.68 -1.85 -15.47 -0.28 -33.88 -3.06  4.61  5.00 -18.23  8.48 -6.69 -6.92  9.00 
INFO: cmn.c(133): CMN: 63.99  1.37  1.82  3.34 -22.91 -4.19  4.41  6.29 -0.96 -2.04 -2.20  1.01  3.92 
INFO: cmn.c(133): CMN: 114.43 -14.03  1.15  0.99  5.70  1.10 -0.15 -5.23 -6.36 -8.96 -7.88 -5.89 -5.02 
INFO: cmn.c(133): CMN: 116.27 -14.59 -2.20 -4.91  2.88  3.08 -0.63 -0.55  3.39  4.87  4.36  1.05  4.41 
INFO: cmn.c(133): CMN: 115.99 -11.68 -3.65 -3.75 -2.64 -0.06 -2.89 -5.31 -1.82 -1.16 -4.55 -1.36  1.62 
INFO: cmn.c(133): CMN: 64.85 17.28 -8.31 -14.90 -8.07 14.82 -8.18 -16.58 -6.17 -3.37 -4.45 -5.59  2.95 
INFO: cmn.c(133): CMN: 59.35  8.79  7.80 -12.23  0.98 20.04 -2.46  5.70 -9.73 -9.66 -3.72 -0.54  0.74 
INFO: cmn.c(133): CMN: 113.89 -9.08 -0.33  2.18  1.50  2.03  0.34 -3.38 -6.36 -8.40 -11.74 -12.67 -8.17 
INFO: cmn.c(133): CMN: 115.16 -11.59 -3.53 -1.02  2.55  3.50  3.06  3.90  3.32  5.08  7.52  5.96  5.46 
INFO: cmn.c(133): CMN: 115.28 -12.40 -1.53 -2.30 -1.75 -1.24 -1.25 -2.86 -3.72  0.87  4.69  4.57  1.77 
INFO: cmn.c(133): CMN: 56.77 15.07 11.49 -6.72 -10.71 10.82  7.95  0.39 -17.61 -14.25 -7.11 -2.26 11.05 
INFO: cmn.c(133): CMN: 59.87 11.19  9.38 -6.86 -3.58 15.37  9.56  4.55 -9.57 -17.04 -4.86 -0.86  4.89 
INFO: cmn.c(133): CMN: 113.46 -10.04  2.14  2.38 -0.02 -1.60 -1.64 -4.66 -7.78 -10.07 -12.16 -12.15 -3.63 
INFO: cmn.c(133): CMN: 116.07 -13.00 -3.17 -0.37  0.97 -2.03  1.98  1.46 -0.04 -4.81 -5.06 -3.12 -0.52 
INFO: cmn.c(133): CMN: 115.00 -12.47 -5.31 -2.05 -2.81 -2.40 -4.21 -3.47 -1.53 -1.69 -0.24  1.10  1.29 
INFO: cmn.c(133): CMN: 62.08 15.71 -8.70 -11.55 -5.60  5.77  0.88 -7.85 -8.59 -4.48 -6.35 -6.38  3.50 
INFO: cmn.c(133): CMN: 62.09 13.93  2.01 -7.05 -3.00  5.47  2.07  1.85 -9.27 -7.27 -2.43  9.88  6.29 
INFO: cmn.c(133): CMN: 113.10 -8.05  1.75  2.80  3.57  4.01  1.98 -3.57 -7.04 -5.71 -9.38 -11.09 -7.78 
INFO: cmn.c(133): CMN: 114.80 -10.88 -2.60 -0.07  5.92  4.41  3.01  4.07  5.40  9.31  8.08  5.26  6.25 
INFO: cmn.c(133): CMN: 114.97 -13.40 -1.25 -2.15  2.42 -1.10 -5.06 -0.67 -0.31  3.17  0.97  2.06  3.34 
INFO: cmn.c(133): CMN: 66.33  2.59 -26.87 -8.00 -8.12  3.05  4.41 17.76 -4.56 -12.86 -3.65  4.43  2.57 
INFO: cmn.c(133): CMN: 64.77  5.24 -9.67 -11.55 -7.68  3.57  1.26 25.35  5.38 -14.02  3.29 -1.23  1.99 
INFO: cmn.c(133): CMN: 114.43 -11.15  2.69  1.72  4.43  1.37  4.83  5.78 -3.24 -2.21 -5.65 -5.73 -8.75 
INFO: cmn.c(133): CMN: 115.04 -13.17  0.68  0.77  4.65  4.09  3.71  8.36 10.54  6.43  3.78  4.02  9.07 
INFO: cmn.c(133): CMN: 115.61 -11.56 -6.17 -6.79 -0.97 -2.73 -5.62 -6.15 -3.46  1.38  3.53  3.20  0.32 
INFO: cmn.c(133): CMN: 63.25 12.48 -8.56 -7.29 -6.15  1.55 -6.02 -6.64 -12.97 -5.02 -4.38  4.88  3.46 
INFO: cmn.c(133): CMN: 60.62  3.10  3.39 -4.81 -0.75  0.38 -0.88 14.61 -12.60 -2.51 -5.99 -2.01  3.53 
INFO: cmn.c(133): CMN: 113.99 -7.01  1.01 -0.75  3.07  3.32  4.29  1.43 -1.59 -2.39 -4.86 -8.55 -10.93 
INFO: cmn.c(133): CMN: 116.27 -11.85 -1.83  0.37  3.91  2.73  0.15  2.52  7.54  7.65  5.29  2.19  2.93 
[200] INFO: cmn.c(133): CMN: 115.16 -10.17 -2.39 -4.36 -3.52 -3.90 -1.02 -4.19 -1.18  0.06  5.51  4.85  3.04 
INFO: cmn.c(133): CMN: 60.44 14.73  4.99 -12.37  9.77 12.01 -10.81 -13.11 -21.35 -9.14 -4.80 -7.00  8.56 
INFO: cmn.c(133): CMN: 60.16  5.90 12.27  0.61 12.96 13.21 -2.42  9.15 -12.62 -11.34 -2.66 -5.20  1.43 
INFO: cmn.c(133): CMN: 112.58 -8.61  1.86  3.13  3.12  3.68  1.73 -1.15 -5.82 -7.82 -9.05 -11.80 -8.51 
INFO: cmn.c(133): CMN: 115.23 -9.76 -1.52 -0.70 -0.74  1.07  1.25  2.10  0.83  5.40 12.01 11.63 12.46 
INFO: cmn.c(133): CMN: 115.71 -12.71 -3.20 -4.93 -2.12 -1.76 -3.47 -4.68 -0.06 -0.21  5.07  2.26  3.29 
INFO: cmn.c(133): CMN: 67.61  0.98  1.41  9.32 -25.52 -3.20  5.51 -3.86 -16.16  0.53 -3.44  4.49  5.91 
INFO: cmn.c(133): CMN: 61.95  3.92  8.49  7.99 -7.19  7.60 12.80  7.67 -11.53 -6.74 -6.71 -0.34  3.18 
INFO: cmn.c(133): CMN: 113.55 -10.38  0.94  0.98  4.79 -0.42 -3.54 -9.46 -7.10 -10.74 -13.40 -13.26 -10.11 
INFO: cmn.c(133): CMN: 115.52 -12.23 -2.21 -0.84  1.01  1.09 -0.70 -0.65  5.21  6.93  7.35  9.04  9.10 
INFO: cmn.c(133): CMN: 116.34 -12.85 -4.63 -3.01  0.24 -0.86 -7.42 -3.53 -3.88 -3.46 -4.65 -4.02  3.30 
INFO: cmn.c(133): CMN: 69.85  7.61 -23.47 -18.27 -7.20 12.45 -1.62  9.71 -2.17 -6.75 -14.05 -3.00  8.80 
INFO: cmn.c(133): CMN: 64.72 11.99 -1.05 -15.70 -4.08  7.67 -4.27 13.59  0.23 -4.77  5.79  2.39  0.22 
INFO: cmn.c(133): CMN: 113.90 -10.94 -0.70  3.58  4.92  2.60  5.45  3.51 -3.14 -6.21 -3.66 -5.52 -9.29 
INFO: cmn.c(133): CMN: 115.86 -12.66 -5.75 -2.60  4.49  3.71 -3.60  1.21  5.05  0.71  5.85  6.53  8.48 
INFO: cmn.c(133): CMN: 116.42 -15.34 -5.08  0.68  1.38 -3.36 -4.78  1.53 -2.73  3.56 -0.63  3.16  1.41 
INFO: cmn.c(133): CMN: 68.84  1.75 -20.32 -12.16 -7.70 -1.36 -4.38 16.11  1.64 -23.80 -3.88  2.43 20.21 
INFO: cmn.c(133): CMN: 61.18  2.89 -2.08 -8.57 -4.81  0.73 -3.46 14.87  2.97 -8.35  3.54  3.62  6.06 
INFO: cmn.c(133): CMN: 111.62 -10.18  3.33  0.70  1.66 -0.30 -0.94 -0.21 -4.55 -4.18 -5.99 -3.05 -7.32 
INFO: cmn.c(133): CMN: 116.12 -12.39 -4.31 -3.13  3.49 -2.78 -3.15  1.34  6.11  1.47 -0.34  5.28  5.75 
INFO: cmn.c(133): CMN: 115.53 -14.66 -3.36 -1.11 -0.52 -2.65 -4.77 -4.42  0.84 -0.96 -2.27 -0.07  1.24 
INFO: cmn.c(133): CMN: 63.62 17.61 -11.60 -15.94 -0.73  9.18 -13.39 -8.86 -10.55 -14.33 -4.14  6.73  4.30 
INFO: cmn.c(133): CMN: 60.18  9.30  6.08 -5.95  1.30  7.18 -11.09 12.05 -0.55 -4.95  0.83 -1.07  6.07 
INFO: cmn.c(133): CMN: 106.38 -10.13  2.36  1.31  1.12 -0.13 -0.66 -2.08 -2.86 -3.97 -4.74 -5.23 -4.48 
INFO: cmn.c(133): CMN: 115.82 -12.54 -2.56 -2.12  0.27 -0.99  1.49 -0.70 -1.05  9.69  5.14  5.29  4.19 
INFO: cmn.c(133): CMN: 115.98 -11.43 -2.08 -2.38  4.32  0.20 -6.96 -4.13  1.88 -1.62 -5.38 -5.16  0.14 
INFO: cmn.c(133): CMN: 71.79 12.64 -25.47 -7.84 -6.59  4.25 -10.12 11.71 -1.74 -18.77 -12.04  5.99  4.01 
INFO: cmn.c(133): CMN: 63.98  9.49 -5.79 -2.54 -7.40 -1.40 -5.73 16.87  6.09 -11.73  2.34  4.73  0.32 
INFO: cmn.c(133): CMN: 113.73 -10.09  0.18  1.60  2.93 -0.07 -0.48  1.03 -4.41 -6.86 -6.83 -6.38 -4.16 
INFO: cmn.c(133): CMN: 115.94 -14.00 -2.58 -5.11  4.52 -2.19 -5.79  0.49  0.84  4.00  0.76  2.76  2.88 
INFO: cmn.c(133): CMN: 116.15 -15.09 -5.65 -5.19  3.39 -0.95 -10.48  0.30 -1.97 -4.62 -3.84  0.07  0.93 
INFO: cmn.c(133): CMN: 66.80  9.26 -27.29 -15.93 -3.61  6.87 -4.30 17.14 -3.29 -16.61 -10.40  2.20  7.14 
INFO: cmn.c(133): CMN: 62.47  6.95 -5.97 -12.33 -1.69  6.38 -7.80 20.11  0.44 -19.42 -3.10 -1.74  7.08 
INFO: cmn.c(133): CMN: 114.48 -12.51  0.94  1.14  3.50 -0.41  1.35 -0.26 -2.66 -3.31 -6.32 -8.33 -10.76 
INFO: cmn.c(133): CMN: 116.00 -14.41 -1.99  0.25  3.61 -1.51 -8.09 -3.29 -4.72 -0.94  2.85  2.17  7.37 
INFO: cmn.c(133): CMN: 115.44 -13.02 -5.25 -4.18  0.66 -1.69 -4.61 -0.92 -4.20 -1.24  2.90  5.21  6.82 
INFO: cmn.c(133): CMN: 67.66 12.62 -13.22 -9.68 -4.78 -2.73 -9.90  9.41 -6.84 -12.14 -10.38  2.38  3.24 
INFO: cmn.c(133): CMN: 61.39 11.18  1.53 -9.19 -0.94  5.15 -5.40 12.78 -4.65 -10.55 -3.04  8.28  3.84 
INFO: cmn.c(133): CMN: 112.21 -10.35  3.00  1.63  1.12  1.26 -2.14 -5.56 -8.18 -7.55 -14.11 -11.49 -4.84 
INFO: cmn.c(133): CMN: 116.45 -11.28 -1.82 -0.39  2.07  1.63 -0.76  5.13  6.33  5.26  5.22  6.17  8.59 
INFO: cmn.c(133): CMN: 115.41 -13.99 -4.95 -3.97  0.30  5.29 -1.49 -4.02 -3.19 -1.18  1.41 -0.88  0.84 
INFO: cmn.c(133): CMN: 65.48 12.19 -22.16 -17.21 -7.80  8.13 -3.99  6.23  9.29 -23.64 -2.90 -2.18 10.94 
INFO: cmn.c(133): CMN: 64.68 12.28 -2.79 -14.71 -5.77  3.62 -10.45 12.62  5.53 -12.52 -0.19 -5.12  3.60 
INFO: cmn.c(133): CMN: 114.71 -11.99 -0.98  3.13  1.75 -2.21  0.93  1.82 -4.67 -11.37 -8.72 -11.09 -9.37 
INFO: cmn.c(133): CMN: 116.56 -13.44 -4.31  0.05  1.14 -2.72 -2.29 -0.05  2.66  4.85  4.10  4.05  2.63 
INFO: cmn.c(133): CMN: 114.47 -11.29 -4.31 -4.19 -2.68  3.57 -1.12 -4.73 -1.20 -1.83  3.15  0.44  4.42 
INFO: cmn.c(133): CMN: 63.03 17.50 -4.55 -15.34 -7.52 13.62 -2.09 -13.26 -0.87 -4.26  2.78 -2.66 -0.88 
INFO: cmn.c(133): CMN: 64.25 15.09  7.96 -12.10 -2.35 15.79 -8.29 -1.96 -1.05 -10.68  0.74 -0.87  3.24 
INFO: cmn.c(133): CMN: 113.31 -9.67  0.88  3.72  4.35  2.10  5.25  2.01 -0.98 -10.40 -8.44 -7.66 -11.37 
INFO: cmn.c(133): CMN: 116.34 -11.72 -2.30 -1.56  1.30  4.62 -2.19 -0.97  5.71  5.24  6.51  1.84  7.87 
INFO: cmn.c(133): CMN: 116.29 -14.11 -1.51 -5.36 -1.15  2.65 -8.67 -8.31 -2.00 -4.17 -3.21 -3.77 -0.23 
INFO: cmn.c(133): CMN: 66.14 16.41 -21.13 -14.13 -11.85  4.25 -5.86 -2.99  3.67 -15.33 -8.00 -1.67 11.21 
INFO: cmn.c(133): CMN: 68.28 11.59  2.14 -8.55 -6.36  8.43 -6.27 14.83 -3.75 -9.29 -1.18 -1.56  4.56 
INFO: cmn.c(133): CMN: 114.01 -11.20  0.20  1.92  1.74 -0.32 -2.79 -5.11 -5.42 -8.15 -13.96 -12.94 -12.07 
INFO: cmn.c(133): CMN: 116.92 -11.98 -2.21  1.40  6.98  0.71 -1.27  5.16  2.82  4.56  8.98  6.36  0.80 
INFO: cmn.c(133): CMN: 115.61 -13.55 -4.53 -3.97 -1.53 -0.73 -3.46 -2.99 -2.13 -0.22  1.83  2.86  3.69 
INFO: cmn.c(133): CMN: 66.65 11.36 -11.79 -7.40  3.60  7.20 -14.67 14.43 -5.80 -20.43 -9.29  6.11 12.91 
INFO: cmn.c(133): CMN: 66.24  7.95 -0.42 -13.63  1.71  1.00 -11.20 27.55 -4.52 -12.48 -11.59 -1.15  1.09 
INFO: cmn.c(133): CMN: 113.75 -9.47 -0.20  2.97  4.01  4.08  3.76  4.60 -3.43 -0.25 -3.97 -5.35 -5.43 
INFO: cmn.c(133): CMN: 115.65 -12.81 -4.16 -2.73  1.74 -2.31 -7.33  0.54 -2.86 -0.97 -0.16  4.88  4.25 
INFO: cmn.c(133): CMN: 115.67 -13.43 -4.20 -2.81 -1.18 -4.27 -9.29 -3.99 -2.48 -5.03 -2.30 -3.97 -0.61 
INFO: cmn.c(133): CMN: 65.88  8.34 -20.87 -12.48 -2.25 11.76 -7.16  5.25 10.91 -8.28 -5.25 -7.65 10.14 
INFO: cmn.c(133): CMN: 61.76  9.86 -8.70 -15.14  4.82  9.30  0.57 14.87  5.37 -4.47 -5.21 -3.20  6.88 
INFO: cmn.c(133): CMN: 113.75 -10.94 -0.92  2.88  1.27  2.45  3.76  0.34 -2.03 -2.05 -5.41 -10.57 -11.95 
INFO: cmn.c(133): CMN: 115.35 -12.71 -4.47  0.37 -1.77 -6.51 -6.18 -0.82 -9.50 -1.43  5.77  1.61 11.07 
INFO: cmn.c(133): CMN: 116.78 -11.27 -4.12 -1.96  6.54  0.41 -8.60 -2.89 -2.84 -4.53  0.47 -4.87 -0.51 
INFO: cmn.c(133): CMN: 65.97  5.32 -19.36 -15.57 -0.47  7.54 -1.80 -0.81  7.26 -14.61  2.56 -7.42 10.40 
INFO: cmn.c(133): CMN: 59.92  2.83 -0.52 -13.78 -1.64  2.73  0.79 15.08  2.13 -7.71  3.40 -2.91  7.20 
INFO: cmn.c(133): CMN: 112.92 -10.43  1.43  1.82  3.20  0.23 -1.04 -4.92 -6.58 -5.97 -9.61 -12.68 -9.45 
INFO: cmn.c(133): CMN: 116.58 -14.55 -4.60 -4.77  0.87 -4.19 -3.97  3.98 -1.31 -1.83  6.07  7.22  6.58 
INFO: cmn.c(133): CMN: 115.25 -11.28 -3.83 -3.92 -1.36 -0.52 -3.54 -4.78 -8.22 -7.74 -3.02 -2.01 -3.41 
INFO: cmn.c(133): CMN: 65.78 12.06 -5.64 -7.22 -3.35  8.22 -13.06 -13.25 -2.95 -8.92  0.28  2.74  7.19 
INFO: cmn.c(133): CMN: 61.47  5.45  4.72 -4.60  5.42  7.77 -4.17  5.75 -5.10 -6.51 -2.88 -0.15  2.78 
INFO: cmn.c(133): CMN: 113.65 -8.60  0.73  0.77  3.38  2.61  1.92 -0.47 -4.54 -3.17 -5.52 -12.94 -11.79 
INFO: cmn.c(133): CMN: 115.50 -12.13 -2.92 -0.39  1.13  0.81  1.30  5.11  5.42  5.15  9.90  6.59  7.13 
INFO: cmn.c(133): CMN: 115.98 -16.14 -5.06 -5.06 -2.35 -0.75 -7.63 -9.93  0.36 -4.84 -2.71  1.15  0.49 
INFO: cmn.c(133): CMN: 67.13 -1.20 -12.94 -19.09  2.87  4.84 -6.81  2.62  4.08 -7.54  0.39 -6.12  9.08 
INFO: cmn.c(133): CMN: 66.59 -2.90  0.32 -12.68  1.07  1.08 -0.43 14.21 -3.15 -2.26 -3.29 -9.00 -0.28 
INFO: cmn.c(133): CMN: 113.69 -12.48  1.32  1.98  1.56  1.84 -1.20 -4.39 -4.12 -8.09 -7.35 -11.44 -12.78 
INFO: cmn.c(133): CMN: 116.30 -16.49 -5.44  0.03  3.48  1.78 -0.04  0.98  2.94  1.86  8.22  5.96  6.48 
INFO: cmn.c(133): CMN: 114.78 -10.64 -4.42 -4.15 -0.66 -1.77 -5.17 -2.34  1.29  1.32  2.23  2.12  5.84 
INFO: cmn.c(133): CMN: 66.57  9.43  3.34  2.25 -10.26 13.84  1.43 -14.52 -2.49 -10.81 -2.05  2.31  5.46 
INFO: cmn.c(133): CMN: 63.75  8.47 11.47 -5.38  6.18 15.19  0.98  3.03 -1.81 -14.06 -2.72 -7.73  0.99 
INFO: cmn.c(133): CMN: 113.25 -9.57  0.67  3.00  3.18  1.34 -1.84 -6.68 -7.12 -9.78 -12.62 -13.72 -10.82 
INFO: cmn.c(133): CMN: 115.15 -9.73 -1.71 -1.26  5.01  4.60  2.50  1.24  3.15  8.60  9.20  7.71  9.58 
INFO: cmn.c(133): CMN: 115.45 -11.19 -4.61 -1.85  0.58 -1.90 -1.19  1.19 -6.26 -2.06 -2.89 -0.44  0.60 
INFO: cmn.c(133): CMN: 61.85  0.48 27.45 14.64 -5.20 18.49 -0.80 -4.33 -8.95 -10.08 -4.51  1.79 -5.25 
INFO: cmn.c(133): CMN: 57.55 -3.21 22.77  3.26  5.58 13.62  3.46  9.65 -7.42 -16.03 -3.63 -3.21 -6.49 
INFO: cmn.c(133): CMN: 114.31 -9.61 -0.31  0.44  3.47  0.57 -3.47 -7.11 -8.12 -5.63 -12.82 -11.29 -7.39 
INFO: cmn.c(133): CMN: 115.28 -10.39 -0.82 -1.39  3.61  4.53  3.06  3.39  5.48  5.79  3.81  4.31  5.67 
INFO: cmn.c(133): CMN: 114.54 -8.33 -4.28 -6.47 -3.32 -1.33 -6.96 -8.41 -8.40 -8.34 -2.92 -2.99 -0.12 
INFO: cmn.c(133): CMN: 66.48  7.20 -3.09  4.49 -14.94  6.50  5.32 -2.56 -5.60 -9.17 -4.21 -2.22 -3.56 
INFO: cmn.c(133): CMN: 59.82  8.29 10.61  0.98 -3.52 10.45  5.50  8.13 -6.34 -5.54  1.07  0.17  2.81 
INFO: cmn.c(133): CMN: 112.73 -9.50  3.36  2.49  1.31  3.37  2.65 -0.59 -2.55 -7.33 -9.25 -9.34 -15.54 
INFO: cmn.c(133): CMN: 115.25 -11.59 -3.64 -1.48  1.64  0.21 -3.15 -1.88  1.40  5.00  5.87  5.46  5.54 
INFO: cmn.c(133): CMN: 115.07 -11.28 -3.30 -5.06 -3.83 -1.77 -3.26 -2.72 -8.72 -7.47  0.26  1.86  1.54 
INFO: cmn.c(133): CMN: 68.09 15.27 -15.21 -10.94 -11.80  6.57 -5.25 -1.66 -0.74 -12.59 -6.48  0.66  7.15 
INFO: cmn.c(133): CMN: 64.58  9.20  5.81 -3.11 -0.76 13.00 -0.05 13.01 -2.93 -7.79 -5.83 -0.18 -1.37 
INFO: cmn.c(133): CMN: 113.80 -8.62  0.65  1.26  1.67  1.86  0.15 -5.05 -7.38 -11.22 -15.02 -18.30 -17.39 
INFO: cmn.c(133): CMN: 114.54 -9.47 -2.02 -1.71  0.85  0.62 -1.26 -2.82  1.89  2.75 11.93  9.89 10.75 
[300] INFO: cmn.c(133): CMN: 115.76 -9.69 -2.51 -4.52 -5.08 -3.24 -3.80 -4.05 -10.24 -4.04  0.26  1.42  1.24 
INFO: cmn.c(133): CMN: 60.06  4.66 15.71  8.38 -5.70 17.94 -4.99 -3.29 -8.88 -4.77  3.32  2.40 -0.20 
INFO: cmn.c(133): CMN: 57.81  0.89 18.49  6.06  3.22 20.50  4.37  5.42 -4.79 -9.68 -7.07 -5.40 -5.20 
INFO: cmn.c(133): CMN: 113.08 -9.68  2.55  1.43  4.70  1.68 -3.74 -8.44 -7.62 -7.22 -12.78 -15.43 -11.40 
INFO: cmn.c(133): CMN: 115.24 -9.21  1.90 -0.17  2.14  1.75 -1.35  5.22  9.98  7.89  4.59  2.57  0.38 
INFO: cmn.c(133): CMN: 115.25 -10.33 -2.40 -3.85 -2.46 -4.48 -5.50 -2.15 -0.79  3.63  4.05  5.16  4.70 
INFO: cmn.c(133): CMN: 64.92  1.16 16.40  5.72 -12.11 26.25 -0.27 -0.95 -15.89 -4.91  8.98  6.11 -1.67 
INFO: cmn.c(133): CMN: 56.70  1.73 23.02  7.03  0.14 17.47  5.48 10.06 -6.44 -2.03 -1.33 -2.80 -6.44 
INFO: cmn.c(133): CMN: 112.91 -9.71  2.25  3.34  3.66  3.49 -0.71 -7.02 -8.77 -7.69 -14.43 -16.71 -9.10 
INFO: cmn.c(133): CMN: 115.93 -10.01 -1.20 -1.87 -2.70 -4.56 -2.15 -1.42  4.86  0.96  2.30  8.68 11.30 
INFO: cmn.c(133): CMN: 115.52 -12.14 -3.87 -5.16 -0.13  0.45 -2.86 -5.26 -0.70  0.90 -2.98 -2.72 -0.29 
INFO: cmn.c(133): CMN: 67.75 10.21 -9.94 -2.04 -5.42  3.81 -3.72 -1.34  6.43  1.17 -0.12 -1.90  0.75 
INFO: cmn.c(133): CMN: 61.06  5.14  3.45 -4.74 -0.91  9.47 -0.80  6.42 -3.78 -1.75 -4.58  0.55  0.29 
INFO: cmn.c(133): CMN: 113.07 -8.85  1.03  2.03  4.35  1.92  2.02  2.03 -2.27 -5.28 -5.80 -8.39 -8.51 
INFO: cmn.c(133): CMN: 115.27 -11.54 -1.54  1.42  4.05  1.55 -1.42 -0.99  5.87 13.29 13.14 11.78 10.68 
INFO: cmn.c(133): CMN: 116.06 -13.23 -3.99 -1.40  2.04 -1.63 -3.73 -4.45 -1.23 -2.17 -0.13  1.89  3.49 
INFO: cmn.c(133): CMN: 62.16  3.95 12.93  1.23 -18.19 16.69  0.55 -3.76 -5.15 -0.64 -1.40  0.57 -1.12 
INFO: cmn.c(133): CMN: 57.69  0.81 17.69  5.40 -6.06 11.10 -1.78  2.37 -3.38 -10.78  0.78 -4.06  1.25 
INFO: cmn.c(133): CMN: 112.63 -9.98  3.54  1.26  1.39 -0.17 -1.65 -4.48 -4.22 -7.02 -7.78 -7.90 -4.63 
INFO: cmn.c(133): CMN: 115.59 -13.09 -0.28  0.32  2.99  0.51 -0.51 -0.93  0.34  4.17  5.82  2.60  4.73 
INFO: cmn.c(133): CMN: 115.25 -10.20 -2.02 -2.73 -0.70 -5.04 -7.42 -7.80 -1.28 -2.84 -0.12 -1.61 -0.12 
INFO: cmn.c(133): CMN: 61.39  8.56 -2.43 -2.15  2.50  6.75 -9.36  8.88 -8.99 -10.42 -4.34  2.93  5.38 
INFO: cmn.c(133): CMN: 64.65  6.06  5.17 -2.01 -5.82 11.99 -7.20  8.18 -2.77 -8.44 -4.83 -7.63 -5.02 
INFO: cmn.c(133): CMN: 113.39 -9.94  2.87  1.75  2.34  2.07  0.93  2.02 -6.19 -8.04 -8.58 -7.75 -9.76 
INFO: cmn.c(133): CMN: 114.88 -11.88  0.83  0.26  2.09 -1.36 -0.31  3.01  2.01  6.25  6.48  5.11  5.36 
INFO: cmn.c(133): CMN: 116.19 -17.78 -5.41  1.32  3.57 -3.75 -3.24 -1.56  2.23  0.82  2.20  4.59  2.76 
INFO: cmn.c(133): CMN: 62.77  3.35 -18.34 -18.16 -2.82  0.72 -5.07  2.85  4.49 -7.58 -3.98 -10.96 13.10 
INFO: cmn.c(133): CMN: 63.02  5.59 -7.44 -14.25 -5.44  3.15 -2.69  8.68  5.72 -3.71  0.93 -5.69  1.65 
INFO: cmn.c(133): CMN: 113.75 -11.06  3.04  1.92  1.66 -1.21  2.64  3.13 -4.68 -3.49 -5.57 -5.13 -3.10 
INFO: cmn.c(133): CMN: 117.78 -17.44 -5.30  0.48  2.96 -1.42 -5.81  5.07  6.07  5.45  2.35  0.48  6.08 
INFO: cmn.c(133): CMN: 115.78 -14.44 -1.49 -1.19  0.03 -0.26 -6.71  0.92  2.47  0.51  2.57 -1.57  5.28 
INFO: cmn.c(133): CMN: 65.12 10.61 -27.81 -14.37 -8.49  4.56 -2.78 10.21  2.76 -16.39 -9.55  3.67  8.32 
INFO: cmn.c(133): CMN: 63.76  9.69 -11.61 -12.13 -7.03  6.84 -6.10 19.17 14.75 -11.63  1.53 -3.17  0.84 
INFO: cmn.c(133): CMN: 115.10 -12.32  1.39  2.22  2.71  0.51 -1.42 -0.94 -8.28 -9.57 -10.15 -6.85 -5.10 
INFO: cmn.c(133): CMN: 116.61 -14.94 -1.19  2.08  2.35 -0.33 -1.17  5.46  2.25  5.04  2.91  3.50  5.97 
INFO: cmn.c(133): CMN: 115.86 -9.91 -3.02 -7.17 -2.83  0.42  2.96 -5.36 -5.61 -0.91  6.29  5.69  8.09 
INFO: cmn.c(133): CMN: 64.24  4.62  8.80 15.58 -32.95 -0.74 -4.38 -14.30 -12.27 -6.62 -3.11  7.14  6.90 
INFO: cmn.c(133): CMN: 58.51  0.10 20.10 11.04 -10.24  8.48 -1.91 -1.46 -10.52 -12.62 -9.42 -1.03  2.68 
INFO: cmn.c(133): CMN: 114.42 -9.59  1.75 -0.47  0.92 -0.10 -0.96 -7.92 -7.43 -11.34 -9.19 -6.21 -2.60 
INFO: cmn.c(133): CMN: 116.53 -11.38  0.56 -4.70 -0.98 -2.00  1.19 -0.30  3.07  3.36  4.53  6.69 -0.13 
INFO: cmn.c(133): CMN: 115.65 -12.99 -3.17 -4.35  1.01 -2.13 -5.22 -9.02 -4.80  0.71  0.44  2.85  5.34 
INFO: cmn.c(133): CMN: 68.14 11.23 -18.59 -6.17 -16.10  0.04 -6.74  6.54  2.37 -15.75 -8.63  7.69  5.41 
INFO: cmn.c(133): CMN: 62.45  5.21  7.13 -1.83 -4.40  6.75 -6.11 11.94 -7.01 -12.04 -1.36 -4.60  0.22 
INFO: cmn.c(133): CMN: 114.05 -9.15 -0.43  2.55  3.16 -0.96 -5.33 -7.30 -8.44 -9.13 -9.36 -11.13 -5.11 
INFO: cmn.c(133): CMN: 115.95 -10.15 -3.59 -2.68  0.02 -2.23 -0.04 -4.63  0.16  7.61  3.83  7.03 10.27 
INFO: cmn.c(133): CMN: 115.56 -11.77 -4.07 -5.26  2.61  1.01 -4.78 -3.42 -1.14 -0.38 -3.80 -0.97  0.98 
INFO: cmn.c(133): CMN: 70.40  8.08  2.36 -1.18 -13.33  0.08  2.23  8.99 -9.19 -9.73 -7.35  5.15 -5.67 
INFO: cmn.c(133): CMN: 65.65  1.47 12.52  1.81 -8.83  0.83 -0.48 19.23 -5.12 -9.09 -4.87 -3.80 -1.80 
INFO: cmn.c(133): CMN: 113.91 -9.26  0.28  0.82  2.42  1.48 -0.55 -2.98 -3.09 -4.51 -8.75 -7.77 -9.54 
INFO: cmn.c(133): CMN: 113.63 -10.53 -1.52 -2.78  0.60  1.22  1.22  0.31  0.17  3.90  2.16  2.74  2.90 
INFO: cmn.c(133): CMN: 115.12 -12.41 -2.40 -4.09  0.35  0.42 -0.61 -0.04  0.95  0.61  2.61  0.79  0.90 
INFO: cmn.c(133): CMN: 61.06 21.79 -0.32 -8.71 -5.51  7.80 -1.60 -10.72 -13.42 -5.31 -4.61  5.02  5.83 
INFO: cmn.c(133): CMN: 62.83 12.71  5.36 -4.04  2.19 10.51 -1.28 15.43 -8.53 -16.50 -1.69 -4.73 -1.57 
INFO: cmn.c(133): CMN: 113.51 -9.75  1.83  0.42  0.82  0.02 -3.76 -4.62 -10.91 -9.04 -11.77 -13.32 -10.32 
INFO: cmn.c(133): CMN: 115.10 -12.24 -0.61 -0.29  1.47  5.15  1.19 -0.14  2.58  8.07 11.35  9.62  4.91 
INFO: cmn.c(133): CMN: 115.71 -13.24 -2.13 -4.70 -3.11 -1.38 -3.30 -3.56 -7.58 -2.24  3.16  1.82  3.51 
INFO: cmn.c(133): CMN: 67.53 12.39 -9.86 -4.35 -10.14 -0.63 -6.08 -0.53  1.47 -11.12 -7.82  3.60  5.11 
INFO: cmn.c(133): CMN: 62.35  9.57  3.39 -0.41  0.90  5.16 -1.92  9.31 -3.89 -11.34 -3.02 -1.56 -3.99 
INFO: cmn.c(133): CMN: 114.11 -7.83  1.36 -0.05  4.06  3.66 -2.19 -5.52 -6.89 -7.04 -9.25 -12.91 -13.21 
INFO: cmn.c(133): CMN: 115.85 -9.23 -2.68 -1.43  4.00 -1.40  0.30 -2.61 -0.86  5.90  8.53 10.06 10.67 
INFO: cmn.c(133): CMN: 116.13 -9.33 -1.18 -1.22 -3.50 -3.16 -3.10 -2.48 -1.31 -5.77  0.29  0.67 -0.79 
INFO: cmn.c(133): CMN: 57.64  4.60 23.07 15.25 -7.84 15.80 -0.25 -3.36 -5.87 -0.92 -4.68  3.96 -6.11 
INFO: cmn.c(133): CMN: 56.79  3.88 15.66  5.98  3.95 15.73 -1.06  3.65 -4.03 -9.83 -4.20  1.23 -3.33 
INFO: cmn.c(133): CMN: 113.61 -9.96  0.47  2.72  2.60  1.40 -2.28 -6.58 -8.66 -9.95 -8.49 -8.30 -5.74 
INFO: cmn.c(133): CMN: 115.31 -7.57 -0.90  1.42  2.39  1.46  5.74  3.89  3.98  4.13  3.32  3.82  8.39 
INFO: cmn.c(133): CMN: 115.22 -9.00 -2.07 -0.95 -3.95 -3.59 -2.56 -2.79 -2.38  2.25  3.67  4.67  3.03 
INFO: cmn.c(133): CMN: 55.08 13.27  8.82 -8.59  2.30 10.11 -0.94 -0.05 -9.28 -9.77 -0.99  4.04  6.12 
INFO: cmn.c(133): CMN: 57.51 10.19 11.47 -4.85  1.50 13.85  2.18  8.63 -8.66 -11.07  2.14 -2.81 -3.14 
INFO: cmn.c(133): CMN: 112.57 -9.02  4.54  1.30 -0.15 -1.52 -2.60 -4.58 -3.09 -6.60 -8.01 -4.83 -2.59 
INFO: cmn.c(133): CMN: 115.83 -9.21 -1.87 -1.92  0.56 -0.88  0.15  0.61  1.53  2.91  1.16  0.06  1.38 
INFO: cmn.c(133): CMN: 115.98 -15.29 -6.06 -4.08  2.56 -1.63 -6.58 -5.40 -0.80  1.34 -0.67  0.91  2.89 
INFO: cmn.c(133): CMN: 67.15  3.79 -21.64 -15.75 -5.63  1.79 -1.66 20.70 -6.15 -10.60 -7.91  8.92  7.11 
INFO: cmn.c(133): CMN: 62.25  4.19 -7.67 -8.32 -5.74 -5.58 -1.88 27.27  1.05 -11.14  2.19 -0.96  2.36 
INFO: cmn.c(133): CMN: 112.66 -10.48  1.95  1.69  3.74  0.96  1.18  0.64 -4.37 -2.75 -3.94 -3.76 -6.08 
INFO: cmn.c(133): CMN: 117.56 -12.87 -3.05 -1.46  4.96 -0.23 -1.36  4.54 -1.73  3.42  0.47  3.70  2.41 
INFO: cmn.c(133): CMN: 115.51 -13.10 -4.38 -3.89  3.26 -3.97 -3.68 -5.72 -5.09 -2.37  1.17  0.55 -1.81 
INFO: cmn.c(133): CMN: 64.63  3.59 -1.58 -3.15 -1.53 10.97 -5.28 -5.88 -5.90 -13.85 -2.87  3.81  2.34 
INFO: cmn.c(133): CMN: 62.24  1.51  1.96 -1.61 -3.76 -0.09 -0.27  9.08  0.12 -6.29  0.92 -1.95  1.36 
INFO: cmn.c(133): CMN: 113.03 -10.09  0.65  0.86  2.61  1.22 -0.61 -4.02 -4.23 -6.18 -10.23 -12.77 -9.46 
INFO: cmn.c(133): CMN: 115.56 -12.40 -0.71 -0.49  1.83 -1.28 -1.56  1.91  2.17  5.83  4.39  2.39  3.25 
INFO: cmn.c(133): CMN: 116.78 -17.39 -5.55  2.79  4.88 -3.82 -2.68 -2.31 -7.71  0.57 -4.69  1.17  4.69 
INFO: cmn.c(133): CMN: 64.63  2.43 -22.35 -16.30 -5.54  4.93 -8.22 12.79 -5.06 -13.64 -2.33  0.67  9.99 
INFO: cmn.c(133): CMN: 64.77  4.56 -9.68 -12.65 -5.58 -1.79 -4.68 17.49  5.16 -10.57  0.83 -5.89  6.74 
INFO: cmn.c(133): CMN: 113.54 -13.80  1.29  0.05  2.01 -1.89 -1.66 -1.01 -7.31 -2.19 -8.23 -4.91 -5.06 
INFO: cmn.c(133): CMN: 116.61 -16.30 -3.61 -5.31  3.84  1.57 -0.01  5.88  3.07  7.07  2.85  0.50  1.71 
INFO: cmn.c(133): CMN: 115.33 -11.48 -1.88 -4.91 -3.52 -3.71 -2.70 -3.61 -6.94 -2.95 -4.51 -4.99 -1.78 
INFO: cmn.c(133): CMN: 64.98  3.27 11.90  2.11 -10.17 16.72 -4.83 -6.39 -8.70 -7.64 -7.54 -0.13 -1.82 
INFO: cmn.c(133): CMN: 56.13  0.34 17.90  3.51  3.66 15.05 -1.72  6.93 -7.33 -13.69 -4.11 -1.80  0.06 
INFO: cmn.c(133): CMN: 112.77 -8.80  2.27  1.91  2.80 -0.54  0.27 -2.13 -4.35 -6.23 -8.77 -9.19 -6.22 
INFO: cmn.c(133): CMN: 114.56 -9.73 -1.16 -1.92  0.01 -0.77  3.76  1.65  4.70  4.09  7.40  5.40  6.71 
INFO: cmn.c(133): CMN: 116.22 -12.64 -4.27 -3.26 -2.83 -5.41  0.54 -1.61 -5.86 -0.05  2.70  5.16  5.14 
INFO: cmn.c(133): CMN: 59.23 11.61  5.37 -11.56  2.95  5.35 -1.22 -13.95 -15.12 -19.56 -4.21 -6.89  6.91 
INFO: cmn.c(133): CMN: 59.27  8.27 15.91 -8.67  2.18  7.50 -3.89 -0.99 -11.65 -20.15 -1.81 -4.53  1.24 
INFO: cmn.c(133): CMN: 112.93 -9.12 -0.27  2.06  4.15  4.00  1.38 -3.82 -8.04 -9.21 -9.82 -8.40 -5.39 
INFO: cmn.c(133): CMN: 116.01 -13.08 -4.83 -0.02  0.55 -1.04  2.53  2.14  4.71 10.04  5.89  5.99  3.13 
INFO: cmn.c(133): CMN: 115.98 -15.19 -4.10 -4.64  1.13 -0.20 -6.23 -10.54 -0.71 -1.23 -2.06  2.62 -0.19 
INFO: cmn.c(133): CMN: 64.92  8.86 -20.08 -9.73 -8.77  3.10 -1.90  5.66  1.87 -13.94 -7.50 -3.57  0.17 
INFO: cmn.c(133): CMN: 63.18  7.18 -4.43 -6.86 -5.51  1.26 -0.82 12.50  0.01 -6.46 -0.70 -1.46 -0.58 
INFO: cmn.c(133): CMN: 113.74 -11.81  2.52  2.88  3.64  2.76 -1.66 -4.55 -6.30 -6.95 -12.29 -16.44 -15.15 
INFO: cmn.c(133): CMN: 115.00 -12.71 -2.81  0.01  1.67 -0.39  0.53 -2.47  3.99  4.14  4.59  4.37  3.61 
[400] INFO: cmn.c(133): CMN: 115.73 -12.08 -2.79 -3.42 -0.96  2.54 -6.28 -4.13 -4.58 -0.10 -1.11  4.47  7.90 
INFO: cmn.c(133): CMN: 68.68  7.82 -16.19 -8.21 -10.94 -3.21 -5.63  9.61  5.26 -10.27 -6.95  5.67  1.75 
INFO: cmn.c(133): CMN: 62.08  5.73  1.54 -2.13 -3.46 -0.49 -1.65 10.81 -0.27 -11.41  0.14 -1.20 -1.68 
INFO: cmn.c(133): CMN: 113.24 -9.38  0.54  1.19  3.17  1.33 -3.22 -6.85 -6.38 -9.34 -12.76 -15.96 -13.64 
INFO: cmn.c(133): CMN: 115.44 -13.15 -1.74 -0.96  5.94  2.49 -0.05 -0.90  4.20  5.68  7.10  6.74  4.18 
INFO: cmn.c(133): CMN: 115.89 -15.01 -4.91 -2.18 -0.53  4.87 -0.44 -1.77  1.14  1.72  1.61  0.50  3.79 
INFO: cmn.c(133): CMN: 68.50  7.95 -10.87 -19.96 -2.41 -0.28 -8.20 -0.31 -8.94 -6.35  2.40  2.55  3.20 
INFO: cmn.c(133): CMN: 64.64  9.33 -1.87 -13.25 -1.02  2.56 -7.70  6.23 -0.76 -6.96  4.38 -4.66 -3.90 
INFO: cmn.c(133): CMN: 114.05 -11.03 -0.15  1.20  1.45  0.05  1.01 -2.17 -2.65 -9.21 -9.09 -10.27 -8.15 
INFO: cmn.c(133): CMN: 115.61 -12.96 -1.54 -1.89  2.94  0.72 -2.78 -0.83  5.54  5.47  5.86  2.95  2.98 
INFO: cmn.c(133): CMN: 115.94 -15.16 -3.07 -2.30 -2.42  0.97 -3.91 -6.32 -0.49 -2.79 -1.88 -1.93 -1.29 
INFO: cmn.c(133): CMN: 67.52  8.66 -18.34 -8.80 -2.19  0.16 -8.47  6.97  3.86 -5.52 -11.37  5.41 11.58 
INFO: cmn.c(133): CMN: 61.73  7.97 -0.15 -3.94  4.59  6.50 -7.88  9.52 -5.09 -9.24 -5.66 -0.01 -1.02 
INFO: cmn.c(133): CMN: 114.68 -8.95 -0.36 -0.00  1.44 -2.12 -1.64 -5.00 -6.94 -9.37 -9.88 -9.91 -5.38 
INFO: cmn.c(133): CMN: 115.96 -13.58 -1.47  0.26  3.56  3.38  1.84  0.99  1.69  2.07  2.06  0.48  0.06 
INFO: cmn.c(133): CMN: 115.39 -13.93 -3.87 -3.02 -0.52 -3.09 -4.71 -2.90 -2.32 -0.93  5.92  6.56  9.09 
INFO: cmn.c(133): CMN: 63.71  9.64 -7.43 -2.54 -0.27  4.60 -4.82 -6.26 -7.10  0.85  3.64  6.20  8.26 
INFO: cmn.c(133): CMN: 59.05  6.60  2.77  0.27  7.95  6.37 -5.52  4.76 -4.59 -9.81 -1.69 -2.31 -1.28 
INFO: cmn.c(133): CMN: 113.21 -10.54 -0.61  0.16 -0.21 -2.78 -7.33 -12.18 -12.38 -14.99 -14.53 -7.27  2.83 
INFO: cmn.c(133): CMN: 116.20 -13.90 -0.55  0.33  3.16  2.75  2.88  2.65 -0.29  2.03 -3.90 -5.63 -4.18 
INFO: cmn.c(133): CMN: 116.52 -9.71  0.52 -0.41  1.06 -1.56 -2.94 -2.36 -6.53 -3.79 -0.54 -4.17 -0.62 
INFO: cmn.c(133): CMN: 59.50 -3.17 20.06 14.08 -9.56 12.32 -1.69  1.46 -4.90 -3.03 -1.00 -0.46  4.32 
INFO: cmn.c(133): CMN: 55.06 -3.33 19.61  7.26  1.59  8.17  8.10  7.63 -12.15 -5.59 -2.24 -6.36 -0.61 
INFO: cmn.c(133): CMN: 113.03 -8.27  3.72  0.41  1.85 -0.52 -2.00 -2.04 -3.59 -3.57 -5.78 -5.37 -2.98 
INFO: cmn.c(133): CMN: 116.99 -11.22 -0.37 -3.16 -0.26 -0.93  7.20  5.45  4.27  6.85  4.36  6.01  9.88 
INFO: cmn.c(133): CMN: 116.26 -13.59 -3.28 -3.23  0.64 -1.13 -1.60 -2.03 -1.85 -2.55  4.62  0.95  3.27 
INFO: cmn.c(133): CMN: 63.33 -4.20  1.88 12.59 -24.92 -2.49  5.52 -10.05 -18.22  6.70 -4.05  0.96 11.37 
INFO: cmn.c(133): CMN: 59.32 -2.40 12.49  5.36 -6.27 -1.25  7.91  6.43 -15.44 -1.41 -7.19 -7.76  6.48 
INFO: cmn.c(133): CMN: 112.69 -9.90  3.63  1.09  2.11  0.28 -3.17 -7.18 -5.30 -5.19 -9.89 -13.35 -8.08 
INFO: cmn.c(133): CMN: 115.70 -13.15 -1.83 -5.08  0.53  0.35  2.50  1.69  4.98  2.95  9.37  7.82  8.39 
INFO: cmn.c(133): CMN: 115.24 -11.22 -1.10 -4.75 -2.87 -0.90 -1.48 -1.80 -2.85 -0.89  3.38  9.76  4.57 
INFO: cmn.c(133): CMN: 69.13  4.78  4.67 12.25 -13.59 -1.06 -4.01 -4.77 -12.69 -5.88  0.35 -0.40  6.73 
INFO: cmn.c(133): CMN: 60.93  0.42 14.78  1.87  2.77  4.25  0.91  8.34 -1.94 -9.08 -2.71 -6.29  2.05 
INFO: cmn.c(133): CMN: 113.66 -8.55  1.52  4.47  5.18  3.77  0.44 -6.12 -5.93 -10.42 -13.62 -13.82 -9.07 
INFO: cmn.c(133): CMN: 114.68 -10.24 -0.40  0.19  4.35  1.24  5.26  5.58  3.79  5.53  8.99  9.07  9.93 
INFO: cmn.c(133): CMN: 115.55 -11.69 -1.00 -2.44 -2.18 -3.52 -2.57 -3.02 -4.39 -2.98  3.33  3.27  1.51 
INFO: cmn.c(133): CMN: 62.83 -3.49 14.24 11.11 -10.76 26.84 -6.38  3.43 -10.37 -0.12  5.18  6.33  8.87 
INFO: cmn.c(133): CMN: 58.53  2.32 28.17  9.46 -1.71 16.71  0.49  1.19 -10.55 -8.35 -5.84 -7.54 -5.50 
INFO: cmn.c(133): CMN: 113.61 -9.62  0.76  5.30  4.14  0.67 -5.18 -7.13 -5.05 -10.38 -12.20 -0.41  0.26 
INFO: cmn.c(133): CMN: 114.51 -11.70 -0.42 -1.43  5.72  2.62  5.89  1.65  6.22  4.62  2.69  2.28 -1.75 
INFO: cmn.c(133): CMN: 114.57 -11.72 -5.25 -4.87  1.26 -5.49 -2.64 -1.27 -3.52 -2.92 -0.15  2.98  5.80 
INFO: cmn.c(133): CMN: 63.92  9.03 -23.12 -15.44 -0.34 12.69 -0.46  8.81 -2.33 -9.44 -6.92 -0.86  4.57 
INFO: cmn.c(133): CMN: 60.49  9.07 -4.66 -12.72 -2.69  5.34 -3.65 14.90  0.50 -6.18  2.16 -8.21  0.55 
INFO: cmn.c(133): CMN: 113.92 -11.64 -0.70  3.85  6.97  0.80  1.88  1.79 -2.41 -4.20 -9.48 -11.01 -8.12 
INFO: cmn.c(133): CMN: 116.30 -12.07 -3.10  1.62  1.71 -2.45 -0.45  5.75  5.98  2.79  4.77  7.93  3.08 
INFO: s3gau_io.c(485): Wrote /media/abir/Workplace/Thesis/bangla-words/bwaccumdir/bangla_buff_1/gauden_counts with vars (2pass) [1x1x1 vector arrays]
Thu Jan 21 18:26:08 2021
